<?xml version="1.0" encoding="UTF-8"?>
<robot generator="Robot 7.1.1 (Python 3.12.3 on linux)" generated="2025-01-31T01:15:59.247429" rpa="false" schemaversion="5">
<suite id="s1" name="Tests" source="/home/laisdev/Documentos/robotframework/TestMagazineLuiza/suites/tests/tests.robot">
<test id="s1-t1" name="Cenário 01: Fazer Login com Credenciais Válidas" line="17">
<kw name="Abrir navegador" owner="resource" type="SETUP">
<kw name="Open Browser" owner="SeleniumLibrary">
<msg time="2025-01-31T01:15:59.381237" level="INFO">Opening browser 'chrome' to base url 'None'.</msg>
<arg>browser=${BROWSER}</arg>
<doc>Opens a new browser instance to the optional ``url``.</doc>
<status status="PASS" start="2025-01-31T01:15:59.381054" elapsed="0.500014"/>
</kw>
<kw name="Maximize Browser Window" owner="SeleniumLibrary">
<doc>Maximizes current browser window.</doc>
<status status="PASS" start="2025-01-31T01:15:59.881270" elapsed="0.026395"/>
</kw>
<kw name="Log" owner="BuiltIn">
<msg time="2025-01-31T01:15:59.908151" level="INFO">Navegador aberto com sucesso.</msg>
<arg>Navegador aberto com sucesso.</arg>
<doc>Logs the given message with the given level.</doc>
<status status="PASS" start="2025-01-31T01:15:59.907940" elapsed="0.000261"/>
</kw>
<status status="PASS" start="2025-01-31T01:15:59.380408" elapsed="0.527873"/>
</kw>
<kw name="Dado que o usuário está na página inicial da Magazine Luiza" owner="Home">
<kw name="Acessar página inicial do site Magazine Luiza" owner="Home">
<kw name="Go To" owner="SeleniumLibrary">
<msg time="2025-01-31T01:15:59.909456" level="INFO">Opening url 'https://www.magazineluiza.com.br'</msg>
<arg>${HOME_URL}</arg>
<doc>Navigates the current browser window to the provided ``url``.</doc>
<status status="PASS" start="2025-01-31T01:15:59.909264" elapsed="2.892795"/>
</kw>
<kw name="Log" owner="BuiltIn">
<msg time="2025-01-31T01:16:02.802341" level="INFO">Acessando a página inicial do site Magazine Luiza</msg>
<arg>Acessando a página inicial do site Magazine Luiza</arg>
<doc>Logs the given message with the given level.</doc>
<status status="PASS" start="2025-01-31T01:16:02.802236" elapsed="0.000139"/>
</kw>
<status status="PASS" start="2025-01-31T01:15:59.908969" elapsed="2.893462"/>
</kw>
<kw name="Verificar se o header da pagina é ${HOME_HEADER}" owner="Home" source_name="Verificar se o header da pagina é ${HOME_HEADER}">
<kw name="Wait Until Page Contains Element" owner="SeleniumLibrary">
<arg>//title[@data-testid='link-0'][contains(.,'${HOME_HEADER}')]</arg>
<doc>Waits until the element ``locator`` appears on the current page.</doc>
<status status="PASS" start="2025-01-31T01:16:02.802843" elapsed="0.041503"/>
</kw>
<kw name="Log" owner="BuiltIn">
<msg time="2025-01-31T01:16:02.844694" level="INFO">Header da página é Magazine Luiza | Pra você é Magalu!</msg>
<arg>Header da página é ${HOME_HEADER}</arg>
<doc>Logs the given message with the given level.</doc>
<status status="PASS" start="2025-01-31T01:16:02.844532" elapsed="0.000200"/>
</kw>
<status status="PASS" start="2025-01-31T01:16:02.802583" elapsed="0.042202"/>
</kw>
<status status="PASS" start="2025-01-31T01:15:59.908600" elapsed="2.936227"/>
</kw>
<kw name="Quando ele acessa a página de login" owner="Login">
<kw name="Wait Until Element Is Enabled" owner="SeleniumLibrary">
<arg>//a[contains(.,'Entre ou cadastre-se')]</arg>
<arg>timeout=${TIMEOUT}</arg>
<doc>Waits until the element ``locator`` is enabled.</doc>
<status status="PASS" start="2025-01-31T01:16:02.845171" elapsed="0.032938"/>
</kw>
<kw name="Sleep" owner="BuiltIn">
<msg time="2025-01-31T01:16:05.878910" level="INFO">Slept 3 seconds.</msg>
<arg>${TIMEOUT_SLEEP}</arg>
<doc>Pauses the test executed for the given time.</doc>
<status status="PASS" start="2025-01-31T01:16:02.878282" elapsed="3.000814"/>
</kw>
<kw name="Click Element" owner="SeleniumLibrary">
<msg time="2025-01-31T01:16:05.879715" level="INFO">Clicking element '//a[contains(.,'Entre ou cadastre-se')]'.</msg>
<arg>//a[contains(.,'Entre ou cadastre-se')]</arg>
<doc>Click the element identified by ``locator``.</doc>
<status status="PASS" start="2025-01-31T01:16:05.879463" elapsed="3.237838"/>
</kw>
<kw name="Wait Until Page Contains Element" owner="SeleniumLibrary">
<arg>//div[@class='LoginPage-title'][contains(.,'Identificação')]</arg>
<arg>timeout=${TIMEOUT}</arg>
<doc>Waits until the element ``locator`` appears on the current page.</doc>
<status status="PASS" start="2025-01-31T01:16:09.117609" elapsed="0.023443"/>
</kw>
<status status="PASS" start="2025-01-31T01:16:02.844997" elapsed="6.296201"/>
</kw>
<kw name="E insere credenciais válidas" owner="Login">
<kw name="Input Text" owner="SeleniumLibrary">
<msg time="2025-01-31T01:16:09.142820" level="INFO">Typing text 'laiscc575@gmail.com' into text field '//input[contains(@autocomplete,'username')]'.</msg>
<arg>//input[contains(@autocomplete,'username')]</arg>
<arg>${CREDENTIALS.email}</arg>
<doc>Types the given ``text`` into the text field identified by ``locator``.</doc>
<status status="PASS" start="2025-01-31T01:16:09.142059" elapsed="0.280526"/>
</kw>
<kw name="Input Text" owner="SeleniumLibrary">
<msg time="2025-01-31T01:16:09.423217" level="INFO">Typing text 'julho2005' into text field '//input[contains(@type,'password')]'.</msg>
<arg>//input[contains(@type,'password')]</arg>
<arg>${CREDENTIALS.senha}</arg>
<doc>Types the given ``text`` into the text field identified by ``locator``.</doc>
<status status="PASS" start="2025-01-31T01:16:09.422763" elapsed="0.107938"/>
</kw>
<kw name="Click Element" owner="SeleniumLibrary">
<msg time="2025-01-31T01:16:09.531083" level="INFO">Clicking element '//button[contains(@id,'login-box-form-continue')]'.</msg>
<arg>//button[contains(@id,'login-box-form-continue')]</arg>
<doc>Click the element identified by ``locator``.</doc>
<status status="PASS" start="2025-01-31T01:16:09.530906" elapsed="0.359404"/>
</kw>
<kw name="Sleep" owner="BuiltIn">
<msg time="2025-01-31T01:16:12.891232" level="INFO">Slept 3 seconds.</msg>
<arg>${TIMEOUT_SLEEP}</arg>
<doc>Pauses the test executed for the given time.</doc>
<status status="PASS" start="2025-01-31T01:16:09.890709" elapsed="3.000623"/>
</kw>
<kw name="Wait Until Page Contains Element" owner="SeleniumLibrary">
<arg>${LOGIN_VERIFICATION_SUCESS}</arg>
<arg>timeout=${TIMEOUT}</arg>
<doc>Waits until the element ``locator`` appears on the current page.</doc>
<status status="PASS" start="2025-01-31T01:16:12.891510" elapsed="3.215132"/>
</kw>
<arg>email=${EMAIL}</arg>
<arg>senha=${PASSWORD}</arg>
<status status="PASS" start="2025-01-31T01:16:09.141498" elapsed="6.965239"/>
</kw>
<kw name="Então o login deve ser realizado com sucesso" owner="Login">
<kw name="Wait Until Page Contains Element" owner="SeleniumLibrary">
<arg>${LOGIN_VERIFICATION_SUCESS}</arg>
<arg>timeout=${TIMEOUT}</arg>
<doc>Waits until the element ``locator`` appears on the current page.</doc>
<status status="PASS" start="2025-01-31T01:16:16.107147" elapsed="0.026640"/>
</kw>
<status status="PASS" start="2025-01-31T01:16:16.106943" elapsed="0.026949"/>
</kw>
<kw name="Fechar navegador" owner="resource" type="TEARDOWN">
<kw name="Close Browser" owner="SeleniumLibrary">
<doc>Closes the current browser.</doc>
<status status="PASS" start="2025-01-31T01:16:16.134538" elapsed="0.097611"/>
</kw>
<kw name="Log" owner="BuiltIn">
<msg time="2025-01-31T01:16:16.232557" level="INFO">Navegador fechado com sucesso.</msg>
<arg>Navegador fechado com sucesso.</arg>
<doc>Logs the given message with the given level.</doc>
<status status="PASS" start="2025-01-31T01:16:16.232407" elapsed="0.000237"/>
</kw>
<status status="PASS" start="2025-01-31T01:16:16.134283" elapsed="0.098512"/>
</kw>
<doc>Este cenário valida o login no site com credenciais válidas.
Ele garante que o sistema permita o acesso somente a usuários autenticados corretamente.</doc>
<tag>Login</tag>
<tag>LoginWithValidCredentials</tag>
<tag>sc01</tag>
<status status="PASS" start="2025-01-31T01:15:59.379608" elapsed="16.853349"/>
</test>
<test id="s1-t2" name="Cenário 02: Tratar CEP Inválido" line="26">
<kw name="Abrir navegador" owner="resource" type="SETUP">
<kw name="Open Browser" owner="SeleniumLibrary">
<msg time="2025-01-31T01:16:16.234752" level="INFO">Opening browser 'chrome' to base url 'None'.</msg>
<arg>browser=${BROWSER}</arg>
<doc>Opens a new browser instance to the optional ``url``.</doc>
<status status="PASS" start="2025-01-31T01:16:16.234429" elapsed="0.542427"/>
</kw>
<kw name="Maximize Browser Window" owner="SeleniumLibrary">
<doc>Maximizes current browser window.</doc>
<status status="PASS" start="2025-01-31T01:16:16.777038" elapsed="0.029193"/>
</kw>
<kw name="Log" owner="BuiltIn">
<msg time="2025-01-31T01:16:16.806625" level="INFO">Navegador aberto com sucesso.</msg>
<arg>Navegador aberto com sucesso.</arg>
<doc>Logs the given message with the given level.</doc>
<status status="PASS" start="2025-01-31T01:16:16.806441" elapsed="0.000222"/>
</kw>
<status status="PASS" start="2025-01-31T01:16:16.234185" elapsed="0.572539"/>
</kw>
<kw name="Dado que o usuário está na página inicial da Magazine Luiza" owner="Home">
<kw name="Acessar página inicial do site Magazine Luiza" owner="Home">
<kw name="Go To" owner="SeleniumLibrary">
<msg time="2025-01-31T01:16:16.807626" level="INFO">Opening url 'https://www.magazineluiza.com.br'</msg>
<arg>${HOME_URL}</arg>
<doc>Navigates the current browser window to the provided ``url``.</doc>
<status status="PASS" start="2025-01-31T01:16:16.807485" elapsed="2.792672"/>
</kw>
<kw name="Log" owner="BuiltIn">
<msg time="2025-01-31T01:16:19.600678" level="INFO">Acessando a página inicial do site Magazine Luiza</msg>
<arg>Acessando a página inicial do site Magazine Luiza</arg>
<doc>Logs the given message with the given level.</doc>
<status status="PASS" start="2025-01-31T01:16:19.600450" elapsed="0.000318"/>
</kw>
<status status="PASS" start="2025-01-31T01:16:16.807226" elapsed="2.793680"/>
</kw>
<kw name="Verificar se o header da pagina é ${HOME_HEADER}" owner="Home" source_name="Verificar se o header da pagina é ${HOME_HEADER}">
<kw name="Wait Until Page Contains Element" owner="SeleniumLibrary">
<arg>//title[@data-testid='link-0'][contains(.,'${HOME_HEADER}')]</arg>
<doc>Waits until the element ``locator`` appears on the current page.</doc>
<status status="PASS" start="2025-01-31T01:16:19.601385" elapsed="0.037234"/>
</kw>
<kw name="Log" owner="BuiltIn">
<msg time="2025-01-31T01:16:19.638998" level="INFO">Header da página é Magazine Luiza | Pra você é Magalu!</msg>
<arg>Header da página é ${HOME_HEADER}</arg>
<doc>Logs the given message with the given level.</doc>
<status status="PASS" start="2025-01-31T01:16:19.638848" elapsed="0.000184"/>
</kw>
<status status="PASS" start="2025-01-31T01:16:19.601140" elapsed="0.037945"/>
</kw>
<status status="PASS" start="2025-01-31T01:16:16.806937" elapsed="2.832190"/>
</kw>
<kw name="Quando ele abre o pop-up de CEP" owner="Delivery">
<kw name="Click Element" owner="SeleniumLibrary">
<msg time="2025-01-31T01:16:19.639622" level="INFO">Clicking element '//div[@class='sc-fqkvVR fbyvQm sc-dOvA-dm jXTXEE'][contains(., 'Ver ofertas para minha região')]'.</msg>
<arg>//div[@class='sc-fqkvVR fbyvQm sc-dOvA-dm jXTXEE'][contains(., 'Ver ofertas para minha região')]</arg>
<doc>Click the element identified by ``locator``.</doc>
<status status="PASS" start="2025-01-31T01:16:19.639488" elapsed="0.199817"/>
</kw>
<kw name="Wait Until Page Contains Element" owner="SeleniumLibrary">
<arg>//p[@data-testid='zipcode-title'][contains(.,'Qual a sua localização?')]</arg>
<arg>timeout=${TIMEOUT}</arg>
<doc>Waits until the element ``locator`` appears on the current page.</doc>
<status status="PASS" start="2025-01-31T01:16:19.839598" elapsed="0.013422"/>
</kw>
<status status="PASS" start="2025-01-31T01:16:19.639298" elapsed="0.213829"/>
</kw>
<kw name="E insere um CEP inválido" owner="Delivery">
<kw name="Clear Element Text" owner="SeleniumLibrary">
<arg>//input[contains(@name,'zipcode')]</arg>
<doc>Clears the value of the text-input-element identified by ``locator``.</doc>
<status status="PASS" start="2025-01-31T01:16:19.853625" elapsed="0.053423"/>
</kw>
<kw name="Input Text" owner="SeleniumLibrary">
<msg time="2025-01-31T01:16:19.907412" level="INFO">Typing text '00000000' into text field '//input[contains(@name,'zipcode')]'.</msg>
<arg>//input[contains(@name,'zipcode')]</arg>
<arg>${CEP}</arg>
<doc>Types the given ``text`` into the text field identified by ``locator``.</doc>
<status status="PASS" start="2025-01-31T01:16:19.907237" elapsed="0.101394"/>
</kw>
<kw name="Wait Until Page Contains Element" owner="SeleniumLibrary">
<arg>//label[@data-testid='zipcode-label'][contains(.,'CEP não encontrado')]</arg>
<arg>timeout=${TIMEOUT}</arg>
<doc>Waits until the element ``locator`` appears on the current page.</doc>
<status status="PASS" start="2025-01-31T01:16:20.008918" elapsed="0.436398"/>
</kw>
<arg>00000000</arg>
<status status="PASS" start="2025-01-31T01:16:19.853354" elapsed="0.592082"/>
</kw>
<kw name="Então o sistema deve exibir uma mensagem de erro indicando que o CEP é inválido" owner="Delivery">
<kw name="Wait Until Page Contains Element" owner="SeleniumLibrary">
<arg>//label[@data-testid='zipcode-label'][contains(.,'CEP não encontrado')]</arg>
<arg>timeout=${TIMEOUT}</arg>
<doc>Waits until the element ``locator`` appears on the current page.</doc>
<status status="PASS" start="2025-01-31T01:16:20.445887" elapsed="0.008290"/>
</kw>
<status status="PASS" start="2025-01-31T01:16:20.445671" elapsed="0.008600"/>
</kw>
<kw name="Fechar navegador" owner="resource" type="TEARDOWN">
<kw name="Close Browser" owner="SeleniumLibrary">
<doc>Closes the current browser.</doc>
<status status="PASS" start="2025-01-31T01:16:20.454832" elapsed="0.076429"/>
</kw>
<kw name="Log" owner="BuiltIn">
<msg time="2025-01-31T01:16:20.531982" level="INFO">Navegador fechado com sucesso.</msg>
<arg>Navegador fechado com sucesso.</arg>
<doc>Logs the given message with the given level.</doc>
<status status="PASS" start="2025-01-31T01:16:20.531797" elapsed="0.000237"/>
</kw>
<status status="PASS" start="2025-01-31T01:16:20.454581" elapsed="0.077531"/>
</kw>
<doc>Este cenário valida o comportamento do sistema ao receber um CEP inválido.
Ele garante que o sistema exiba mensagens claras e não prossiga com CEPs incorretos.</doc>
<tag>Delivery</tag>
<tag>InvalidCEP</tag>
<tag>sc02</tag>
<status status="PASS" start="2025-01-31T01:16:16.233500" elapsed="4.298717"/>
</test>
<test id="s1-t3" name="Cenário 03: Verificar Opção de Retirada na Loja" line="35">
<kw name="Abrir navegador" owner="resource" type="SETUP">
<kw name="Open Browser" owner="SeleniumLibrary">
<msg time="2025-01-31T01:16:20.533666" level="INFO">Opening browser 'chrome' to base url 'None'.</msg>
<arg>browser=${BROWSER}</arg>
<doc>Opens a new browser instance to the optional ``url``.</doc>
<status status="PASS" start="2025-01-31T01:16:20.533500" elapsed="0.498799"/>
</kw>
<kw name="Maximize Browser Window" owner="SeleniumLibrary">
<doc>Maximizes current browser window.</doc>
<status status="PASS" start="2025-01-31T01:16:21.032484" elapsed="0.032855"/>
</kw>
<kw name="Log" owner="BuiltIn">
<msg time="2025-01-31T01:16:21.065915" level="INFO">Navegador aberto com sucesso.</msg>
<arg>Navegador aberto com sucesso.</arg>
<doc>Logs the given message with the given level.</doc>
<status status="PASS" start="2025-01-31T01:16:21.065700" elapsed="0.000276"/>
</kw>
<status status="PASS" start="2025-01-31T01:16:20.533239" elapsed="0.532835"/>
</kw>
<kw name="Dado que o usuário está na página inicial da Magazine Luiza" owner="Home">
<kw name="Acessar página inicial do site Magazine Luiza" owner="Home">
<kw name="Go To" owner="SeleniumLibrary">
<msg time="2025-01-31T01:16:21.067425" level="INFO">Opening url 'https://www.magazineluiza.com.br'</msg>
<arg>${HOME_URL}</arg>
<doc>Navigates the current browser window to the provided ``url``.</doc>
<status status="PASS" start="2025-01-31T01:16:21.067235" elapsed="2.901669"/>
</kw>
<kw name="Log" owner="BuiltIn">
<msg time="2025-01-31T01:16:23.969300" level="INFO">Acessando a página inicial do site Magazine Luiza</msg>
<arg>Acessando a página inicial do site Magazine Luiza</arg>
<doc>Logs the given message with the given level.</doc>
<status status="PASS" start="2025-01-31T01:16:23.969127" elapsed="0.000231"/>
</kw>
<status status="PASS" start="2025-01-31T01:16:21.066883" elapsed="2.902642"/>
</kw>
<kw name="Verificar se o header da pagina é ${HOME_HEADER}" owner="Home" source_name="Verificar se o header da pagina é ${HOME_HEADER}">
<kw name="Wait Until Page Contains Element" owner="SeleniumLibrary">
<arg>//title[@data-testid='link-0'][contains(.,'${HOME_HEADER}')]</arg>
<doc>Waits until the element ``locator`` appears on the current page.</doc>
<status status="PASS" start="2025-01-31T01:16:23.970086" elapsed="0.037106"/>
</kw>
<kw name="Log" owner="BuiltIn">
<msg time="2025-01-31T01:16:24.007611" level="INFO">Header da página é Magazine Luiza | Pra você é Magalu!</msg>
<arg>Header da página é ${HOME_HEADER}</arg>
<doc>Logs the given message with the given level.</doc>
<status status="PASS" start="2025-01-31T01:16:24.007401" elapsed="0.000263"/>
</kw>
<status status="PASS" start="2025-01-31T01:16:23.969750" elapsed="0.038001"/>
</kw>
<status status="PASS" start="2025-01-31T01:16:21.066428" elapsed="2.941382"/>
</kw>
<kw name="Quando ele busca pelo produto &quot;Notebook&quot;" owner="Home" source_name="Quando ele busca pelo produto &quot;${SEARCH_NAME}&quot;">
<kw name="Digitar nome &quot;${SEARCH_NAME}&quot; no campo de busca" owner="resource" source_name="Digitar nome &quot;${SEARCH_NAME}&quot; no campo de ${WHERE}">
<if>
<branch type="IF" condition="$WHERE == 'busca'">
<kw name="Log" owner="BuiltIn">
<msg time="2025-01-31T01:16:24.009639" level="INFO">Digitar nome "Notebook" no campo de busca</msg>
<arg>Digitar nome "${SEARCH_NAME}" no campo de busca</arg>
<doc>Logs the given message with the given level.</doc>
<status status="PASS" start="2025-01-31T01:16:24.009398" elapsed="0.000303"/>
</kw>
<kw name="Input Text" owner="SeleniumLibrary">
<msg time="2025-01-31T01:16:24.010175" level="INFO">Typing text 'Notebook' into text field '//input[contains(@type,'search')]'.</msg>
<arg>locator=${SEARCH_TEXT}</arg>
<arg>text=${SEARCH_NAME}</arg>
<doc>Types the given ``text`` into the text field identified by ``locator``.</doc>
<status status="PASS" start="2025-01-31T01:16:24.009883" elapsed="0.271768"/>
</kw>
<status status="PASS" start="2025-01-31T01:16:24.009012" elapsed="0.272711"/>
</branch>
<branch type="ELSE IF" condition="$WHERE == 'filtro'">
<kw name="Log" owner="BuiltIn">
<arg>Digitar nome "${SEARCH_NAME}" no campo de filtro</arg>
<doc>Logs the given message with the given level.</doc>
<status status="NOT RUN" start="2025-01-31T01:16:24.281925" elapsed="0.000022"/>
</kw>
<kw name="Input Text" owner="SeleniumLibrary">
<arg>locator=${SEARCH_FILTER}</arg>
<arg>text=${SEARCH_NAME}</arg>
<doc>Types the given ``text`` into the text field identified by ``locator``.</doc>
<status status="NOT RUN" start="2025-01-31T01:16:24.282024" elapsed="0.000018"/>
</kw>
<status status="NOT RUN" start="2025-01-31T01:16:24.281785" elapsed="0.000283"/>
</branch>
<status status="PASS" start="2025-01-31T01:16:24.008967" elapsed="0.273126"/>
</if>
<status status="PASS" start="2025-01-31T01:16:24.008626" elapsed="0.273523"/>
</kw>
<kw name="Clicar no botao de busca" owner="Home" source_name="Clicar no botao de ${WHERE}">
<kw name="Run Keyword And Return Status" owner="BuiltIn">
<kw name="Element Should Be Visible" owner="SeleniumLibrary">
<msg time="2025-01-31T01:16:24.283339" level="FAIL">Variable '${SEARCH_BUTTON}' not found. Did you mean:
    ${SEARCH_BUTTON_TEXT}</msg>
<arg>${SEARCH_BUTTON}</arg>
<doc>Verifies that the element identified by ``locator`` is visible.</doc>
<status status="FAIL" start="2025-01-31T01:16:24.282683" elapsed="0.000702">Variable '${SEARCH_BUTTON}' not found. Did you mean:
    ${SEARCH_BUTTON_TEXT}</status>
</kw>
<msg time="2025-01-31T01:16:24.283487" level="INFO">${SEARCH_IS_VISIBLE} = False</msg>
<var>${SEARCH_IS_VISIBLE}</var>
<arg>Element Should Be Visible</arg>
<arg>${SEARCH_BUTTON}</arg>
<doc>Runs the given keyword with given arguments and returns the status as a Boolean value.</doc>
<status status="PASS" start="2025-01-31T01:16:24.282556" elapsed="0.000950"/>
</kw>
<if>
<branch type="IF" condition="${SEARCH_IS_VISIBLE}">
<kw name="Log" owner="BuiltIn">
<arg>Botão de pesquisa encontrado. Clicando no botão.</arg>
<doc>Logs the given message with the given level.</doc>
<status status="NOT RUN" start="2025-01-31T01:16:24.283760" elapsed="0.000021"/>
</kw>
<kw name="Click Element" owner="SeleniumLibrary">
<arg>${SEARCH_BUTTON}</arg>
<doc>Click the element identified by ``locator``.</doc>
<status status="NOT RUN" start="2025-01-31T01:16:24.283859" elapsed="0.000017"/>
</kw>
<status status="NOT RUN" start="2025-01-31T01:16:24.283605" elapsed="0.000295"/>
</branch>
<branch type="ELSE">
<kw name="Log" owner="BuiltIn">
<msg time="2025-01-31T01:16:24.284083" level="INFO">Botão de pesquisa não encontrado. Pressionando Enter.</msg>
<arg>Botão de pesquisa não encontrado. Pressionando Enter.</arg>
<doc>Logs the given message with the given level.</doc>
<status status="PASS" start="2025-01-31T01:16:24.283991" elapsed="0.000128"/>
</kw>
<kw name="Press Keys" owner="SeleniumLibrary">
<msg time="2025-01-31T01:16:24.284437" level="INFO">Sending key(s) ('RETURN',) to page.</msg>
<msg time="2025-01-31T01:16:24.284506" level="INFO">Pressing special key RETURN to browser.</msg>
<msg time="2025-01-31T01:16:24.284540" level="INFO">Releasing special key RETURN.</msg>
<arg>NONE</arg>
<arg>RETURN</arg>
<doc>Simulates the user pressing key(s) to an element or on the active browser.</doc>
<status status="PASS" start="2025-01-31T01:16:24.284196" elapsed="0.097918"/>
</kw>
<status status="PASS" start="2025-01-31T01:16:24.283925" elapsed="0.098311"/>
</branch>
<status status="PASS" start="2025-01-31T01:16:24.283581" elapsed="0.098720"/>
</if>
<status status="PASS" start="2025-01-31T01:16:24.282340" elapsed="0.100048"/>
</kw>
<status status="PASS" start="2025-01-31T01:16:24.008101" elapsed="0.374328"/>
</kw>
<kw name="E o usuário está logado no sistema" owner="Login">
<kw name="Run Keyword And Return Status" owner="BuiltIn">
<kw name="Element Should Be Visible" owner="SeleniumLibrary">
<msg time="2025-01-31T01:16:24.384074" level="FAIL">Variable '${LOGIN_VERIFICATION_SUCCESS}' not found. Did you mean:
    ${LOGIN_VERIFICATION_SUCESS}</msg>
<arg>${LOGIN_VERIFICATION_SUCCESS}</arg>
<doc>Verifies that the element identified by ``locator`` is visible.</doc>
<status status="FAIL" start="2025-01-31T01:16:24.383493" elapsed="0.000618">Variable '${LOGIN_VERIFICATION_SUCCESS}' not found. Did you mean:
    ${LOGIN_VERIFICATION_SUCESS}</status>
</kw>
<msg time="2025-01-31T01:16:24.384205" level="INFO">${SUCCESS} = False</msg>
<var>${SUCCESS}</var>
<arg>Element Should Be Visible</arg>
<arg>${LOGIN_VERIFICATION_SUCCESS}</arg>
<doc>Runs the given keyword with given arguments and returns the status as a Boolean value.</doc>
<status status="PASS" start="2025-01-31T01:16:24.383293" elapsed="0.000930"/>
</kw>
<kw name="Run Keyword And Return Status" owner="BuiltIn">
<kw name="Element Should Be Visible" owner="SeleniumLibrary">
<msg time="2025-01-31T01:16:24.410220" level="INFO">Element '(//div[contains(.,'Bem-vindo :)Entre ou cadastre-se')])[7]' is displayed.</msg>
<arg>(//div[contains(.,'Bem-vindo :)Entre ou cadastre-se')])[7]</arg>
<doc>Verifies that the element identified by ``locator`` is visible.</doc>
<status status="PASS" start="2025-01-31T01:16:24.384455" elapsed="0.025966"/>
</kw>
<msg time="2025-01-31T01:16:24.410623" level="INFO">${FAIL} = True</msg>
<var>${FAIL}</var>
<arg>Element Should Be Visible</arg>
<arg>(//div[contains(.,'Bem-vindo :)Entre ou cadastre-se')])[7]</arg>
<doc>Runs the given keyword with given arguments and returns the status as a Boolean value.</doc>
<status status="PASS" start="2025-01-31T01:16:24.384333" elapsed="0.026313"/>
</kw>
<if>
<branch type="IF" condition="${SUCCESS}">
<kw name="Pass Execution" owner="BuiltIn">
<arg>Usuário logado no sistema.</arg>
<doc>Skips rest of the current test, setup, or teardown with PASS status.</doc>
<status status="NOT RUN" start="2025-01-31T01:16:24.411007" elapsed="0.000028"/>
</kw>
<status status="NOT RUN" start="2025-01-31T01:16:24.410757" elapsed="0.000316"/>
</branch>
<branch type="ELSE IF" condition="${FAIL}">
<kw name="Log" owner="BuiltIn">
<msg time="2025-01-31T01:16:24.411526" level="INFO">Usuário não logado no sistema.</msg>
<arg>Usuário não logado no sistema.</arg>
<doc>Logs the given message with the given level.</doc>
<status status="PASS" start="2025-01-31T01:16:24.411353" elapsed="0.000231"/>
</kw>
<kw name="Quando ele acessa a página de login" owner="Login">
<kw name="Wait Until Element Is Enabled" owner="SeleniumLibrary">
<arg>//a[contains(.,'Entre ou cadastre-se')]</arg>
<arg>timeout=${TIMEOUT}</arg>
<doc>Waits until the element ``locator`` is enabled.</doc>
<status status="PASS" start="2025-01-31T01:16:24.411928" elapsed="0.079643"/>
</kw>
<kw name="Sleep" owner="BuiltIn">
<msg time="2025-01-31T01:16:27.492113" level="INFO">Slept 3 seconds.</msg>
<arg>${TIMEOUT_SLEEP}</arg>
<doc>Pauses the test executed for the given time.</doc>
<status status="PASS" start="2025-01-31T01:16:24.491764" elapsed="3.000502"/>
</kw>
<kw name="Click Element" owner="SeleniumLibrary">
<msg time="2025-01-31T01:16:27.492811" level="INFO">Clicking element '//a[contains(.,'Entre ou cadastre-se')]'.</msg>
<arg>//a[contains(.,'Entre ou cadastre-se')]</arg>
<doc>Click the element identified by ``locator``.</doc>
<status status="PASS" start="2025-01-31T01:16:27.492558" elapsed="4.726489"/>
</kw>
<kw name="Wait Until Page Contains Element" owner="SeleniumLibrary">
<arg>//div[@class='LoginPage-title'][contains(.,'Identificação')]</arg>
<arg>timeout=${TIMEOUT}</arg>
<doc>Waits until the element ``locator`` appears on the current page.</doc>
<status status="PASS" start="2025-01-31T01:16:32.219256" elapsed="0.018014"/>
</kw>
<status status="PASS" start="2025-01-31T01:16:24.411734" elapsed="7.825709"/>
</kw>
<kw name="E insere credenciais válidas" owner="Login">
<kw name="Input Text" owner="SeleniumLibrary">
<msg time="2025-01-31T01:16:32.238936" level="INFO">Typing text 'laiscc575@gmail.com' into text field '//input[contains(@autocomplete,'username')]'.</msg>
<arg>//input[contains(@autocomplete,'username')]</arg>
<arg>${CREDENTIALS.email}</arg>
<doc>Types the given ``text`` into the text field identified by ``locator``.</doc>
<status status="PASS" start="2025-01-31T01:16:32.238559" elapsed="0.148017"/>
</kw>
<kw name="Input Text" owner="SeleniumLibrary">
<msg time="2025-01-31T01:16:32.387833" level="INFO">Typing text 'julho2005' into text field '//input[contains(@type,'password')]'.</msg>
<arg>//input[contains(@type,'password')]</arg>
<arg>${CREDENTIALS.senha}</arg>
<doc>Types the given ``text`` into the text field identified by ``locator``.</doc>
<status status="PASS" start="2025-01-31T01:16:32.386896" elapsed="0.114096"/>
</kw>
<kw name="Click Element" owner="SeleniumLibrary">
<msg time="2025-01-31T01:16:32.501361" level="INFO">Clicking element '//button[contains(@id,'login-box-form-continue')]'.</msg>
<arg>//button[contains(@id,'login-box-form-continue')]</arg>
<doc>Click the element identified by ``locator``.</doc>
<status status="PASS" start="2025-01-31T01:16:32.501200" elapsed="0.113474"/>
</kw>
<kw name="Sleep" owner="BuiltIn">
<msg time="2025-01-31T01:16:35.615386" level="INFO">Slept 3 seconds.</msg>
<arg>${TIMEOUT_SLEEP}</arg>
<doc>Pauses the test executed for the given time.</doc>
<status status="PASS" start="2025-01-31T01:16:32.614851" elapsed="3.000763"/>
</kw>
<kw name="Wait Until Page Contains Element" owner="SeleniumLibrary">
<arg>${LOGIN_VERIFICATION_SUCESS}</arg>
<arg>timeout=${TIMEOUT}</arg>
<doc>Waits until the element ``locator`` appears on the current page.</doc>
<status status="PASS" start="2025-01-31T01:16:35.615987" elapsed="8.821635"/>
</kw>
<arg>email=${CREDENTIALS.email}</arg>
<arg>senha=${CREDENTIALS.senha}</arg>
<status status="PASS" start="2025-01-31T01:16:32.237722" elapsed="12.199997"/>
</kw>
<kw name="Então o login deve ser realizado com sucesso" owner="Login">
<kw name="Wait Until Page Contains Element" owner="SeleniumLibrary">
<arg>${LOGIN_VERIFICATION_SUCESS}</arg>
<arg>timeout=${TIMEOUT}</arg>
<doc>Waits until the element ``locator`` appears on the current page.</doc>
<status status="PASS" start="2025-01-31T01:16:44.438081" elapsed="0.014785"/>
</kw>
<status status="PASS" start="2025-01-31T01:16:44.437879" elapsed="0.015077"/>
</kw>
<status status="PASS" start="2025-01-31T01:16:24.411228" elapsed="20.041759"/>
</branch>
<branch type="ELSE">
<kw name="Fail" owner="BuiltIn">
<arg>Falha ao determinar estado do login.</arg>
<doc>Fails the test with the given message and optionally alters its tags.</doc>
<status status="NOT RUN" start="2025-01-31T01:16:44.453157" elapsed="0.000021"/>
</kw>
<status status="NOT RUN" start="2025-01-31T01:16:44.453024" elapsed="0.000181"/>
</branch>
<status status="PASS" start="2025-01-31T01:16:24.410728" elapsed="20.042499"/>
</if>
<arg>email=${EMAIL}</arg>
<arg>senha=${PASSWORD}</arg>
<status status="PASS" start="2025-01-31T01:16:24.382756" elapsed="20.070510"/>
</kw>
<kw name="E adiciona ao carrinho o produto &quot;Notebook&quot;" owner="Cart" source_name="E adiciona ao carrinho o produto &quot;${NAME_PRODUCT}&quot;">
<kw name="Visualizar o produto ${NAME_PRODUCT}" owner="Cart" source_name="Visualizar o produto ${NAME_PRODUCT}">
<kw name="Verificar se esta listando o produto &quot;${NAME_PRODUCT}&quot;" owner="Search" source_name="Verificar se esta listando o produto &quot;${PRODUCT}&quot;">
<kw name="Convert To Lower Case" owner="String">
<msg time="2025-01-31T01:16:44.454640" level="INFO">${NAME_PRODUCT} = notebook</msg>
<var>${NAME_PRODUCT}</var>
<arg>${PRODUCT}</arg>
<doc>Converts string to lower case.</doc>
<status status="PASS" start="2025-01-31T01:16:44.454518" elapsed="0.000142"/>
</kw>
<kw name="Wait Until Page Contains" owner="SeleniumLibrary">
<arg>${NAME_PRODUCT}</arg>
<arg>timeout=${TIMEOUT}</arg>
<doc>Waits until ``text`` appears on the current page.</doc>
<status status="PASS" start="2025-01-31T01:16:44.454741" elapsed="0.023525"/>
</kw>
<kw name="Wait Until Page Contains Element" owner="SeleniumLibrary">
<arg>//h1[@data-testid='main-title'][contains(.,'${NAME_PRODUCT}')]</arg>
<arg>timeout=${TIMEOUT}</arg>
<doc>Waits until the element ``locator`` appears on the current page.</doc>
<status status="PASS" start="2025-01-31T01:16:44.478445" elapsed="0.015647"/>
</kw>
<status status="PASS" start="2025-01-31T01:16:44.454330" elapsed="0.039861"/>
</kw>
<kw name="Click Element" owner="SeleniumLibrary">
<msg time="2025-01-31T01:16:44.494535" level="INFO">Clicking element '//h2[@data-testid='product-title'][contains(.,'Notebook')]'.</msg>
<arg>//h2[@data-testid='product-title'][contains(.,'${NAME_PRODUCT}')]</arg>
<doc>Click the element identified by ``locator``.</doc>
<status status="PASS" start="2025-01-31T01:16:44.494333" elapsed="0.199991"/>
</kw>
<kw name="Wait Until Page Contains Element" owner="SeleniumLibrary">
<arg>//h1[@data-testid='heading-product-title'][contains(.,'${NAME_PRODUCT}')]</arg>
<arg>timeout=${TIMEOUT}</arg>
<doc>Waits until the element ``locator`` appears on the current page.</doc>
<status status="PASS" start="2025-01-31T01:16:44.694668" elapsed="1.776369"/>
</kw>
<status status="PASS" start="2025-01-31T01:16:44.453949" elapsed="2.017182"/>
</kw>
<kw name="Adicionar ao carrinho o produto ${NAME_PRODUCT}" owner="Cart" source_name="Adicionar ao carrinho o produto ${NAME_PRODUCT}">
<kw name="Wait Until Page Contains Element" owner="SeleniumLibrary">
<arg>//h1[@data-testid='heading-product-title'][contains(.,'${NAME_PRODUCT}')]</arg>
<arg>timeout=${TIMEOUT}</arg>
<doc>Waits until the element ``locator`` appears on the current page.</doc>
<status status="PASS" start="2025-01-31T01:16:46.471604" elapsed="0.043704"/>
</kw>
<kw name="Wait Until Page Contains" owner="SeleniumLibrary">
<arg>${NAME_PRODUCT}</arg>
<arg>timeout=${TIMEOUT}</arg>
<doc>Waits until ``text`` appears on the current page.</doc>
<status status="PASS" start="2025-01-31T01:16:46.515483" elapsed="0.059117"/>
</kw>
<kw name="Scroll Element Into View" owner="SeleniumLibrary">
<arg>${CART_BUTTON_ADD}</arg>
<doc>Scrolls the element identified by ``locator`` into view.</doc>
<status status="PASS" start="2025-01-31T01:16:46.574897" elapsed="0.325132"/>
</kw>
<kw name="Click Element" owner="SeleniumLibrary">
<msg time="2025-01-31T01:16:46.900738" level="INFO">Clicking element '(//button[@color='secondary'][contains(.,'Adicionar à Sacola')])[1]'.</msg>
<arg>${CART_BUTTON_ADD}</arg>
<doc>Click the element identified by ``locator``.</doc>
<status status="PASS" start="2025-01-31T01:16:46.900406" elapsed="0.224267"/>
</kw>
<kw name="Sleep" owner="BuiltIn">
<msg time="2025-01-31T01:16:50.125579" level="INFO">Slept 3 seconds.</msg>
<arg>${TIMEOUT_SLEEP}</arg>
<doc>Pauses the test executed for the given time.</doc>
<status status="PASS" start="2025-01-31T01:16:47.124894" elapsed="3.000873"/>
</kw>
<kw name="Run Keyword And Return Status" owner="BuiltIn">
<kw name="Element Should Be Visible" owner="SeleniumLibrary">
<msg time="2025-01-31T01:16:50.159505" level="INFO">Element '//strong[contains(.,'"Incluir proteção"')]' is displayed.</msg>
<arg>${CART_NOT_PROTECTION}</arg>
<arg>timeout=${TIMEOUT}</arg>
<doc>Verifies that the element identified by ``locator`` is visible.</doc>
<status status="PASS" start="2025-01-31T01:16:50.126463" elapsed="0.033145"/>
</kw>
<msg time="2025-01-31T01:16:50.159712" level="INFO">${CART_PROTECTION_IS_VISIBLE} = True</msg>
<var>${CART_PROTECTION_IS_VISIBLE}</var>
<arg>Element Should Be Visible</arg>
<arg>${CART_NOT_PROTECTION}</arg>
<arg>timeout=${TIMEOUT}</arg>
<doc>Runs the given keyword with given arguments and returns the status as a Boolean value.</doc>
<status status="PASS" start="2025-01-31T01:16:50.126141" elapsed="0.033590"/>
</kw>
<if>
<branch type="IF" condition="${CART_PROTECTION_IS_VISIBLE}">
<kw name="Log" owner="BuiltIn">
<msg time="2025-01-31T01:16:50.160056" level="INFO">Proteção de compra encontrada. Clicando em "Agora não".</msg>
<arg>Proteção de compra encontrada. Clicando em "Agora não".</arg>
<doc>Logs the given message with the given level.</doc>
<status status="PASS" start="2025-01-31T01:16:50.159966" elapsed="0.000120"/>
</kw>
<kw name="Wait Until Page Contains Element" owner="SeleniumLibrary">
<arg>${CART_NOT_PROTECTION}</arg>
<arg>timeout=${TIMEOUT}</arg>
<doc>Waits until the element ``locator`` appears on the current page.</doc>
<status status="PASS" start="2025-01-31T01:16:50.160170" elapsed="0.010533"/>
</kw>
<kw name="Click Element" owner="SeleniumLibrary">
<msg time="2025-01-31T01:16:50.171056" level="INFO">Clicking element '//button[@color='secondary'][contains(.,'Agora não')]'.</msg>
<arg>${CART_BUTTON_NOT_PROTECTION}</arg>
<doc>Click the element identified by ``locator``.</doc>
<status status="PASS" start="2025-01-31T01:16:50.170883" elapsed="1.019345"/>
</kw>
<status status="PASS" start="2025-01-31T01:16:50.159807" elapsed="1.030506"/>
</branch>
<branch type="ELSE">
<kw name="Log" owner="BuiltIn">
<arg>Proteção de compra não encontrada. Indo para a pagina de carrinho.</arg>
<doc>Logs the given message with the given level.</doc>
<status status="NOT RUN" start="2025-01-31T01:16:51.190530" elapsed="0.000070"/>
</kw>
<status status="NOT RUN" start="2025-01-31T01:16:51.190356" elapsed="0.000297"/>
</branch>
<status status="PASS" start="2025-01-31T01:16:50.159788" elapsed="1.030904"/>
</if>
<kw name="Wait Until Page Contains Element" owner="SeleniumLibrary">
<arg>//p[contains(.,'${NAME_PRODUCT}')]</arg>
<arg>timeout=${TIMEOUT}</arg>
<doc>Waits until the element ``locator`` appears on the current page.</doc>
<status status="PASS" start="2025-01-31T01:16:51.190854" elapsed="1.246345"/>
</kw>
<status status="PASS" start="2025-01-31T01:16:46.471341" elapsed="5.965984"/>
</kw>
<status status="PASS" start="2025-01-31T01:16:44.453523" elapsed="7.983856"/>
</kw>
<kw name="E insere um CEP válido se necessario" owner="Delivery">
<kw name="Run Keyword And Return Status" owner="BuiltIn">
<kw name="Element Should Be Visible" owner="SeleniumLibrary">
<msg time="2025-01-31T01:16:52.527849" level="INFO">Element '//span[@class='BasketAddress-address-change__label'][contains(.,'Alterar')]' is displayed.</msg>
<arg>${DELIVERY_BUTTON_ALTER_CEP}</arg>
<doc>Verifies that the element identified by ``locator`` is visible.</doc>
<status status="PASS" start="2025-01-31T01:16:52.438149" elapsed="0.089844"/>
</kw>
<msg time="2025-01-31T01:16:52.528151" level="INFO">${DELIVERY_ALTER_IS_VISIBLE} = True</msg>
<var>${DELIVERY_ALTER_IS_VISIBLE}</var>
<arg>Element Should Be Visible</arg>
<arg>${DELIVERY_BUTTON_ALTER_CEP}</arg>
<doc>Runs the given keyword with given arguments and returns the status as a Boolean value.</doc>
<status status="PASS" start="2025-01-31T01:16:52.438015" elapsed="0.090162"/>
</kw>
<kw name="Log" owner="BuiltIn">
<msg time="2025-01-31T01:16:52.528628" level="INFO">True</msg>
<arg>${DELIVERY_ALTER_IS_VISIBLE}</arg>
<doc>Logs the given message with the given level.</doc>
<status status="PASS" start="2025-01-31T01:16:52.528388" elapsed="0.000298"/>
</kw>
<if>
<branch type="IF" condition="${DELIVERY_ALTER_IS_VISIBLE}">
<kw name="Log" owner="BuiltIn">
<msg time="2025-01-31T01:16:52.529194" level="INFO">O CEP nao sera alterado pois ja tem um cadastrado.</msg>
<arg>O CEP nao sera alterado pois ja tem um cadastrado.</arg>
<doc>Logs the given message with the given level.</doc>
<status status="PASS" start="2025-01-31T01:16:52.529043" elapsed="0.000210"/>
</kw>
<status status="PASS" start="2025-01-31T01:16:52.528803" elapsed="0.000512"/>
</branch>
<branch type="ELSE">
<kw name="Log" owner="BuiltIn">
<arg>Inserindo CEP no carrinho.</arg>
<doc>Logs the given message with the given level.</doc>
<status status="NOT RUN" start="2025-01-31T01:16:52.529570" elapsed="0.000032"/>
</kw>
<kw name="Click Element" owner="SeleniumLibrary">
<arg>${DELIVERY_BUTTON_ALTER_CEP}</arg>
<doc>Click the element identified by ``locator``.</doc>
<status status="NOT RUN" start="2025-01-31T01:16:52.529723" elapsed="0.000025"/>
</kw>
<kw name="Inserindo CEP no carrinho" owner="Delivery">
<arg>${CEP}</arg>
<status status="NOT RUN" start="2025-01-31T01:16:52.529944" elapsed="0.000035"/>
</kw>
<status status="NOT RUN" start="2025-01-31T01:16:52.529364" elapsed="0.000652"/>
</branch>
<status status="PASS" start="2025-01-31T01:16:52.528770" elapsed="0.001289"/>
</if>
<kw name="Wait Until Element Is Enabled" owner="SeleniumLibrary">
<arg>//button[@class='BasketContinue-button'][contains(.,'Continuar')]</arg>
<arg>timeout=${TIMEOUT}</arg>
<doc>Waits until the element ``locator`` is enabled.</doc>
<status status="PASS" start="2025-01-31T01:16:52.530200" elapsed="0.105916"/>
</kw>
<arg>62320041</arg>
<status status="PASS" start="2025-01-31T01:16:52.437709" elapsed="0.198524"/>
</kw>
<kw name="Então o sistema deve verificar a opção &quot;Retire na loja&quot; se disponível" owner="Delivery" source_name="Então o sistema deve verificar a opção &quot;${DELIVERY_MESSAGE_OPTION}&quot; se disponível">
<kw name="Ir ate a pagina de verificacao de compra" owner="Delivery">
<kw name="Wait Until Page Contains Element" owner="SeleniumLibrary">
<arg>//button[@class='BasketContinue-button'][contains(.,'Continuar')]</arg>
<arg>timeout=${TIMEOUT}</arg>
<doc>Waits until the element ``locator`` appears on the current page.</doc>
<status status="PASS" start="2025-01-31T01:16:52.636979" elapsed="0.018360"/>
</kw>
<kw name="Sleep" owner="BuiltIn">
<msg time="2025-01-31T01:16:55.656271" level="INFO">Slept 3 seconds.</msg>
<arg>${TIMEOUT_SLEEP}</arg>
<doc>Pauses the test executed for the given time.</doc>
<status status="PASS" start="2025-01-31T01:16:52.655576" elapsed="3.000908"/>
</kw>
<kw name="Click Element" owner="SeleniumLibrary">
<msg time="2025-01-31T01:16:55.657149" level="INFO">Clicking element '//button[@class='BasketContinue-button'][contains(.,'Continuar')]'.</msg>
<arg>//button[@class='BasketContinue-button'][contains(.,'Continuar')]</arg>
<doc>Click the element identified by ``locator``.</doc>
<status status="PASS" start="2025-01-31T01:16:55.656879" elapsed="0.209333"/>
</kw>
<kw name="Wait Until Page Contains Element" owner="SeleniumLibrary">
<arg>//button[@type='button'][contains(.,'Continuar')]</arg>
<arg>timeout=${TIMEOUT}</arg>
<doc>Waits until the element ``locator`` appears on the current page.</doc>
<status status="PASS" start="2025-01-31T01:16:55.866393" elapsed="3.155683"/>
</kw>
<status status="PASS" start="2025-01-31T01:16:52.636800" elapsed="6.385424"/>
</kw>
<kw name="Verificar opcao de entrega" owner="Delivery">
<kw name="Run Keyword And Return Status" owner="BuiltIn">
<kw name="Element Should Be Visible" owner="SeleniumLibrary">
<msg time="2025-01-31T01:16:59.039378" level="INFO">Element '//div[@class='DeliveryOptionBox'][contains(.,'Retire na loja')]' is displayed.</msg>
<arg>//div[@class='DeliveryOptionBox'][contains(.,'${BUY_DELIVERY_MESSAGE_OPTION}')]</arg>
<doc>Verifies that the element identified by ``locator`` is visible.</doc>
<status status="PASS" start="2025-01-31T01:16:59.022791" elapsed="0.016669"/>
</kw>
<msg time="2025-01-31T01:16:59.039575" level="INFO">${SUCESS} = True</msg>
<var>${SUCESS}</var>
<arg>Element Should Be Visible</arg>
<arg>//div[@class='DeliveryOptionBox'][contains(.,'${BUY_DELIVERY_MESSAGE_OPTION}')]</arg>
<doc>Runs the given keyword with given arguments and returns the status as a Boolean value.</doc>
<status status="PASS" start="2025-01-31T01:16:59.022670" elapsed="0.016926"/>
</kw>
<if>
<branch type="IF" condition="${SUCESS}">
<kw name="Log" owner="BuiltIn">
<msg time="2025-01-31T01:16:59.039908" level="INFO">Opção de retirada na loja disponível.</msg>
<arg>Opção de retirada na loja disponível.</arg>
<doc>Logs the given message with the given level.</doc>
<status status="PASS" start="2025-01-31T01:16:59.039819" elapsed="0.000120"/>
</kw>
<status status="PASS" start="2025-01-31T01:16:59.039669" elapsed="0.000300"/>
</branch>
<branch type="ELSE">
<kw name="Log" owner="BuiltIn">
<arg>Opção de retirada na loja não disponível.</arg>
<doc>Logs the given message with the given level.</doc>
<status status="NOT RUN" start="2025-01-31T01:16:59.040076" elapsed="0.000023"/>
</kw>
<status status="NOT RUN" start="2025-01-31T01:16:59.039995" elapsed="0.000138"/>
</branch>
<status status="PASS" start="2025-01-31T01:16:59.039651" elapsed="0.000504"/>
</if>
<arg>${DELIVERY_MESSAGE_OPTION}</arg>
<status status="PASS" start="2025-01-31T01:16:59.022406" elapsed="0.017791"/>
</kw>
<status status="PASS" start="2025-01-31T01:16:52.636464" elapsed="6.403782"/>
</kw>
<kw name="Fechar navegador" owner="resource" type="TEARDOWN">
<kw name="Close Browser" owner="SeleniumLibrary">
<doc>Closes the current browser.</doc>
<status status="PASS" start="2025-01-31T01:16:59.040711" elapsed="0.109830"/>
</kw>
<kw name="Log" owner="BuiltIn">
<msg time="2025-01-31T01:16:59.151065" level="INFO">Navegador fechado com sucesso.</msg>
<arg>Navegador fechado com sucesso.</arg>
<doc>Logs the given message with the given level.</doc>
<status status="PASS" start="2025-01-31T01:16:59.150930" elapsed="0.000171"/>
</kw>
<status status="PASS" start="2025-01-31T01:16:59.040472" elapsed="0.110684"/>
</kw>
<doc>Este cenário valida se o sistema verifica corretamente a opção de retirada na loja, qquando um CEP válido é fornecido.</doc>
<tag>Cart</tag>
<tag>Delivery</tag>
<tag>sc03</tag>
<tag>StorePickup</tag>
<status status="PASS" start="2025-01-31T01:16:20.532533" elapsed="38.618705"/>
</test>
<test id="s1-t4" name="Cenário 04: Buscar por Produto" line="45">
<kw name="Abrir navegador" owner="resource" type="SETUP">
<kw name="Open Browser" owner="SeleniumLibrary">
<msg time="2025-01-31T01:16:59.152373" level="INFO">Opening browser 'chrome' to base url 'None'.</msg>
<arg>browser=${BROWSER}</arg>
<doc>Opens a new browser instance to the optional ``url``.</doc>
<status status="PASS" start="2025-01-31T01:16:59.152231" elapsed="0.492242"/>
</kw>
<kw name="Maximize Browser Window" owner="SeleniumLibrary">
<doc>Maximizes current browser window.</doc>
<status status="PASS" start="2025-01-31T01:16:59.644660" elapsed="0.027013"/>
</kw>
<kw name="Log" owner="BuiltIn">
<msg time="2025-01-31T01:16:59.672141" level="INFO">Navegador aberto com sucesso.</msg>
<arg>Navegador aberto com sucesso.</arg>
<doc>Logs the given message with the given level.</doc>
<status status="PASS" start="2025-01-31T01:16:59.671949" elapsed="0.000250"/>
</kw>
<status status="PASS" start="2025-01-31T01:16:59.152010" elapsed="0.520286"/>
</kw>
<kw name="Dado que o usuário está na página inicial da Magazine Luiza" owner="Home">
<kw name="Acessar página inicial do site Magazine Luiza" owner="Home">
<kw name="Go To" owner="SeleniumLibrary">
<msg time="2025-01-31T01:16:59.673657" level="INFO">Opening url 'https://www.magazineluiza.com.br'</msg>
<arg>${HOME_URL}</arg>
<doc>Navigates the current browser window to the provided ``url``.</doc>
<status status="PASS" start="2025-01-31T01:16:59.673448" elapsed="2.996262"/>
</kw>
<kw name="Log" owner="BuiltIn">
<msg time="2025-01-31T01:17:02.670011" level="INFO">Acessando a página inicial do site Magazine Luiza</msg>
<arg>Acessando a página inicial do site Magazine Luiza</arg>
<doc>Logs the given message with the given level.</doc>
<status status="PASS" start="2025-01-31T01:17:02.669896" elapsed="0.000152"/>
</kw>
<status status="PASS" start="2025-01-31T01:16:59.673136" elapsed="2.996971"/>
</kw>
<kw name="Verificar se o header da pagina é ${HOME_HEADER}" owner="Home" source_name="Verificar se o header da pagina é ${HOME_HEADER}">
<kw name="Wait Until Page Contains Element" owner="SeleniumLibrary">
<arg>//title[@data-testid='link-0'][contains(.,'${HOME_HEADER}')]</arg>
<doc>Waits until the element ``locator`` appears on the current page.</doc>
<status status="PASS" start="2025-01-31T01:17:02.670524" elapsed="0.042648"/>
</kw>
<kw name="Log" owner="BuiltIn">
<msg time="2025-01-31T01:17:02.713735" level="INFO">Header da página é Magazine Luiza | Pra você é Magalu!</msg>
<arg>Header da página é ${HOME_HEADER}</arg>
<doc>Logs the given message with the given level.</doc>
<status status="PASS" start="2025-01-31T01:17:02.713462" elapsed="0.000333"/>
</kw>
<status status="PASS" start="2025-01-31T01:17:02.670256" elapsed="0.043635"/>
</kw>
<status status="PASS" start="2025-01-31T01:16:59.672689" elapsed="3.041262"/>
</kw>
<kw name="Quando ele busca pelo produto &quot;Notebook&quot;" owner="Home" source_name="Quando ele busca pelo produto &quot;${SEARCH_NAME}&quot;">
<kw name="Digitar nome &quot;${SEARCH_NAME}&quot; no campo de busca" owner="resource" source_name="Digitar nome &quot;${SEARCH_NAME}&quot; no campo de ${WHERE}">
<if>
<branch type="IF" condition="$WHERE == 'busca'">
<kw name="Log" owner="BuiltIn">
<msg time="2025-01-31T01:17:02.715747" level="INFO">Digitar nome "Notebook" no campo de busca</msg>
<arg>Digitar nome "${SEARCH_NAME}" no campo de busca</arg>
<doc>Logs the given message with the given level.</doc>
<status status="PASS" start="2025-01-31T01:17:02.715499" elapsed="0.000311"/>
</kw>
<kw name="Input Text" owner="SeleniumLibrary">
<msg time="2025-01-31T01:17:02.716268" level="INFO">Typing text 'Notebook' into text field '//input[contains(@type,'search')]'.</msg>
<arg>locator=${SEARCH_TEXT}</arg>
<arg>text=${SEARCH_NAME}</arg>
<doc>Types the given ``text`` into the text field identified by ``locator``.</doc>
<status status="PASS" start="2025-01-31T01:17:02.715976" elapsed="0.302316"/>
</kw>
<status status="PASS" start="2025-01-31T01:17:02.715131" elapsed="0.303244"/>
</branch>
<branch type="ELSE IF" condition="$WHERE == 'filtro'">
<kw name="Log" owner="BuiltIn">
<arg>Digitar nome "${SEARCH_NAME}" no campo de filtro</arg>
<doc>Logs the given message with the given level.</doc>
<status status="NOT RUN" start="2025-01-31T01:17:03.018572" elapsed="0.000023"/>
</kw>
<kw name="Input Text" owner="SeleniumLibrary">
<arg>locator=${SEARCH_FILTER}</arg>
<arg>text=${SEARCH_NAME}</arg>
<doc>Types the given ``text`` into the text field identified by ``locator``.</doc>
<status status="NOT RUN" start="2025-01-31T01:17:03.018672" elapsed="0.000018"/>
</kw>
<status status="NOT RUN" start="2025-01-31T01:17:03.018413" elapsed="0.000304"/>
</branch>
<status status="PASS" start="2025-01-31T01:17:02.715101" elapsed="0.303640"/>
</if>
<status status="PASS" start="2025-01-31T01:17:02.714845" elapsed="0.303939"/>
</kw>
<kw name="Clicar no botao de busca" owner="Home" source_name="Clicar no botao de ${WHERE}">
<kw name="Run Keyword And Return Status" owner="BuiltIn">
<kw name="Element Should Be Visible" owner="SeleniumLibrary">
<msg time="2025-01-31T01:17:03.019874" level="FAIL">Variable '${SEARCH_BUTTON}' not found. Did you mean:
    ${SEARCH_BUTTON_TEXT}</msg>
<arg>${SEARCH_BUTTON}</arg>
<doc>Verifies that the element identified by ``locator`` is visible.</doc>
<status status="FAIL" start="2025-01-31T01:17:03.019374" elapsed="0.000530">Variable '${SEARCH_BUTTON}' not found. Did you mean:
    ${SEARCH_BUTTON_TEXT}</status>
</kw>
<msg time="2025-01-31T01:17:03.019978" level="INFO">${SEARCH_IS_VISIBLE} = False</msg>
<var>${SEARCH_IS_VISIBLE}</var>
<arg>Element Should Be Visible</arg>
<arg>${SEARCH_BUTTON}</arg>
<doc>Runs the given keyword with given arguments and returns the status as a Boolean value.</doc>
<status status="PASS" start="2025-01-31T01:17:03.019194" elapsed="0.000801"/>
</kw>
<if>
<branch type="IF" condition="${SEARCH_IS_VISIBLE}">
<kw name="Log" owner="BuiltIn">
<arg>Botão de pesquisa encontrado. Clicando no botão.</arg>
<doc>Logs the given message with the given level.</doc>
<status status="NOT RUN" start="2025-01-31T01:17:03.020167" elapsed="0.000018"/>
</kw>
<kw name="Click Element" owner="SeleniumLibrary">
<arg>${SEARCH_BUTTON}</arg>
<doc>Click the element identified by ``locator``.</doc>
<status status="NOT RUN" start="2025-01-31T01:17:03.020260" elapsed="0.000017"/>
</kw>
<status status="NOT RUN" start="2025-01-31T01:17:03.020054" elapsed="0.000251"/>
</branch>
<branch type="ELSE">
<kw name="Log" owner="BuiltIn">
<msg time="2025-01-31T01:17:03.020472" level="INFO">Botão de pesquisa não encontrado. Pressionando Enter.</msg>
<arg>Botão de pesquisa não encontrado. Pressionando Enter.</arg>
<doc>Logs the given message with the given level.</doc>
<status status="PASS" start="2025-01-31T01:17:03.020394" elapsed="0.000110"/>
</kw>
<kw name="Press Keys" owner="SeleniumLibrary">
<msg time="2025-01-31T01:17:03.020818" level="INFO">Sending key(s) ('RETURN',) to page.</msg>
<msg time="2025-01-31T01:17:03.020875" level="INFO">Pressing special key RETURN to browser.</msg>
<msg time="2025-01-31T01:17:03.020905" level="INFO">Releasing special key RETURN.</msg>
<arg>NONE</arg>
<arg>RETURN</arg>
<doc>Simulates the user pressing key(s) to an element or on the active browser.</doc>
<status status="PASS" start="2025-01-31T01:17:03.020596" elapsed="0.074492"/>
</kw>
<status status="PASS" start="2025-01-31T01:17:03.020330" elapsed="0.074839"/>
</branch>
<status status="PASS" start="2025-01-31T01:17:03.020039" elapsed="0.075165"/>
</if>
<status status="PASS" start="2025-01-31T01:17:03.018983" elapsed="0.076277"/>
</kw>
<status status="PASS" start="2025-01-31T01:17:02.714265" elapsed="0.381054"/>
</kw>
<kw name="Então o produto &quot;Notebook&quot; deve aparecer nos resultados da pesquisa" owner="Search" source_name="Então o produto &quot;${PRODUCT}&quot; deve aparecer nos resultados da pesquisa">
<kw name="Verificar se esta listando o produto &quot;${PRODUCT}&quot;" owner="Search" source_name="Verificar se esta listando o produto &quot;${PRODUCT}&quot;">
<kw name="Convert To Lower Case" owner="String">
<msg time="2025-01-31T01:17:03.096615" level="INFO">${NAME_PRODUCT} = notebook</msg>
<var>${NAME_PRODUCT}</var>
<arg>${PRODUCT}</arg>
<doc>Converts string to lower case.</doc>
<status status="PASS" start="2025-01-31T01:17:03.096223" elapsed="0.000423"/>
</kw>
<kw name="Wait Until Page Contains" owner="SeleniumLibrary">
<arg>${NAME_PRODUCT}</arg>
<arg>timeout=${TIMEOUT}</arg>
<doc>Waits until ``text`` appears on the current page.</doc>
<status status="PASS" start="2025-01-31T01:17:03.096809" elapsed="0.013595"/>
</kw>
<kw name="Wait Until Page Contains Element" owner="SeleniumLibrary">
<arg>//h1[@data-testid='main-title'][contains(.,'${NAME_PRODUCT}')]</arg>
<arg>timeout=${TIMEOUT}</arg>
<doc>Waits until the element ``locator`` appears on the current page.</doc>
<status status="PASS" start="2025-01-31T01:17:03.110685" elapsed="5.152628"/>
</kw>
<status status="PASS" start="2025-01-31T01:17:03.096008" elapsed="5.167404"/>
</kw>
<status status="PASS" start="2025-01-31T01:17:03.095663" elapsed="5.167795"/>
</kw>
<kw name="Fechar navegador" owner="resource" type="TEARDOWN">
<kw name="Close Browser" owner="SeleniumLibrary">
<doc>Closes the current browser.</doc>
<status status="PASS" start="2025-01-31T01:17:08.264035" elapsed="0.082003"/>
</kw>
<kw name="Log" owner="BuiltIn">
<msg time="2025-01-31T01:17:08.346500" level="INFO">Navegador fechado com sucesso.</msg>
<arg>Navegador fechado com sucesso.</arg>
<doc>Logs the given message with the given level.</doc>
<status status="PASS" start="2025-01-31T01:17:08.346353" elapsed="0.000183"/>
</kw>
<status status="PASS" start="2025-01-31T01:17:08.263771" elapsed="0.082836"/>
</kw>
<doc>Este cenário valida a funcionalidade de busca do site, verificando se um produto pesquisado
aparece corretamente nos resultados exibidos. É essencial para assegurar a precisão e usabilidade da busca.</doc>
<tag>sc04</tag>
<tag>Search</tag>
<tag>SearchProduct</tag>
<status status="PASS" start="2025-01-31T01:16:59.151478" elapsed="9.195214"/>
</test>
<test id="s1-t5" name="Cenário 05: Filtrar Produtos pela Marca" line="53">
<kw name="Abrir navegador" owner="resource" type="SETUP">
<kw name="Open Browser" owner="SeleniumLibrary">
<msg time="2025-01-31T01:17:08.347743" level="INFO">Opening browser 'chrome' to base url 'None'.</msg>
<arg>browser=${BROWSER}</arg>
<doc>Opens a new browser instance to the optional ``url``.</doc>
<status status="PASS" start="2025-01-31T01:17:08.347580" elapsed="0.531173"/>
</kw>
<kw name="Maximize Browser Window" owner="SeleniumLibrary">
<doc>Maximizes current browser window.</doc>
<status status="PASS" start="2025-01-31T01:17:08.878945" elapsed="0.027896"/>
</kw>
<kw name="Log" owner="BuiltIn">
<msg time="2025-01-31T01:17:08.907147" level="INFO">Navegador aberto com sucesso.</msg>
<arg>Navegador aberto com sucesso.</arg>
<doc>Logs the given message with the given level.</doc>
<status status="PASS" start="2025-01-31T01:17:08.907029" elapsed="0.000153"/>
</kw>
<status status="PASS" start="2025-01-31T01:17:08.347348" elapsed="0.559889"/>
</kw>
<kw name="Dado que o usuário está na página inicial da Magazine Luiza" owner="Home">
<kw name="Acessar página inicial do site Magazine Luiza" owner="Home">
<kw name="Go To" owner="SeleniumLibrary">
<msg time="2025-01-31T01:17:08.907907" level="INFO">Opening url 'https://www.magazineluiza.com.br'</msg>
<arg>${HOME_URL}</arg>
<doc>Navigates the current browser window to the provided ``url``.</doc>
<status status="PASS" start="2025-01-31T01:17:08.907807" elapsed="2.856765"/>
</kw>
<kw name="Log" owner="BuiltIn">
<msg time="2025-01-31T01:17:11.764886" level="INFO">Acessando a página inicial do site Magazine Luiza</msg>
<arg>Acessando a página inicial do site Magazine Luiza</arg>
<doc>Logs the given message with the given level.</doc>
<status status="PASS" start="2025-01-31T01:17:11.764768" elapsed="0.000153"/>
</kw>
<status status="PASS" start="2025-01-31T01:17:08.907657" elapsed="2.857315"/>
</kw>
<kw name="Verificar se o header da pagina é ${HOME_HEADER}" owner="Home" source_name="Verificar se o header da pagina é ${HOME_HEADER}">
<kw name="Wait Until Page Contains Element" owner="SeleniumLibrary">
<arg>//title[@data-testid='link-0'][contains(.,'${HOME_HEADER}')]</arg>
<doc>Waits until the element ``locator`` appears on the current page.</doc>
<status status="PASS" start="2025-01-31T01:17:11.765329" elapsed="0.028924"/>
</kw>
<kw name="Log" owner="BuiltIn">
<msg time="2025-01-31T01:17:11.794609" level="INFO">Header da página é Magazine Luiza | Pra você é Magalu!</msg>
<arg>Header da página é ${HOME_HEADER}</arg>
<doc>Logs the given message with the given level.</doc>
<status status="PASS" start="2025-01-31T01:17:11.794433" elapsed="0.000225"/>
</kw>
<status status="PASS" start="2025-01-31T01:17:11.765101" elapsed="0.029622"/>
</kw>
<status status="PASS" start="2025-01-31T01:17:08.907429" elapsed="2.887332"/>
</kw>
<kw name="Quando ele busca pelo produto &quot;TV&quot;" owner="Home" source_name="Quando ele busca pelo produto &quot;${SEARCH_NAME}&quot;">
<kw name="Digitar nome &quot;${SEARCH_NAME}&quot; no campo de busca" owner="resource" source_name="Digitar nome &quot;${SEARCH_NAME}&quot; no campo de ${WHERE}">
<if>
<branch type="IF" condition="$WHERE == 'busca'">
<kw name="Log" owner="BuiltIn">
<msg time="2025-01-31T01:17:11.796170" level="INFO">Digitar nome "TV" no campo de busca</msg>
<arg>Digitar nome "${SEARCH_NAME}" no campo de busca</arg>
<doc>Logs the given message with the given level.</doc>
<status status="PASS" start="2025-01-31T01:17:11.795964" elapsed="0.000262"/>
</kw>
<kw name="Input Text" owner="SeleniumLibrary">
<msg time="2025-01-31T01:17:11.796629" level="INFO">Typing text 'TV' into text field '//input[contains(@type,'search')]'.</msg>
<arg>locator=${SEARCH_TEXT}</arg>
<arg>text=${SEARCH_NAME}</arg>
<doc>Types the given ``text`` into the text field identified by ``locator``.</doc>
<status status="PASS" start="2025-01-31T01:17:11.796384" elapsed="0.183625"/>
</kw>
<status status="PASS" start="2025-01-31T01:17:11.795667" elapsed="0.184415"/>
</branch>
<branch type="ELSE IF" condition="$WHERE == 'filtro'">
<kw name="Log" owner="BuiltIn">
<arg>Digitar nome "${SEARCH_NAME}" no campo de filtro</arg>
<doc>Logs the given message with the given level.</doc>
<status status="NOT RUN" start="2025-01-31T01:17:11.980256" elapsed="0.000020"/>
</kw>
<kw name="Input Text" owner="SeleniumLibrary">
<arg>locator=${SEARCH_FILTER}</arg>
<arg>text=${SEARCH_NAME}</arg>
<doc>Types the given ``text`` into the text field identified by ``locator``.</doc>
<status status="NOT RUN" start="2025-01-31T01:17:11.980355" elapsed="0.000017"/>
</kw>
<status status="NOT RUN" start="2025-01-31T01:17:11.980119" elapsed="0.000280"/>
</branch>
<status status="PASS" start="2025-01-31T01:17:11.795641" elapsed="0.184782"/>
</if>
<status status="PASS" start="2025-01-31T01:17:11.795439" elapsed="0.185026"/>
</kw>
<kw name="Clicar no botao de busca" owner="Home" source_name="Clicar no botao de ${WHERE}">
<kw name="Run Keyword And Return Status" owner="BuiltIn">
<kw name="Element Should Be Visible" owner="SeleniumLibrary">
<msg time="2025-01-31T01:17:11.981440" level="FAIL">Variable '${SEARCH_BUTTON}' not found. Did you mean:
    ${SEARCH_BUTTON_TEXT}</msg>
<arg>${SEARCH_BUTTON}</arg>
<doc>Verifies that the element identified by ``locator`` is visible.</doc>
<status status="FAIL" start="2025-01-31T01:17:11.980954" elapsed="0.000513">Variable '${SEARCH_BUTTON}' not found. Did you mean:
    ${SEARCH_BUTTON_TEXT}</status>
</kw>
<msg time="2025-01-31T01:17:11.981533" level="INFO">${SEARCH_IS_VISIBLE} = False</msg>
<var>${SEARCH_IS_VISIBLE}</var>
<arg>Element Should Be Visible</arg>
<arg>${SEARCH_BUTTON}</arg>
<doc>Runs the given keyword with given arguments and returns the status as a Boolean value.</doc>
<status status="PASS" start="2025-01-31T01:17:11.980840" elapsed="0.000723"/>
</kw>
<if>
<branch type="IF" condition="${SEARCH_IS_VISIBLE}">
<kw name="Log" owner="BuiltIn">
<arg>Botão de pesquisa encontrado. Clicando no botão.</arg>
<doc>Logs the given message with the given level.</doc>
<status status="NOT RUN" start="2025-01-31T01:17:11.981726" elapsed="0.000173"/>
</kw>
<kw name="Click Element" owner="SeleniumLibrary">
<arg>${SEARCH_BUTTON}</arg>
<doc>Click the element identified by ``locator``.</doc>
<status status="NOT RUN" start="2025-01-31T01:17:11.981978" elapsed="0.000017"/>
</kw>
<status status="NOT RUN" start="2025-01-31T01:17:11.981618" elapsed="0.000402"/>
</branch>
<branch type="ELSE">
<kw name="Log" owner="BuiltIn">
<msg time="2025-01-31T01:17:11.982179" level="INFO">Botão de pesquisa não encontrado. Pressionando Enter.</msg>
<arg>Botão de pesquisa não encontrado. Pressionando Enter.</arg>
<doc>Logs the given message with the given level.</doc>
<status status="PASS" start="2025-01-31T01:17:11.982107" elapsed="0.000104"/>
</kw>
<kw name="Press Keys" owner="SeleniumLibrary">
<msg time="2025-01-31T01:17:11.982500" level="INFO">Sending key(s) ('RETURN',) to page.</msg>
<msg time="2025-01-31T01:17:11.982572" level="INFO">Pressing special key RETURN to browser.</msg>
<msg time="2025-01-31T01:17:11.982603" level="INFO">Releasing special key RETURN.</msg>
<arg>NONE</arg>
<arg>RETURN</arg>
<doc>Simulates the user pressing key(s) to an element or on the active browser.</doc>
<status status="PASS" start="2025-01-31T01:17:11.982287" elapsed="0.093805"/>
</kw>
<status status="PASS" start="2025-01-31T01:17:11.982043" elapsed="0.094183"/>
</branch>
<status status="PASS" start="2025-01-31T01:17:11.981605" elapsed="0.094663"/>
</if>
<status status="PASS" start="2025-01-31T01:17:11.980638" elapsed="0.095692"/>
</kw>
<status status="PASS" start="2025-01-31T01:17:11.794982" elapsed="0.281401"/>
</kw>
<kw name="E aplica o filtro pela marca" owner="Search">
<kw name="Verifica se o filtro de marcas está visível" owner="Search">
<kw name="Wait Until Page Contains Element" owner="SeleniumLibrary">
<arg>${SEARCH_MARCA}</arg>
<arg>timeout=${TIMEOUT}</arg>
<doc>Waits until the element ``locator`` appears on the current page.</doc>
<status status="PASS" start="2025-01-31T01:17:12.077171" elapsed="5.076578"/>
</kw>
<status status="PASS" start="2025-01-31T01:17:12.076997" elapsed="5.076859"/>
</kw>
<for flavor="IN">
<iter>
<kw name="Filtrar a marca ${LIST_PRODUCTS}" owner="Search" source_name="Filtrar a marca ${LIST_PRODUCTS}">
<kw name="Digitar nome &quot;${LIST_PRODUCTS}&quot; no campo de filtro" owner="resource" source_name="Digitar nome &quot;${SEARCH_NAME}&quot; no campo de ${WHERE}">
<if>
<branch type="IF" condition="$WHERE == 'busca'">
<kw name="Log" owner="BuiltIn">
<arg>Digitar nome "${SEARCH_NAME}" no campo de busca</arg>
<doc>Logs the given message with the given level.</doc>
<status status="NOT RUN" start="2025-01-31T01:17:17.154900" elapsed="0.000023"/>
</kw>
<kw name="Input Text" owner="SeleniumLibrary">
<arg>locator=${SEARCH_TEXT}</arg>
<arg>text=${SEARCH_NAME}</arg>
<doc>Types the given ``text`` into the text field identified by ``locator``.</doc>
<status status="NOT RUN" start="2025-01-31T01:17:17.155014" elapsed="0.000018"/>
</kw>
<status status="NOT RUN" start="2025-01-31T01:17:17.154710" elapsed="0.000350"/>
</branch>
<branch type="ELSE IF" condition="$WHERE == 'filtro'">
<kw name="Log" owner="BuiltIn">
<msg time="2025-01-31T01:17:17.155401" level="INFO">Digitar nome "Samsung" no campo de filtro</msg>
<arg>Digitar nome "${SEARCH_NAME}" no campo de filtro</arg>
<doc>Logs the given message with the given level.</doc>
<status status="PASS" start="2025-01-31T01:17:17.155238" elapsed="0.000222"/>
</kw>
<kw name="Input Text" owner="SeleniumLibrary">
<msg time="2025-01-31T01:17:17.155797" level="INFO">Typing text 'Samsung' into text field '//input[contains(@placeholder,'Busque por ')]'.</msg>
<arg>locator=${SEARCH_FILTER}</arg>
<arg>text=${SEARCH_NAME}</arg>
<doc>Types the given ``text`` into the text field identified by ``locator``.</doc>
<status status="PASS" start="2025-01-31T01:17:17.155601" elapsed="0.340853"/>
</kw>
<status status="PASS" start="2025-01-31T01:17:17.155087" elapsed="0.341525"/>
</branch>
<status status="PASS" start="2025-01-31T01:17:17.154696" elapsed="0.341966"/>
</if>
<status status="PASS" start="2025-01-31T01:17:17.154533" elapsed="0.342202"/>
</kw>
<kw name="Run Keyword And Return Status" owner="BuiltIn">
<kw name="Wait Until Element Is Visible" owner="SeleniumLibrary">
<arg>xpath=//li[@data-testid='filter-checkbox'][contains(.,'${LIST_PRODUCTS}')]</arg>
<arg>timeout=${TIMEOUT}</arg>
<doc>Waits until the element ``locator`` is visible.</doc>
<status status="PASS" start="2025-01-31T01:17:17.497178" elapsed="0.025629"/>
</kw>
<msg time="2025-01-31T01:17:17.523003" level="INFO">${LIST_PRODUCTS_IS_VISIBLE} = True</msg>
<var>${LIST_PRODUCTS_IS_VISIBLE}</var>
<arg>Wait Until Element Is Visible</arg>
<arg>xpath=//li[@data-testid='filter-checkbox'][contains(.,'${LIST_PRODUCTS}')]</arg>
<arg>timeout=${TIMEOUT}</arg>
<doc>Runs the given keyword with given arguments and returns the status as a Boolean value.</doc>
<status status="PASS" start="2025-01-31T01:17:17.496970" elapsed="0.026074"/>
</kw>
<if>
<branch type="IF" condition="${LIST_PRODUCTS_IS_VISIBLE}">
<kw name="Log" owner="BuiltIn">
<msg time="2025-01-31T01:17:17.523646" level="INFO">Filtro encontrado.</msg>
<arg>Filtro encontrado.</arg>
<doc>Logs the given message with the given level.</doc>
<status status="PASS" start="2025-01-31T01:17:17.523530" elapsed="0.000149"/>
</kw>
<kw name="Click Element" owner="SeleniumLibrary">
<msg time="2025-01-31T01:17:17.523904" level="INFO">Clicking element '(//li[@data-testid='filter-checkbox'][contains(.,'Samsung')])[1]'.</msg>
<arg>(//li[@data-testid='filter-checkbox'][contains(.,'${LIST_PRODUCTS}')])[1]</arg>
<doc>Click the element identified by ``locator``.</doc>
<status status="PASS" start="2025-01-31T01:17:17.523768" elapsed="0.159992"/>
</kw>
<kw name="Wait Until Page Contains Element" owner="SeleniumLibrary">
<arg>//div[@class='sc-fqkvVR hrwhWM'][contains(.,'${LIST_PRODUCTS}')]</arg>
<arg>timeout=${TIMEOUT}</arg>
<doc>Waits until the element ``locator`` appears on the current page.</doc>
<status status="PASS" start="2025-01-31T01:17:17.684077" elapsed="2.384577"/>
</kw>
<status status="PASS" start="2025-01-31T01:17:17.523296" elapsed="2.545435"/>
</branch>
<branch type="ELSE">
<kw name="Pass Execution" owner="BuiltIn">
<arg>Filtro não encontrado. Pulando para o proximo elemento.</arg>
<doc>Skips rest of the current test, setup, or teardown with PASS status.</doc>
<status status="NOT RUN" start="2025-01-31T01:17:20.068900" elapsed="0.000021"/>
</kw>
<status status="NOT RUN" start="2025-01-31T01:17:20.068767" elapsed="0.000182"/>
</branch>
<status status="PASS" start="2025-01-31T01:17:17.523263" elapsed="2.545709"/>
</if>
<status status="PASS" start="2025-01-31T01:17:17.154286" elapsed="2.914729"/>
</kw>
<kw name="Clear Element Text" owner="SeleniumLibrary">
<arg>${SEARCH_FILTER}</arg>
<doc>Clears the value of the text-input-element identified by ``locator``.</doc>
<status status="PASS" start="2025-01-31T01:17:20.069097" elapsed="0.220862"/>
</kw>
<kw name="Sleep" owner="BuiltIn">
<msg time="2025-01-31T01:17:23.290482" level="INFO">Slept 3 seconds.</msg>
<arg>${TIMEOUT_SLEEP}</arg>
<doc>Pauses the test executed for the given time.</doc>
<status status="PASS" start="2025-01-31T01:17:20.290134" elapsed="3.000546"/>
</kw>
<var name="${LIST_PRODUCTS}">Samsung</var>
<status status="PASS" start="2025-01-31T01:17:17.154100" elapsed="6.136659"/>
</iter>
<iter>
<kw name="Filtrar a marca ${LIST_PRODUCTS}" owner="Search" source_name="Filtrar a marca ${LIST_PRODUCTS}">
<kw name="Digitar nome &quot;${LIST_PRODUCTS}&quot; no campo de filtro" owner="resource" source_name="Digitar nome &quot;${SEARCH_NAME}&quot; no campo de ${WHERE}">
<if>
<branch type="IF" condition="$WHERE == 'busca'">
<kw name="Log" owner="BuiltIn">
<arg>Digitar nome "${SEARCH_NAME}" no campo de busca</arg>
<doc>Logs the given message with the given level.</doc>
<status status="NOT RUN" start="2025-01-31T01:17:23.292023" elapsed="0.000029"/>
</kw>
<kw name="Input Text" owner="SeleniumLibrary">
<arg>locator=${SEARCH_TEXT}</arg>
<arg>text=${SEARCH_NAME}</arg>
<doc>Types the given ``text`` into the text field identified by ``locator``.</doc>
<status status="NOT RUN" start="2025-01-31T01:17:23.292174" elapsed="0.000026"/>
</kw>
<status status="NOT RUN" start="2025-01-31T01:17:23.291795" elapsed="0.000445"/>
</branch>
<branch type="ELSE IF" condition="$WHERE == 'filtro'">
<kw name="Log" owner="BuiltIn">
<msg time="2025-01-31T01:17:23.292602" level="INFO">Digitar nome "LG" no campo de filtro</msg>
<arg>Digitar nome "${SEARCH_NAME}" no campo de filtro</arg>
<doc>Logs the given message with the given level.</doc>
<status status="PASS" start="2025-01-31T01:17:23.292442" elapsed="0.000207"/>
</kw>
<kw name="Input Text" owner="SeleniumLibrary">
<msg time="2025-01-31T01:17:23.292989" level="INFO">Typing text 'LG' into text field '//input[contains(@placeholder,'Busque por ')]'.</msg>
<arg>locator=${SEARCH_FILTER}</arg>
<arg>text=${SEARCH_NAME}</arg>
<doc>Types the given ``text`` into the text field identified by ``locator``.</doc>
<status status="PASS" start="2025-01-31T01:17:23.292766" elapsed="0.179273"/>
</kw>
<status status="PASS" start="2025-01-31T01:17:23.292276" elapsed="0.179845"/>
</branch>
<status status="PASS" start="2025-01-31T01:17:23.291775" elapsed="0.180383"/>
</if>
<status status="PASS" start="2025-01-31T01:17:23.291562" elapsed="0.180647"/>
</kw>
<kw name="Run Keyword And Return Status" owner="BuiltIn">
<kw name="Wait Until Element Is Visible" owner="SeleniumLibrary">
<msg time="2025-01-31T01:17:43.791334" level="INFO" html="true">&lt;/td&gt;&lt;/tr&gt;&lt;tr&gt;&lt;td colspan="3"&gt;&lt;a href="selenium-screenshot-35.png"&gt;&lt;img src="selenium-screenshot-35.png" width="800px"&gt;&lt;/a&gt;</msg>
<msg time="2025-01-31T01:17:43.791475" level="FAIL">Element 'xpath=//li[@data-testid='filter-checkbox'][contains(.,'LG')]' not visible after 20 seconds.</msg>
<arg>xpath=//li[@data-testid='filter-checkbox'][contains(.,'${LIST_PRODUCTS}')]</arg>
<arg>timeout=${TIMEOUT}</arg>
<doc>Waits until the element ``locator`` is visible.</doc>
<status status="FAIL" start="2025-01-31T01:17:23.472525" elapsed="20.319737">Element 'xpath=//li[@data-testid='filter-checkbox'][contains(.,'LG')]' not visible after 20 seconds.</status>
</kw>
<msg time="2025-01-31T01:17:43.792371" level="INFO">${LIST_PRODUCTS_IS_VISIBLE} = False</msg>
<var>${LIST_PRODUCTS_IS_VISIBLE}</var>
<arg>Wait Until Element Is Visible</arg>
<arg>xpath=//li[@data-testid='filter-checkbox'][contains(.,'${LIST_PRODUCTS}')]</arg>
<arg>timeout=${TIMEOUT}</arg>
<doc>Runs the given keyword with given arguments and returns the status as a Boolean value.</doc>
<status status="PASS" start="2025-01-31T01:17:23.472371" elapsed="20.320020"/>
</kw>
<if>
<branch type="IF" condition="${LIST_PRODUCTS_IS_VISIBLE}">
<kw name="Log" owner="BuiltIn">
<arg>Filtro encontrado.</arg>
<doc>Logs the given message with the given level.</doc>
<status status="NOT RUN" start="2025-01-31T01:17:43.792637" elapsed="0.000022"/>
</kw>
<kw name="Click Element" owner="SeleniumLibrary">
<arg>(//li[@data-testid='filter-checkbox'][contains(.,'${LIST_PRODUCTS}')])[1]</arg>
<doc>Click the element identified by ``locator``.</doc>
<status status="NOT RUN" start="2025-01-31T01:17:43.792744" elapsed="0.000019"/>
</kw>
<kw name="Wait Until Page Contains Element" owner="SeleniumLibrary">
<arg>//div[@class='sc-fqkvVR hrwhWM'][contains(.,'${LIST_PRODUCTS}')]</arg>
<arg>timeout=${TIMEOUT}</arg>
<doc>Waits until the element ``locator`` appears on the current page.</doc>
<status status="NOT RUN" start="2025-01-31T01:17:43.792834" elapsed="0.000023"/>
</kw>
<status status="NOT RUN" start="2025-01-31T01:17:43.792469" elapsed="0.000414"/>
</branch>
<branch type="ELSE">
<kw name="Pass Execution" owner="BuiltIn">
<msg time="2025-01-31T01:17:43.793073" level="INFO">Execution passed with message:
Filtro não encontrado. Pulando para o proximo elemento.</msg>
<arg>Filtro não encontrado. Pulando para o proximo elemento.</arg>
<doc>Skips rest of the current test, setup, or teardown with PASS status.</doc>
<status status="PASS" start="2025-01-31T01:17:43.792978" elapsed="0.000154">Filtro não encontrado. Pulando para o proximo elemento.</status>
</kw>
<status status="PASS" start="2025-01-31T01:17:43.792908" elapsed="0.000259">Filtro não encontrado. Pulando para o proximo elemento.</status>
</branch>
<status status="PASS" start="2025-01-31T01:17:43.792449" elapsed="0.000744">Filtro não encontrado. Pulando para o proximo elemento.</status>
</if>
<status status="PASS" start="2025-01-31T01:17:23.291190" elapsed="20.502046">Filtro não encontrado. Pulando para o proximo elemento.</status>
</kw>
<kw name="Clear Element Text" owner="SeleniumLibrary">
<arg>${SEARCH_FILTER}</arg>
<doc>Clears the value of the text-input-element identified by ``locator``.</doc>
<status status="NOT RUN" start="2025-01-31T01:17:43.793322" elapsed="0.000021"/>
</kw>
<kw name="Sleep" owner="BuiltIn">
<arg>${TIMEOUT_SLEEP}</arg>
<doc>Pauses the test executed for the given time.</doc>
<status status="NOT RUN" start="2025-01-31T01:17:43.793412" elapsed="0.000019"/>
</kw>
<var name="${LIST_PRODUCTS}">LG</var>
<status status="PASS" start="2025-01-31T01:17:23.290937" elapsed="20.502582">Filtro não encontrado. Pulando para o proximo elemento.</status>
</iter>
<var>${LIST_PRODUCTS}</var>
<value>@{LIST_PRODUCTS}</value>
<status status="PASS" start="2025-01-31T01:17:17.153915" elapsed="26.639669">Filtro não encontrado. Pulando para o proximo elemento.</status>
</for>
<arg>Samsung</arg>
<arg>LG</arg>
<arg>Philips</arg>
<status status="PASS" start="2025-01-31T01:17:12.076729" elapsed="31.716920">Filtro não encontrado. Pulando para o proximo elemento.</status>
</kw>
<kw name="Então devem ser exibidos somente produtos das marcas" owner="Search">
<arg>Samsung</arg>
<arg>LG</arg>
<arg>Philips</arg>
<status status="NOT RUN" start="2025-01-31T01:17:43.793827" elapsed="0.000024"/>
</kw>
<kw name="Fechar navegador" owner="resource" type="TEARDOWN">
<kw name="Close Browser" owner="SeleniumLibrary">
<doc>Closes the current browser.</doc>
<status status="PASS" start="2025-01-31T01:17:43.794231" elapsed="0.086200"/>
</kw>
<kw name="Log" owner="BuiltIn">
<msg time="2025-01-31T01:17:43.880986" level="INFO">Navegador fechado com sucesso.</msg>
<arg>Navegador fechado com sucesso.</arg>
<doc>Logs the given message with the given level.</doc>
<status status="PASS" start="2025-01-31T01:17:43.880772" elapsed="0.000290"/>
</kw>
<status status="PASS" start="2025-01-31T01:17:43.794031" elapsed="0.087146"/>
</kw>
<doc>Este cenário verifica a capacidade do sistema de filtrar produtos por marca específica.
O objetivo é garantir que o filtro funcione corretamente e retorne apenas produtos relevantes ao critério.</doc>
<tag>Filter</tag>
<tag>FilterByBrand</tag>
<tag>sc05</tag>
<tag>Search</tag>
<status status="PASS" start="2025-01-31T01:17:08.346900" elapsed="35.534415">Filtro não encontrado. Pulando para o proximo elemento.</status>
</test>
<test id="s1-t6" name="Cenário 06: Ver Ofertas de uma Marca" line="62">
<kw name="Abrir navegador" owner="resource" type="SETUP">
<kw name="Open Browser" owner="SeleniumLibrary">
<msg time="2025-01-31T01:17:43.882716" level="INFO">Opening browser 'chrome' to base url 'None'.</msg>
<arg>browser=${BROWSER}</arg>
<doc>Opens a new browser instance to the optional ``url``.</doc>
<status status="PASS" start="2025-01-31T01:17:43.882566" elapsed="1.915489"/>
</kw>
<kw name="Maximize Browser Window" owner="SeleniumLibrary">
<doc>Maximizes current browser window.</doc>
<status status="PASS" start="2025-01-31T01:17:45.798233" elapsed="0.021898"/>
</kw>
<kw name="Log" owner="BuiltIn">
<msg time="2025-01-31T01:17:45.820527" level="INFO">Navegador aberto com sucesso.</msg>
<arg>Navegador aberto com sucesso.</arg>
<doc>Logs the given message with the given level.</doc>
<status status="PASS" start="2025-01-31T01:17:45.820379" elapsed="0.000200"/>
</kw>
<status status="PASS" start="2025-01-31T01:17:43.882321" elapsed="1.938320"/>
</kw>
<kw name="Dado que o usuário está na página inicial da Magazine Luiza" owner="Home">
<kw name="Acessar página inicial do site Magazine Luiza" owner="Home">
<kw name="Go To" owner="SeleniumLibrary">
<msg time="2025-01-31T01:17:45.821302" level="INFO">Opening url 'https://www.magazineluiza.com.br'</msg>
<arg>${HOME_URL}</arg>
<doc>Navigates the current browser window to the provided ``url``.</doc>
<status status="PASS" start="2025-01-31T01:17:45.821213" elapsed="3.555742"/>
</kw>
<kw name="Log" owner="BuiltIn">
<msg time="2025-01-31T01:17:49.377249" level="INFO">Acessando a página inicial do site Magazine Luiza</msg>
<arg>Acessando a página inicial do site Magazine Luiza</arg>
<doc>Logs the given message with the given level.</doc>
<status status="PASS" start="2025-01-31T01:17:49.377140" elapsed="0.000141"/>
</kw>
<status status="PASS" start="2025-01-31T01:17:45.821073" elapsed="3.556259"/>
</kw>
<kw name="Verificar se o header da pagina é ${HOME_HEADER}" owner="Home" source_name="Verificar se o header da pagina é ${HOME_HEADER}">
<kw name="Wait Until Page Contains Element" owner="SeleniumLibrary">
<arg>//title[@data-testid='link-0'][contains(.,'${HOME_HEADER}')]</arg>
<doc>Waits until the element ``locator`` appears on the current page.</doc>
<status status="PASS" start="2025-01-31T01:17:49.377684" elapsed="0.016668"/>
</kw>
<kw name="Log" owner="BuiltIn">
<msg time="2025-01-31T01:17:49.394673" level="INFO">Header da página é Magazine Luiza | Pra você é Magalu!</msg>
<arg>Header da página é ${HOME_HEADER}</arg>
<doc>Logs the given message with the given level.</doc>
<status status="PASS" start="2025-01-31T01:17:49.394517" elapsed="0.000189"/>
</kw>
<status status="PASS" start="2025-01-31T01:17:49.377454" elapsed="0.017304"/>
</kw>
<status status="PASS" start="2025-01-31T01:17:45.820867" elapsed="3.573932"/>
</kw>
<kw name="Quando ele acessa a página &quot;Ofertas do Dia&quot;" owner="Search" source_name="Quando ele acessa a página &quot;${PAGE}&quot;">
<kw name="Entrar na página &quot;${PAGE}&quot;" owner="Search" source_name="Entrar na página &quot;${PAGE}&quot;">
<kw name="Click Element" owner="SeleniumLibrary">
<msg time="2025-01-31T01:17:49.395454" level="INFO">Clicking element '//a[@data-testid='link'][contains(.,'Ofertas do Dia')]'.</msg>
<arg>//a[@data-testid='link'][contains(.,'${PAGE}')]</arg>
<doc>Click the element identified by ``locator``.</doc>
<status status="PASS" start="2025-01-31T01:17:49.395323" elapsed="5.755561"/>
</kw>
<kw name="Log" owner="BuiltIn">
<msg time="2025-01-31T01:17:55.151277" level="INFO">Ofertas do Dia</msg>
<arg>${PAGE}</arg>
<doc>Logs the given message with the given level.</doc>
<status status="PASS" start="2025-01-31T01:17:55.151066" elapsed="0.000274"/>
</kw>
<kw name="Get Location" owner="SeleniumLibrary">
<msg time="2025-01-31T01:17:55.165959" level="INFO">${CURRENT_URL} = https://www.magazineluiza.com.br/selecao/ofertasdodia/</msg>
<var>${CURRENT_URL}</var>
<doc>Returns the current browser window URL.</doc>
<status status="PASS" start="2025-01-31T01:17:55.151534" elapsed="0.014459"/>
</kw>
<kw name="Convert To Lower Case" owner="String">
<msg time="2025-01-31T01:17:55.166273" level="INFO">${LOWER_STRING} = ofertas do dia</msg>
<var>${LOWER_STRING}</var>
<arg>${PAGE}</arg>
<doc>Converts string to lower case.</doc>
<status status="PASS" start="2025-01-31T01:17:55.166144" elapsed="0.000146"/>
</kw>
<kw name="Removing Spaces" owner="formatString">
<msg time="2025-01-31T01:17:55.166507" level="INFO">Formatted string:  ofertasdodia</msg>
<msg time="2025-01-31T01:17:55.166568" level="INFO">${PAGE_UPDATED} = ofertasdodia</msg>
<var>${PAGE_UPDATED}</var>
<arg>${LOWER_STRING}</arg>
<doc>Função para remover espaços de Strings</doc>
[...]
<kw name="Abrir navegador" owner="resource" type="SETUP">
<kw name="Open Browser" owner="SeleniumLibrary">
<msg time="2025-01-31T01:19:27.639496" level="INFO">Opening browser 'chrome' to base url 'None'.</msg>
<arg>browser=${BROWSER}</arg>
<doc>Opens a new browser instance to the optional ``url``.</doc>
<status status="PASS" start="2025-01-31T01:19:27.639356" elapsed="0.515713"/>
</kw>
<kw name="Maximize Browser Window" owner="SeleniumLibrary">
<doc>Maximizes current browser window.</doc>
<status status="PASS" start="2025-01-31T01:19:28.155243" elapsed="0.026166"/>
</kw>
<kw name="Log" owner="BuiltIn">
<msg time="2025-01-31T01:19:28.181918" level="INFO">Navegador aberto com sucesso.</msg>
<arg>Navegador aberto com sucesso.</arg>
<doc>Logs the given message with the given level.</doc>
<status status="PASS" start="2025-01-31T01:19:28.181674" elapsed="0.000321"/>
</kw>
<status status="PASS" start="2025-01-31T01:19:27.639141" elapsed="0.542980"/>
</kw>
<kw name="Dado que o usuário está na página inicial da Magazine Luiza" owner="Home">
<kw name="Acessar página inicial do site Magazine Luiza" owner="Home">
<kw name="Go To" owner="SeleniumLibrary">
<msg time="2025-01-31T01:19:28.183338" level="INFO">Opening url 'https://www.magazineluiza.com.br'</msg>
<arg>${HOME_URL}</arg>
<doc>Navigates the current browser window to the provided ``url``.</doc>
<status status="PASS" start="2025-01-31T01:19:28.183155" elapsed="5.641182"/>
</kw>
<kw name="Log" owner="BuiltIn">
<msg time="2025-01-31T01:19:33.824730" level="INFO">Acessando a página inicial do site Magazine Luiza</msg>
<arg>Acessando a página inicial do site Magazine Luiza</arg>
<doc>Logs the given message with the given level.</doc>
<status status="PASS" start="2025-01-31T01:19:33.824591" elapsed="0.000177"/>
</kw>
<status status="PASS" start="2025-01-31T01:19:28.182872" elapsed="5.641953"/>
</kw>
<kw name="Verificar se o header da pagina é ${HOME_HEADER}" owner="Home" source_name="Verificar se o header da pagina é ${HOME_HEADER}">
<kw name="Wait Until Page Contains Element" owner="SeleniumLibrary">
<arg>//title[@data-testid='link-0'][contains(.,'${HOME_HEADER}')]</arg>
<doc>Waits until the element ``locator`` appears on the current page.</doc>
<status status="PASS" start="2025-01-31T01:19:33.825244" elapsed="0.013778"/>
</kw>
<kw name="Log" owner="BuiltIn">
<msg time="2025-01-31T01:19:33.839516" level="INFO">Header da página é Magazine Luiza | Pra você é Magalu!</msg>
<arg>Header da página é ${HOME_HEADER}</arg>
<doc>Logs the given message with the given level.</doc>
<status status="PASS" start="2025-01-31T01:19:33.839330" elapsed="0.000235"/>
</kw>
<status status="PASS" start="2025-01-31T01:19:33.824965" elapsed="0.014656"/>
</kw>
<status status="PASS" start="2025-01-31T01:19:28.182450" elapsed="5.657217"/>
</kw>
<kw name="Quando ele busca pelo produto &quot;Notebook&quot;" owner="Home" source_name="Quando ele busca pelo produto &quot;${SEARCH_NAME}&quot;">
<kw name="Digitar nome &quot;${SEARCH_NAME}&quot; no campo de busca" owner="resource" source_name="Digitar nome &quot;${SEARCH_NAME}&quot; no campo de ${WHERE}">
<if>
<branch type="IF" condition="$WHERE == 'busca'">
<kw name="Log" owner="BuiltIn">
<msg time="2025-01-31T01:19:33.840784" level="INFO">Digitar nome "Notebook" no campo de busca</msg>
<arg>Digitar nome "${SEARCH_NAME}" no campo de busca</arg>
<doc>Logs the given message with the given level.</doc>
<status status="PASS" start="2025-01-31T01:19:33.840636" elapsed="0.000205"/>
</kw>
<kw name="Input Text" owner="SeleniumLibrary">
<msg time="2025-01-31T01:19:33.841211" level="INFO">Typing text 'Notebook' into text field '//input[contains(@type,'search')]'.</msg>
<arg>locator=${SEARCH_TEXT}</arg>
<arg>text=${SEARCH_NAME}</arg>
<doc>Types the given ``text`` into the text field identified by ``locator``.</doc>
<status status="PASS" start="2025-01-31T01:19:33.840975" elapsed="0.269742"/>
</kw>
<status status="PASS" start="2025-01-31T01:19:33.840368" elapsed="0.270444"/>
</branch>
<branch type="ELSE IF" condition="$WHERE == 'filtro'">
<kw name="Log" owner="BuiltIn">
<arg>Digitar nome "${SEARCH_NAME}" no campo de filtro</arg>
<doc>Logs the given message with the given level.</doc>
<status status="NOT RUN" start="2025-01-31T01:19:34.111023" elapsed="0.000025"/>
</kw>
<kw name="Input Text" owner="SeleniumLibrary">
<arg>locator=${SEARCH_FILTER}</arg>
<arg>text=${SEARCH_NAME}</arg>
<doc>Types the given ``text`` into the text field identified by ``locator``.</doc>
<status status="NOT RUN" start="2025-01-31T01:19:34.111145" elapsed="0.000019"/>
</kw>
<status status="NOT RUN" start="2025-01-31T01:19:34.110856" elapsed="0.000337"/>
</branch>
<status status="PASS" start="2025-01-31T01:19:33.840341" elapsed="0.270880"/>
</if>
<status status="PASS" start="2025-01-31T01:19:33.840160" elapsed="0.271130"/>
</kw>
<kw name="Clicar no botao de busca" owner="Home" source_name="Clicar no botao de ${WHERE}">
<kw name="Run Keyword And Return Status" owner="BuiltIn">
<kw name="Element Should Be Visible" owner="SeleniumLibrary">
<msg time="2025-01-31T01:19:34.112512" level="FAIL">Variable '${SEARCH_BUTTON}' not found. Did you mean:
    ${SEARCH_BUTTON_TEXT}</msg>
<arg>${SEARCH_BUTTON}</arg>
<doc>Verifies that the element identified by ``locator`` is visible.</doc>
<status status="FAIL" start="2025-01-31T01:19:34.111948" elapsed="0.000633">Variable '${SEARCH_BUTTON}' not found. Did you mean:
    ${SEARCH_BUTTON_TEXT}</status>
</kw>
<msg time="2025-01-31T01:19:34.112694" level="INFO">${SEARCH_IS_VISIBLE} = False</msg>
<var>${SEARCH_IS_VISIBLE}</var>
<arg>Element Should Be Visible</arg>
<arg>${SEARCH_BUTTON}</arg>
<doc>Runs the given keyword with given arguments and returns the status as a Boolean value.</doc>
<status status="PASS" start="2025-01-31T01:19:34.111790" elapsed="0.000921"/>
</kw>
<if>
<branch type="IF" condition="${SEARCH_IS_VISIBLE}">
<kw name="Log" owner="BuiltIn">
<arg>Botão de pesquisa encontrado. Clicando no botão.</arg>
<doc>Logs the given message with the given level.</doc>
<status status="NOT RUN" start="2025-01-31T01:19:34.112937" elapsed="0.000023"/>
</kw>
<kw name="Click Element" owner="SeleniumLibrary">
<arg>${SEARCH_BUTTON}</arg>
<doc>Click the element identified by ``locator``.</doc>
<status status="NOT RUN" start="2025-01-31T01:19:34.113048" elapsed="0.000018"/>
</kw>
<status status="NOT RUN" start="2025-01-31T01:19:34.112786" elapsed="0.000307"/>
</branch>
<branch type="ELSE">
<kw name="Log" owner="BuiltIn">
<msg time="2025-01-31T01:19:34.113307" level="INFO">Botão de pesquisa não encontrado. Pressionando Enter.</msg>
<arg>Botão de pesquisa não encontrado. Pressionando Enter.</arg>
<doc>Logs the given message with the given level.</doc>
<status status="PASS" start="2025-01-31T01:19:34.113194" elapsed="0.000231"/>
</kw>
<kw name="Press Keys" owner="SeleniumLibrary">
<msg time="2025-01-31T01:19:34.113892" level="INFO">Sending key(s) ('RETURN',) to page.</msg>
<msg time="2025-01-31T01:19:34.113975" level="INFO">Pressing special key RETURN to browser.</msg>
<msg time="2025-01-31T01:19:34.114009" level="INFO">Releasing special key RETURN.</msg>
<arg>NONE</arg>
<arg>RETURN</arg>
<doc>Simulates the user pressing key(s) to an element or on the active browser.</doc>
<status status="PASS" start="2025-01-31T01:19:34.113582" elapsed="0.075663"/>
</kw>
<status status="PASS" start="2025-01-31T01:19:34.113121" elapsed="0.076227"/>
</branch>
<status status="PASS" start="2025-01-31T01:19:34.112767" elapsed="0.076625"/>
</if>
<status status="PASS" start="2025-01-31T01:19:34.111483" elapsed="0.077989"/>
</kw>
<status status="PASS" start="2025-01-31T01:19:33.839840" elapsed="0.349683"/>
</kw>
<kw name="E adiciona ao carrinho o produto &quot;Notebook&quot;" owner="Cart" source_name="E adiciona ao carrinho o produto &quot;${NAME_PRODUCT}&quot;">
<kw name="Visualizar o produto ${NAME_PRODUCT}" owner="Cart" source_name="Visualizar o produto ${NAME_PRODUCT}">
<kw name="Verificar se esta listando o produto &quot;${NAME_PRODUCT}&quot;" owner="Search" source_name="Verificar se esta listando o produto &quot;${PRODUCT}&quot;">
<kw name="Convert To Lower Case" owner="String">
<msg time="2025-01-31T01:19:34.191666" level="INFO">${NAME_PRODUCT} = notebook</msg>
<var>${NAME_PRODUCT}</var>
<arg>${PRODUCT}</arg>
<doc>Converts string to lower case.</doc>
<status status="PASS" start="2025-01-31T01:19:34.191488" elapsed="0.000205"/>
</kw>
<kw name="Wait Until Page Contains" owner="SeleniumLibrary">
<arg>${NAME_PRODUCT}</arg>
<arg>timeout=${TIMEOUT}</arg>
<doc>Waits until ``text`` appears on the current page.</doc>
<status status="PASS" start="2025-01-31T01:19:34.191822" elapsed="0.018150"/>
</kw>
<kw name="Wait Until Page Contains Element" owner="SeleniumLibrary">
<arg>//h1[@data-testid='main-title'][contains(.,'${NAME_PRODUCT}')]</arg>
<arg>timeout=${TIMEOUT}</arg>
<doc>Waits until the element ``locator`` appears on the current page.</doc>
<status status="PASS" start="2025-01-31T01:19:34.210216" elapsed="5.054636"/>
</kw>
<status status="PASS" start="2025-01-31T01:19:34.191206" elapsed="5.073747"/>
</kw>
<kw name="Click Element" owner="SeleniumLibrary">
<msg time="2025-01-31T01:19:39.265284" level="INFO">Clicking element '//h2[@data-testid='product-title'][contains(.,'Notebook')]'.</msg>
<arg>//h2[@data-testid='product-title'][contains(.,'${NAME_PRODUCT}')]</arg>
<doc>Click the element identified by ``locator``.</doc>
<status status="PASS" start="2025-01-31T01:19:39.265090" elapsed="0.343732"/>
</kw>
<kw name="Wait Until Page Contains Element" owner="SeleniumLibrary">
<arg>//h1[@data-testid='heading-product-title'][contains(.,'${NAME_PRODUCT}')]</arg>
<arg>timeout=${TIMEOUT}</arg>
<doc>Waits until the element ``locator`` appears on the current page.</doc>
<status status="PASS" start="2025-01-31T01:19:39.609108" elapsed="1.614533"/>
</kw>
<status status="PASS" start="2025-01-31T01:19:34.190323" elapsed="7.033563"/>
</kw>
<kw name="Adicionar ao carrinho o produto ${NAME_PRODUCT}" owner="Cart" source_name="Adicionar ao carrinho o produto ${NAME_PRODUCT}">
<kw name="Wait Until Page Contains Element" owner="SeleniumLibrary">
<arg>//h1[@data-testid='heading-product-title'][contains(.,'${NAME_PRODUCT}')]</arg>
<arg>timeout=${TIMEOUT}</arg>
<doc>Waits until the element ``locator`` appears on the current page.</doc>
<status status="PASS" start="2025-01-31T01:19:41.224709" elapsed="0.063901"/>
</kw>
<kw name="Wait Until Page Contains" owner="SeleniumLibrary">
<arg>${NAME_PRODUCT}</arg>
<arg>timeout=${TIMEOUT}</arg>
<doc>Waits until ``text`` appears on the current page.</doc>
<status status="PASS" start="2025-01-31T01:19:41.288894" elapsed="0.022591"/>
</kw>
<kw name="Scroll Element Into View" owner="SeleniumLibrary">
<arg>${CART_BUTTON_ADD}</arg>
<doc>Scrolls the element identified by ``locator`` into view.</doc>
<status status="PASS" start="2025-01-31T01:19:41.311673" elapsed="0.281756"/>
</kw>
<kw name="Click Element" owner="SeleniumLibrary">
<msg time="2025-01-31T01:19:41.594026" level="INFO">Clicking element '(//button[@color='secondary'][contains(.,'Adicionar à Sacola')])[1]'.</msg>
<arg>${CART_BUTTON_ADD}</arg>
<doc>Click the element identified by ``locator``.</doc>
<status status="PASS" start="2025-01-31T01:19:41.593739" elapsed="0.198376"/>
</kw>
<kw name="Sleep" owner="BuiltIn">
<msg time="2025-01-31T01:19:44.792640" level="INFO">Slept 3 seconds.</msg>
<arg>${TIMEOUT_SLEEP}</arg>
<doc>Pauses the test executed for the given time.</doc>
<status status="PASS" start="2025-01-31T01:19:41.792297" elapsed="3.000451"/>
</kw>
<kw name="Run Keyword And Return Status" owner="BuiltIn">
<kw name="Element Should Be Visible" owner="SeleniumLibrary">
<msg time="2025-01-31T01:19:44.819650" level="INFO">Element '//strong[contains(.,'"Incluir proteção"')]' is displayed.</msg>
<arg>${CART_NOT_PROTECTION}</arg>
<arg>timeout=${TIMEOUT}</arg>
<doc>Verifies that the element identified by ``locator`` is visible.</doc>
<status status="PASS" start="2025-01-31T01:19:44.793091" elapsed="0.026696"/>
</kw>
<msg time="2025-01-31T01:19:44.819976" level="INFO">${CART_PROTECTION_IS_VISIBLE} = True</msg>
<var>${CART_PROTECTION_IS_VISIBLE}</var>
<arg>Element Should Be Visible</arg>
<arg>${CART_NOT_PROTECTION}</arg>
<arg>timeout=${TIMEOUT}</arg>
<doc>Runs the given keyword with given arguments and returns the status as a Boolean value.</doc>
<status status="PASS" start="2025-01-31T01:19:44.792941" elapsed="0.027073"/>
</kw>
<if>
<branch type="IF" condition="${CART_PROTECTION_IS_VISIBLE}">
<kw name="Log" owner="BuiltIn">
<msg time="2025-01-31T01:19:44.820661" level="INFO">Proteção de compra encontrada. Clicando em "Agora não".</msg>
<arg>Proteção de compra encontrada. Clicando em "Agora não".</arg>
<doc>Logs the given message with the given level.</doc>
<status status="PASS" start="2025-01-31T01:19:44.820446" elapsed="0.000282"/>
</kw>
<kw name="Wait Until Page Contains Element" owner="SeleniumLibrary">
<arg>${CART_NOT_PROTECTION}</arg>
<arg>timeout=${TIMEOUT}</arg>
<doc>Waits until the element ``locator`` appears on the current page.</doc>
<status status="PASS" start="2025-01-31T01:19:44.820915" elapsed="0.008044"/>
</kw>
<kw name="Click Element" owner="SeleniumLibrary">
<msg time="2025-01-31T01:19:44.829522" level="INFO">Clicking element '//button[@color='secondary'][contains(.,'Agora não')]'.</msg>
<arg>${CART_BUTTON_NOT_PROTECTION}</arg>
<doc>Click the element identified by ``locator``.</doc>
<status status="PASS" start="2025-01-31T01:19:44.829242" elapsed="40.355148"/>
</kw>
<status status="PASS" start="2025-01-31T01:19:44.820155" elapsed="40.364345"/>
</branch>
<branch type="ELSE">
<kw name="Log" owner="BuiltIn">
<arg>Proteção de compra não encontrada. Indo para a pagina de carrinho.</arg>
<doc>Logs the given message with the given level.</doc>
<status status="NOT RUN" start="2025-01-31T01:20:25.184762" elapsed="0.000029"/>
</kw>
<status status="NOT RUN" start="2025-01-31T01:20:25.184574" elapsed="0.000255"/>
</branch>
<status status="PASS" start="2025-01-31T01:19:44.820121" elapsed="40.364732"/>
</if>
<kw name="Wait Until Page Contains Element" owner="SeleniumLibrary">
<msg time="2025-01-31T01:21:01.447417" level="WARN">Keyword 'Capture Page Screenshot' could not be run on failure: Message: no such window: target window already closed
from unknown error: web view not found
  (Session info: chrome=132.0.6834.159)
Stacktrace:
#0 0x63c97eefd53a &lt;unknown&gt;
#1 0x63c97e9f8f00 &lt;unknown&gt;
#2 0x63c97e9ceb6f &lt;unknown&gt;
#3 0x63c97ea7595d &lt;unknown&gt;
#4 0x63c97ea8b945 &lt;unknown&gt;
#5 0x63c97ea6d343 &lt;unknown&gt;
#6 0x63c97ea3a78a &lt;unknown&gt;
#7 0x63c97ea3b9de &lt;unknown&gt;
#8 0x63c97eec72cb &lt;unknown&gt;
#9 0x63c97eecb242 &lt;unknown&gt;
#10 0x63c97eeb47ac &lt;unknown&gt;
#11 0x63c97eecbdf7 &lt;unknown&gt;
#12 0x63c97ee98b2f &lt;unknown&gt;
#13 0x63c97eeec1a8 &lt;unknown&gt;
#14 0x63c97eeec370 &lt;unknown&gt;
#15 0x63c97eefc3b6 &lt;unknown&gt;
#16 0x7d4fdd29ca94 &lt;unknown&gt;
#17 0x7d4fdd329c3c &lt;unknown&gt;
</msg>
<msg time="2025-01-31T01:21:01.447805" level="FAIL">Element '//p[contains(.,'Notebook')]' did not appear in 20 seconds.</msg>
<arg>//p[contains(.,'${NAME_PRODUCT}')]</arg>
<arg>timeout=${TIMEOUT}</arg>
<doc>Waits until the element ``locator`` appears on the current page.</doc>
<status status="FAIL" start="2025-01-31T01:20:25.184953" elapsed="36.263276">Element '//p[contains(.,'Notebook')]' did not appear in 20 seconds.</status>
</kw>
<status status="FAIL" start="2025-01-31T01:19:41.224312" elapsed="80.224102">Element '//p[contains(.,'Notebook')]' did not appear in 20 seconds.</status>
</kw>
<status status="FAIL" start="2025-01-31T01:19:34.189898" elapsed="87.258614">Element '//p[contains(.,'Notebook')]' did not appear in 20 seconds.</status>
</kw>
<kw name="E altera a quantidade de itens para" owner="Cart">
<arg>2</arg>
<status status="NOT RUN" start="2025-01-31T01:21:01.448826" elapsed="0.000049"/>
</kw>
<kw name="Então a quantidade do produto no carrinho deve ser" owner="Cart">
<arg>2</arg>
<status status="NOT RUN" start="2025-01-31T01:21:01.449119" elapsed="0.000045"/>
</kw>
<kw name="Fechar navegador" owner="resource" type="TEARDOWN">
<kw name="Close Browser" owner="SeleniumLibrary">
<doc>Closes the current browser.</doc>
<status status="PASS" start="2025-01-31T01:21:01.449720" elapsed="0.038573"/>
</kw>
<kw name="Log" owner="BuiltIn">
<msg time="2025-01-31T01:21:01.488871" level="INFO">Navegador fechado com sucesso.</msg>
<arg>Navegador fechado com sucesso.</arg>
<doc>Logs the given message with the given level.</doc>
<status status="PASS" start="2025-01-31T01:21:01.488595" elapsed="0.000338"/>
</kw>
<status status="PASS" start="2025-01-31T01:21:01.449469" elapsed="0.039572"/>
</kw>
<doc>Este cenário verifica a funcionalidade de alterar a quantidade de itens no carrinho.
Ele garante que o usuário consiga ajustar a quantidade de um produto selecionado conforme necessário.</doc>
<tag>Cart</tag>
<tag>ChangeQuantityInCart</tag>
<tag>Quantity</tag>
<tag>sc10</tag>
<status status="FAIL" start="2025-01-31T01:19:27.638685" elapsed="93.850485">Element '//p[contains(.,'Notebook')]' did not appear in 20 seconds.</status>
</test>
<doc>Este arquivo contém os testes para validar os passos principais de navegação, busca, filtragem,
manipulação do carrinho, login e tratamento de erros no site Magazine Luiza.
Ele cobre cenários críticos para garantir uma experiência fluida de compra para o usuário.
   Autor: Lais Coutinho</doc>
<status status="FAIL" start="2025-01-31T01:15:59.248138" elapsed="302.241501"/>
</suite>
<statistics>
<total>
<stat pass="9" fail="1" skip="0">All Tests</stat>
</total>
<tag>
<stat pass="1" fail="0" skip="0">AddMultipleProductsToCart</stat>
<stat pass="1" fail="0" skip="0">AddProductToCart</stat>
<stat pass="4" fail="1" skip="0">Cart</stat>
<stat pass="0" fail="1" skip="0">ChangeQuantityInCart</stat>
<stat pass="2" fail="0" skip="0">Delivery</stat>
<stat pass="1" fail="0" skip="0">EmptyCart</stat>
<stat pass="1" fail="0" skip="0">Filter</stat>
<stat pass="1" fail="0" skip="0">FilterByBrand</stat>
<stat pass="1" fail="0" skip="0">InvalidCEP</stat>
<stat pass="1" fail="0" skip="0">Login</stat>
<stat pass="1" fail="0" skip="0">LoginWithValidCredentials</stat>
<stat pass="0" fail="1" skip="0">Quantity</stat>
<stat pass="1" fail="0" skip="0">sc01</stat>
<stat pass="1" fail="0" skip="0">sc02</stat>
<stat pass="1" fail="0" skip="0">sc03</stat>
<stat pass="1" fail="0" skip="0">sc04</stat>
<stat pass="1" fail="0" skip="0">sc05</stat>
<stat pass="1" fail="0" skip="0">sc06</stat>
<stat pass="1" fail="0" skip="0">sc07</stat>
<stat pass="1" fail="0" skip="0">sc08</stat>
<stat pass="1" fail="0" skip="0">sc09</stat>
<stat pass="0" fail="1" skip="0">sc10</stat>
<stat pass="3" fail="0" skip="0">Search</stat>
<stat pass="1" fail="0" skip="0">SearchProduct</stat>
<stat pass="1" fail="0" skip="0">StorePickup</stat>
<stat pass="1" fail="0" skip="0">ViewBrandOffers</stat>
</tag>
<suite>
<stat pass="9" fail="1" skip="0" id="s1" name="Tests">Tests</stat>
</suite>
</statistics>
<errors>
<msg time="2025-01-31T01:21:01.447417" level="WARN">Keyword 'Capture Page Screenshot' could not be run on failure: Message: no such window: target window already closed
from unknown error: web view not found
  (Session info: chrome=132.0.6834.159)
Stacktrace:
#0 0x63c97eefd53a &lt;unknown&gt;
#1 0x63c97e9f8f00 &lt;unknown&gt;
#2 0x63c97e9ceb6f &lt;unknown&gt;
#3 0x63c97ea7595d &lt;unknown&gt;
#4 0x63c97ea8b945 &lt;unknown&gt;
#5 0x63c97ea6d343 &lt;unknown&gt;
#6 0x63c97ea3a78a &lt;unknown&gt;
#7 0x63c97ea3b9de &lt;unknown&gt;
#8 0x63c97eec72cb &lt;unknown&gt;
#9 0x63c97eecb242 &lt;unknown&gt;
#10 0x63c97eeb47ac &lt;unknown&gt;
#11 0x63c97eecbdf7 &lt;unknown&gt;
#12 0x63c97ee98b2f &lt;unknown&gt;
#13 0x63c97eeec1a8 &lt;unknown&gt;
#14 0x63c97eeec370 &lt;unknown&gt;
#15 0x63c97eefc3b6 &lt;unknown&gt;
#16 0x7d4fdd29ca94 &lt;unknown&gt;
#17 0x7d4fdd329c3c &lt;unknown&gt;
</msg>
</errors>
</robot>
