<?xml version="1.0" encoding="UTF-8"?>
<robot generator="Robot 7.1.1 (Python 3.12.3 on linux)" generated="2025-01-30T17:28:02.723496" rpa="false" schemaversion="5">
<suite id="s1" name="Tests" source="/home/laisdev/Documentos/robotframework/TestMagazineLuiza/tests/tests.robot">
<test id="s1-t1" name="Cenário 01: Buscar por Produto" line="11">
<kw name="Abrir navegador" owner="resource2" type="SETUP">
<kw name="Open Browser" owner="SeleniumLibrary">
<msg time="2025-01-30T17:28:02.849467" level="INFO">Opening browser 'headlesschrome' to base url 'None'.</msg>
<arg>browser=${BROWSER}</arg>
<doc>Opens a new browser instance to the optional ``url``.</doc>
<status status="PASS" start="2025-01-30T17:28:02.849280" elapsed="0.273279"/>
</kw>
<kw name="Maximize Browser Window" owner="SeleniumLibrary">
<doc>Maximizes current browser window.</doc>
<status status="PASS" start="2025-01-30T17:28:03.122755" elapsed="0.014612"/>
</kw>
<kw name="Log" owner="BuiltIn">
<msg time="2025-01-30T17:28:03.137715" level="INFO">Navegador aberto com sucesso.</msg>
<arg>Navegador aberto com sucesso.</arg>
<doc>Logs the given message with the given level.</doc>
<status status="PASS" start="2025-01-30T17:28:03.137569" elapsed="0.000196"/>
</kw>
<status status="PASS" start="2025-01-30T17:28:02.848710" elapsed="0.289146"/>
</kw>
<kw name="Dado que o usuário está na página inicial da Magazine Luiza" owner="Home">
<kw name="Acessar página inicial do site Magazine Luiza" owner="Home">
<kw name="Go To" owner="SeleniumLibrary">
<msg time="2025-01-30T17:28:03.138881" level="INFO">Opening url 'https://www.magazineluiza.com.br'</msg>
<arg>${HOME_URL}</arg>
<doc>Navigates the current browser window to the provided ``url``.</doc>
<status status="PASS" start="2025-01-30T17:28:03.138745" elapsed="3.295083"/>
</kw>
<kw name="Log" owner="BuiltIn">
<msg time="2025-01-30T17:28:06.434217" level="INFO">Acessando a página inicial do site Magazine Luiza</msg>
<arg>Acessando a página inicial do site Magazine Luiza</arg>
<doc>Logs the given message with the given level.</doc>
<status status="PASS" start="2025-01-30T17:28:06.434067" elapsed="0.000189"/>
</kw>
<status status="PASS" start="2025-01-30T17:28:03.138523" elapsed="3.295794"/>
</kw>
<kw name="Verificar se o header da pagina é ${HOME_HEADER}" owner="Home" source_name="Verificar se o header da pagina é ${HOME_HEADER}">
<kw name="Wait Until Page Contains Element" owner="SeleniumLibrary">
<arg>//title[@data-testid='link-0'][contains(.,'${HOME_HEADER}')]</arg>
<doc>Waits until the element ``locator`` appears on the current page.</doc>
<status status="PASS" start="2025-01-30T17:28:06.434678" elapsed="0.041933"/>
</kw>
<kw name="Log" owner="BuiltIn">
<msg time="2025-01-30T17:28:06.476976" level="INFO">Header da página é Magazine Luiza | Pra você é Magalu!</msg>
<arg>Header da página é ${HOME_HEADER}</arg>
<doc>Logs the given message with the given level.</doc>
<status status="PASS" start="2025-01-30T17:28:06.476808" elapsed="0.000231"/>
</kw>
<status status="PASS" start="2025-01-30T17:28:06.434455" elapsed="0.042654"/>
</kw>
<status status="PASS" start="2025-01-30T17:28:03.138161" elapsed="3.338989"/>
</kw>
<kw name="Quando ele busca pelo produto &quot;Notebook&quot;" owner="Home" source_name="Quando ele busca pelo produto &quot;${SEARCH_NAME}&quot;">
<kw name="Digitar nome &quot;${SEARCH_NAME}&quot; no campo de busca" owner="resource2" source_name="Digitar nome &quot;${SEARCH_NAME}&quot; no campo de ${WHERE}">
<if>
<branch type="IF" condition="$WHERE == 'busca'">
<kw name="Log" owner="BuiltIn">
<msg time="2025-01-30T17:28:06.478046" level="INFO">Digitar nome "Notebook" no campo de busca</msg>
<arg>Digitar nome "${SEARCH_NAME}" no campo de busca</arg>
<doc>Logs the given message with the given level.</doc>
<status status="PASS" start="2025-01-30T17:28:06.477932" elapsed="0.000155"/>
</kw>
<kw name="Input Text" owner="SeleniumLibrary">
<msg time="2025-01-30T17:28:06.478344" level="INFO">Typing text 'Notebook' into text field '//input[contains(@type,'search')]'.</msg>
<arg>locator=${SEARCH_TEXT}</arg>
<arg>text=${SEARCH_NAME}</arg>
<doc>Types the given ``text`` into the text field identified by ``locator``.</doc>
<status status="PASS" start="2025-01-30T17:28:06.478173" elapsed="0.224066"/>
</kw>
<status status="PASS" start="2025-01-30T17:28:06.477743" elapsed="0.224617"/>
</branch>
<branch type="ELSE IF" condition="$WHERE == 'filtro'">
<kw name="Log" owner="BuiltIn">
<arg>Digitar nome "${SEARCH_NAME}" no campo de filtro</arg>
<doc>Logs the given message with the given level.</doc>
<status status="NOT RUN" start="2025-01-30T17:28:06.702657" elapsed="0.000044"/>
</kw>
<kw name="Input Text" owner="SeleniumLibrary">
<arg>locator=${SEARCH_FILTER}</arg>
<arg>text=${SEARCH_NAME}</arg>
<doc>Types the given ``text`` into the text field identified by ``locator``.</doc>
<status status="NOT RUN" start="2025-01-30T17:28:06.702864" elapsed="0.000037"/>
</kw>
<status status="NOT RUN" start="2025-01-30T17:28:06.702439" elapsed="0.000519"/>
</branch>
<status status="PASS" start="2025-01-30T17:28:06.477721" elapsed="0.225292"/>
</if>
<status status="PASS" start="2025-01-30T17:28:06.477585" elapsed="0.225529"/>
</kw>
<kw name="Clicar no botao de busca" owner="Home" source_name="Clicar no botao de ${WHERE}">
<kw name="Run Keyword And Return Status" owner="BuiltIn">
<kw name="Element Should Be Visible" owner="SeleniumLibrary">
<msg time="2025-01-30T17:28:06.704381" level="FAIL">Variable '${SEARCH_BUTTON}' not found. Did you mean:
    ${SEARCH_BUTTON_TEXT}</msg>
<arg>${SEARCH_BUTTON}</arg>
<doc>Verifies that the element identified by ``locator`` is visible.</doc>
<status status="FAIL" start="2025-01-30T17:28:06.703851" elapsed="0.000561">Variable '${SEARCH_BUTTON}' not found. Did you mean:
    ${SEARCH_BUTTON_TEXT}</status>
</kw>
<msg time="2025-01-30T17:28:06.704489" level="INFO">${SEARCH_IS_VISIBLE} = False</msg>
<var>${SEARCH_IS_VISIBLE}</var>
<arg>Element Should Be Visible</arg>
<arg>${SEARCH_BUTTON}</arg>
<doc>Runs the given keyword with given arguments and returns the status as a Boolean value.</doc>
<status status="PASS" start="2025-01-30T17:28:06.703734" elapsed="0.000773"/>
</kw>
<if>
<branch type="IF" condition="${SEARCH_IS_VISIBLE}">
<kw name="Log" owner="BuiltIn">
<arg>Botão de pesquisa encontrado. Clicando no botão.</arg>
<doc>Logs the given message with the given level.</doc>
<status status="NOT RUN" start="2025-01-30T17:28:06.704666" elapsed="0.000018"/>
</kw>
<kw name="Click Element" owner="SeleniumLibrary">
<arg>${SEARCH_BUTTON}</arg>
<doc>Click the element identified by ``locator``.</doc>
<status status="NOT RUN" start="2025-01-30T17:28:06.704760" elapsed="0.000018"/>
</kw>
<status status="NOT RUN" start="2025-01-30T17:28:06.704564" elapsed="0.000239"/>
</branch>
<branch type="ELSE">
<kw name="Log" owner="BuiltIn">
<msg time="2025-01-30T17:28:06.704968" level="INFO">Botão de pesquisa não encontrado. Pressionando Enter.</msg>
<arg>Botão de pesquisa não encontrado. Pressionando Enter.</arg>
<doc>Logs the given message with the given level.</doc>
<status status="PASS" start="2025-01-30T17:28:06.704896" elapsed="0.000103"/>
</kw>
<kw name="Press Keys" owner="SeleniumLibrary">
<msg time="2025-01-30T17:28:06.705353" level="INFO">Sending key(s) ('RETURN',) to page.</msg>
<msg time="2025-01-30T17:28:06.705442" level="INFO">Pressing special key RETURN to browser.</msg>
<msg time="2025-01-30T17:28:06.705487" level="INFO">Releasing special key RETURN.</msg>
<arg>NONE</arg>
<arg>RETURN</arg>
<doc>Simulates the user pressing key(s) to an element or on the active browser.</doc>
<status status="PASS" start="2025-01-30T17:28:06.705096" elapsed="0.104770"/>
</kw>
<status status="PASS" start="2025-01-30T17:28:06.704827" elapsed="0.105133"/>
</branch>
<status status="PASS" start="2025-01-30T17:28:06.704550" elapsed="0.105454"/>
</if>
<status status="PASS" start="2025-01-30T17:28:06.703409" elapsed="0.106699"/>
</kw>
<status status="PASS" start="2025-01-30T17:28:06.477334" elapsed="0.332835"/>
</kw>
<kw name="Então o produto &quot;Notebook&quot; deve aparecer nos resultados da pesquisa" owner="Search" source_name="Então o produto &quot;${PRODUCT}&quot; deve aparecer nos resultados da pesquisa">
<kw name="Verificar se esta listando o produto &quot;${PRODUCT}&quot;" owner="Search" source_name="Verificar se esta listando o produto &quot;${PRODUCT}&quot;">
<kw name="Convert To Lower Case" owner="String">
<msg time="2025-01-30T17:28:06.811352" level="INFO">${NAME_PRODUCT} = notebook</msg>
<var>${NAME_PRODUCT}</var>
<arg>${PRODUCT}</arg>
<doc>Converts string to lower case.</doc>
<status status="PASS" start="2025-01-30T17:28:06.811198" elapsed="0.000176"/>
</kw>
<kw name="Wait Until Page Contains Element" owner="SeleniumLibrary">
<msg time="2025-01-30T17:28:37.098165" level="INFO" html="true">&lt;/td&gt;&lt;/tr&gt;&lt;tr&gt;&lt;td colspan="3"&gt;&lt;a href="selenium-screenshot-22.png"&gt;&lt;img src="selenium-screenshot-22.png" width="800px"&gt;&lt;/a&gt;</msg>
<msg time="2025-01-30T17:28:37.098286" level="FAIL">Element 'notebook' did not appear in 30 seconds.</msg>
<arg>${NAME_PRODUCT}</arg>
<arg>timeout=${TIMEOUT}</arg>
<doc>Waits until the element ``locator`` appears on the current page.</doc>
<status status="FAIL" start="2025-01-30T17:28:06.811511" elapsed="30.287506">Element 'notebook' did not appear in 30 seconds.</status>
</kw>
<kw name="Scroll Element Into View" owner="SeleniumLibrary">
<arg>//h1[@data-testid='main-title'][contains(.,'${NAME_PRODUCT}')]</arg>
<doc>Scrolls the element identified by ``locator`` into view.</doc>
<status status="NOT RUN" start="2025-01-30T17:28:37.099205" elapsed="0.000026"/>
</kw>
<kw name="Wait Until Page Contains Element" owner="SeleniumLibrary">
<arg>//h1[@data-testid='main-title'][contains(.,'${NAME_PRODUCT}')]</arg>
<arg>timeout=${TIMEOUT}</arg>
<doc>Waits until the element ``locator`` appears on the current page.</doc>
<status status="NOT RUN" start="2025-01-30T17:28:37.099309" elapsed="0.000019"/>
</kw>
<status status="FAIL" start="2025-01-30T17:28:06.810886" elapsed="30.288531">Element 'notebook' did not appear in 30 seconds.</status>
</kw>
<status status="FAIL" start="2025-01-30T17:28:06.810423" elapsed="30.289056">Element 'notebook' did not appear in 30 seconds.</status>
</kw>
<kw name="Fechar navegador" owner="resource2" type="TEARDOWN">
<kw name="Close Browser" owner="SeleniumLibrary">
<doc>Closes the current browser.</doc>
<status status="PASS" start="2025-01-30T17:28:37.099967" elapsed="0.077679"/>
</kw>
<kw name="Log" owner="BuiltIn">
<msg time="2025-01-30T17:28:37.178143" level="INFO">Navegador fechado com sucesso.</msg>
<arg>Navegador fechado com sucesso.</arg>
<doc>Logs the given message with the given level.</doc>
<status status="PASS" start="2025-01-30T17:28:37.177936" elapsed="0.000274"/>
</kw>
<status status="PASS" start="2025-01-30T17:28:37.099733" elapsed="0.078578"/>
</kw>
<doc>Este cenário valida a funcionalidade de busca do site, verificando se um produto pesquisado
aparece corretamente nos resultados exibidos. É essencial para assegurar a precisão e usabilidade da busca.</doc>
<tag>sc01</tag>
<tag>Search</tag>
<tag>SearchProduct</tag>
<status status="FAIL" start="2025-01-30T17:28:02.847967" elapsed="34.330487">Element 'notebook' did not appear in 30 seconds.</status>
</test>
<test id="s1-t2" name="Cenário 02: Filtrar Produtos pela Marca" line="19">
<kw name="Abrir navegador" owner="resource2" type="SETUP">
<kw name="Open Browser" owner="SeleniumLibrary">
<msg time="2025-01-30T17:28:37.179783" level="INFO">Opening browser 'headlesschrome' to base url 'None'.</msg>
<arg>browser=${BROWSER}</arg>
<doc>Opens a new browser instance to the optional ``url``.</doc>
<status status="PASS" start="2025-01-30T17:28:37.179634" elapsed="0.269967"/>
</kw>
<kw name="Maximize Browser Window" owner="SeleniumLibrary">
<doc>Maximizes current browser window.</doc>
<status status="PASS" start="2025-01-30T17:28:37.449769" elapsed="0.015183"/>
</kw>
<kw name="Log" owner="BuiltIn">
<msg time="2025-01-30T17:28:37.465350" level="INFO">Navegador aberto com sucesso.</msg>
<arg>Navegador aberto com sucesso.</arg>
<doc>Logs the given message with the given level.</doc>
<status status="PASS" start="2025-01-30T17:28:37.465232" elapsed="0.000150"/>
</kw>
<status status="PASS" start="2025-01-30T17:28:37.179417" elapsed="0.286015"/>
</kw>
<kw name="Dado que o usuário está na página inicial da Magazine Luiza" owner="Home">
<kw name="Acessar página inicial do site Magazine Luiza" owner="Home">
<kw name="Go To" owner="SeleniumLibrary">
<msg time="2025-01-30T17:28:37.466029" level="INFO">Opening url 'https://www.magazineluiza.com.br'</msg>
<arg>${HOME_URL}</arg>
<doc>Navigates the current browser window to the provided ``url``.</doc>
<status status="PASS" start="2025-01-30T17:28:37.465930" elapsed="4.073271"/>
</kw>
<kw name="Log" owner="BuiltIn">
<msg time="2025-01-30T17:28:41.539638" level="INFO">Acessando a página inicial do site Magazine Luiza</msg>
<arg>Acessando a página inicial do site Magazine Luiza</arg>
<doc>Logs the given message with the given level.</doc>
<status status="PASS" start="2025-01-30T17:28:41.539467" elapsed="0.000239"/>
</kw>
<status status="PASS" start="2025-01-30T17:28:37.465778" elapsed="4.074025"/>
</kw>
<kw name="Verificar se o header da pagina é ${HOME_HEADER}" owner="Home" source_name="Verificar se o header da pagina é ${HOME_HEADER}">
<kw name="Wait Until Page Contains Element" owner="SeleniumLibrary">
<arg>//title[@data-testid='link-0'][contains(.,'${HOME_HEADER}')]</arg>
<doc>Waits until the element ``locator`` appears on the current page.</doc>
<status status="PASS" start="2025-01-30T17:28:41.540487" elapsed="0.037297"/>
</kw>
<kw name="Log" owner="BuiltIn">
<msg time="2025-01-30T17:28:41.578195" level="INFO">Header da página é Magazine Luiza | Pra você é Magalu!</msg>
<arg>Header da página é ${HOME_HEADER}</arg>
<doc>Logs the given message with the given level.</doc>
<status status="PASS" start="2025-01-30T17:28:41.577972" elapsed="0.000296"/>
</kw>
<status status="PASS" start="2025-01-30T17:28:41.540051" elapsed="0.038322"/>
</kw>
<status status="PASS" start="2025-01-30T17:28:37.465596" elapsed="4.112855"/>
</kw>
<kw name="Quando ele busca pelo produto &quot;TV&quot;" owner="Home" source_name="Quando ele busca pelo produto &quot;${SEARCH_NAME}&quot;">
<kw name="Digitar nome &quot;${SEARCH_NAME}&quot; no campo de busca" owner="resource2" source_name="Digitar nome &quot;${SEARCH_NAME}&quot; no campo de ${WHERE}">
<if>
<branch type="IF" condition="$WHERE == 'busca'">
<kw name="Log" owner="BuiltIn">
<msg time="2025-01-30T17:28:41.579843" level="INFO">Digitar nome "TV" no campo de busca</msg>
<arg>Digitar nome "${SEARCH_NAME}" no campo de busca</arg>
<doc>Logs the given message with the given level.</doc>
<status status="PASS" start="2025-01-30T17:28:41.579720" elapsed="0.000164"/>
</kw>
<kw name="Input Text" owner="SeleniumLibrary">
<msg time="2025-01-30T17:28:41.580298" level="INFO">Typing text 'TV' into text field '//input[contains(@type,'search')]'.</msg>
<arg>locator=${SEARCH_TEXT}</arg>
<arg>text=${SEARCH_NAME}</arg>
<doc>Types the given ``text`` into the text field identified by ``locator``.</doc>
<status status="PASS" start="2025-01-30T17:28:41.580036" elapsed="0.138150"/>
</kw>
<status status="PASS" start="2025-01-30T17:28:41.579482" elapsed="0.138780"/>
</branch>
<branch type="ELSE IF" condition="$WHERE == 'filtro'">
<kw name="Log" owner="BuiltIn">
<arg>Digitar nome "${SEARCH_NAME}" no campo de filtro</arg>
<doc>Logs the given message with the given level.</doc>
<status status="NOT RUN" start="2025-01-30T17:28:41.718439" elapsed="0.000021"/>
</kw>
<kw name="Input Text" owner="SeleniumLibrary">
<arg>locator=${SEARCH_FILTER}</arg>
<arg>text=${SEARCH_NAME}</arg>
<doc>Types the given ``text`` into the text field identified by ``locator``.</doc>
<status status="NOT RUN" start="2025-01-30T17:28:41.718537" elapsed="0.000017"/>
</kw>
<status status="NOT RUN" start="2025-01-30T17:28:41.718300" elapsed="0.000280"/>
</branch>
<status status="PASS" start="2025-01-30T17:28:41.579456" elapsed="0.139147"/>
</if>
<status status="PASS" start="2025-01-30T17:28:41.579216" elapsed="0.139429"/>
</kw>
<kw name="Clicar no botao de busca" owner="Home" source_name="Clicar no botao de ${WHERE}">
<kw name="Run Keyword And Return Status" owner="BuiltIn">
<kw name="Element Should Be Visible" owner="SeleniumLibrary">
<msg time="2025-01-30T17:28:41.719701" level="FAIL">Variable '${SEARCH_BUTTON}' not found. Did you mean:
    ${SEARCH_BUTTON_TEXT}</msg>
<arg>${SEARCH_BUTTON}</arg>
<doc>Verifies that the element identified by ``locator`` is visible.</doc>
<status status="FAIL" start="2025-01-30T17:28:41.719227" elapsed="0.000509">Variable '${SEARCH_BUTTON}' not found. Did you mean:
    ${SEARCH_BUTTON_TEXT}</status>
</kw>
<msg time="2025-01-30T17:28:41.719818" level="INFO">${SEARCH_IS_VISIBLE} = False</msg>
<var>${SEARCH_IS_VISIBLE}</var>
<arg>Element Should Be Visible</arg>
<arg>${SEARCH_BUTTON}</arg>
<doc>Runs the given keyword with given arguments and returns the status as a Boolean value.</doc>
<status status="PASS" start="2025-01-30T17:28:41.719103" elapsed="0.000731"/>
</kw>
<if>
<branch type="IF" condition="${SEARCH_IS_VISIBLE}">
<kw name="Log" owner="BuiltIn">
<arg>Botão de pesquisa encontrado. Clicando no botão.</arg>
<doc>Logs the given message with the given level.</doc>
<status status="NOT RUN" start="2025-01-30T17:28:41.720050" elapsed="0.000021"/>
</kw>
<kw name="Click Element" owner="SeleniumLibrary">
<arg>${SEARCH_BUTTON}</arg>
<doc>Click the element identified by ``locator``.</doc>
<status status="NOT RUN" start="2025-01-30T17:28:41.720147" elapsed="0.000017"/>
</kw>
<status status="NOT RUN" start="2025-01-30T17:28:41.719904" elapsed="0.000286"/>
</branch>
<branch type="ELSE">
<kw name="Log" owner="BuiltIn">
<msg time="2025-01-30T17:28:41.720372" level="INFO">Botão de pesquisa não encontrado. Pressionando Enter.</msg>
<arg>Botão de pesquisa não encontrado. Pressionando Enter.</arg>
<doc>Logs the given message with the given level.</doc>
<status status="PASS" start="2025-01-30T17:28:41.720282" elapsed="0.000124"/>
</kw>
<kw name="Press Keys" owner="SeleniumLibrary">
<msg time="2025-01-30T17:28:41.720779" level="INFO">Sending key(s) ('RETURN',) to page.</msg>
<msg time="2025-01-30T17:28:41.720866" level="INFO">Pressing special key RETURN to browser.</msg>
<msg time="2025-01-30T17:28:41.720905" level="INFO">Releasing special key RETURN.</msg>
<arg>NONE</arg>
<arg>RETURN</arg>
<doc>Simulates the user pressing key(s) to an element or on the active browser.</doc>
<status status="PASS" start="2025-01-30T17:28:41.720484" elapsed="0.065936"/>
</kw>
<status status="PASS" start="2025-01-30T17:28:41.720217" elapsed="0.066281"/>
</branch>
<status status="PASS" start="2025-01-30T17:28:41.719884" elapsed="0.066655"/>
</if>
<status status="PASS" start="2025-01-30T17:28:41.718869" elapsed="0.067734"/>
</kw>
<status status="PASS" start="2025-01-30T17:28:41.578748" elapsed="0.207909"/>
</kw>
<kw name="E aplica o filtro pela marca" owner="Search">
<kw name="Verifica se o filtro de marcas está visível" owner="Search">
<kw name="Wait Until Page Contains Element" owner="SeleniumLibrary">
<msg time="2025-01-30T17:29:11.997612" level="INFO" html="true">&lt;/td&gt;&lt;/tr&gt;&lt;tr&gt;&lt;td colspan="3"&gt;&lt;a href="selenium-screenshot-23.png"&gt;&lt;img src="selenium-screenshot-23.png" width="800px"&gt;&lt;/a&gt;</msg>
<msg time="2025-01-30T17:29:11.997785" level="FAIL">Element '//p[@data-testid='main-title'][contains(.,'Marca')]' did not appear in 30 seconds.</msg>
<arg>${SEARCH_MARCA}</arg>
<arg>timeout=${TIMEOUT}</arg>
<doc>Waits until the element ``locator`` appears on the current page.</doc>
<status status="FAIL" start="2025-01-30T17:28:41.787514" elapsed="30.210699">Element '//p[@data-testid='main-title'][contains(.,'Marca')]' did not appear in 30 seconds.</status>
</kw>
<status status="FAIL" start="2025-01-30T17:28:41.787286" elapsed="30.211042">Element '//p[@data-testid='main-title'][contains(.,'Marca')]' did not appear in 30 seconds.</status>
</kw>
<for flavor="IN">
<iter>
<kw name="Filtrar a marca ${LIST_PRODUCTS}" owner="Search" source_name="Filtrar a marca ${LIST_PRODUCTS}">
<status status="NOT RUN" start="2025-01-30T17:29:11.998656" elapsed="0.000027"/>
</kw>
<kw name="Clear Element Text" owner="SeleniumLibrary">
<arg>${SEARCH_FILTER}</arg>
<doc>Clears the value of the text-input-element identified by ``locator``.</doc>
<status status="NOT RUN" start="2025-01-30T17:29:11.998770" elapsed="0.000021"/>
</kw>
<kw name="Sleep" owner="BuiltIn">
<arg>${TIMEOUT_SLEEP}</arg>
<doc>Pauses the test executed for the given time.</doc>
<status status="NOT RUN" start="2025-01-30T17:29:11.998861" elapsed="0.000019"/>
</kw>
<var name="${LIST_PRODUCTS}"/>
<status status="NOT RUN" start="2025-01-30T17:29:11.998476" elapsed="0.000439"/>
</iter>
<var>${LIST_PRODUCTS}</var>
<value>@{LIST_PRODUCTS}</value>
<status status="NOT RUN" start="2025-01-30T17:29:11.998392" elapsed="0.000558"/>
</for>
<arg>Samsung</arg>
<arg>LG</arg>
<arg>Philips</arg>
<status status="FAIL" start="2025-01-30T17:28:41.786918" elapsed="30.212099">Element '//p[@data-testid='main-title'][contains(.,'Marca')]' did not appear in 30 seconds.</status>
</kw>
<kw name="Então devem ser exibidos somente produtos das marcas" owner="Search">
<arg>Samsung</arg>
<arg>LG</arg>
<arg>Philips</arg>
<status status="NOT RUN" start="2025-01-30T17:29:11.999195" elapsed="0.000025"/>
</kw>
<kw name="Fechar navegador" owner="resource2" type="TEARDOWN">
<kw name="Close Browser" owner="SeleniumLibrary">
<doc>Closes the current browser.</doc>
<status status="PASS" start="2025-01-30T17:29:11.999579" elapsed="0.081733"/>
</kw>
<kw name="Log" owner="BuiltIn">
<msg time="2025-01-30T17:29:12.081784" level="INFO">Navegador fechado com sucesso.</msg>
<arg>Navegador fechado com sucesso.</arg>
<doc>Logs the given message with the given level.</doc>
<status status="PASS" start="2025-01-30T17:29:12.081597" elapsed="0.000255"/>
</kw>
<status status="PASS" start="2025-01-30T17:29:11.999398" elapsed="0.082558"/>
</kw>
<doc>Este cenário verifica a capacidade do sistema de filtrar produtos por marca específica.
O objetivo é garantir que o filtro funcione corretamente e retorne apenas produtos relevantes ao critério.</doc>
<tag>Filter</tag>
<tag>FilterByBrand</tag>
<tag>sc02</tag>
<tag>Search</tag>
<status status="FAIL" start="2025-01-30T17:28:37.178921" elapsed="34.903186">Element '//p[@data-testid='main-title'][contains(.,'Marca')]' did not appear in 30 seconds.</status>
</test>
<test id="s1-t3" name="Cenário 03: Ver Ofertas de uma Marca" line="28">
<kw name="Abrir navegador" owner="resource2" type="SETUP">
<kw name="Open Browser" owner="SeleniumLibrary">
<msg time="2025-01-30T17:29:12.083795" level="INFO">Opening browser 'headlesschrome' to base url 'None'.</msg>
<arg>browser=${BROWSER}</arg>
<doc>Opens a new browser instance to the optional ``url``.</doc>
<status status="PASS" start="2025-01-30T17:29:12.083651" elapsed="0.279904"/>
</kw>
<kw name="Maximize Browser Window" owner="SeleniumLibrary">
<doc>Maximizes current browser window.</doc>
<status status="PASS" start="2025-01-30T17:29:12.363720" elapsed="0.015771"/>
</kw>
<kw name="Log" owner="BuiltIn">
<msg time="2025-01-30T17:29:12.379867" level="INFO">Navegador aberto com sucesso.</msg>
<arg>Navegador aberto com sucesso.</arg>
<doc>Logs the given message with the given level.</doc>
<status status="PASS" start="2025-01-30T17:29:12.379754" elapsed="0.000146"/>
</kw>
<status status="PASS" start="2025-01-30T17:29:12.083450" elapsed="0.296504"/>
</kw>
<kw name="Dado que o usuário está na página inicial da Magazine Luiza" owner="Home">
<kw name="Acessar página inicial do site Magazine Luiza" owner="Home">
<kw name="Go To" owner="SeleniumLibrary">
<msg time="2025-01-30T17:29:12.380695" level="INFO">Opening url 'https://www.magazineluiza.com.br'</msg>
<arg>${HOME_URL}</arg>
<doc>Navigates the current browser window to the provided ``url``.</doc>
<status status="PASS" start="2025-01-30T17:29:12.380556" elapsed="3.788066"/>
</kw>
<kw name="Log" owner="BuiltIn">
<msg time="2025-01-30T17:29:16.168891" level="INFO">Acessando a página inicial do site Magazine Luiza</msg>
<arg>Acessando a página inicial do site Magazine Luiza</arg>
<doc>Logs the given message with the given level.</doc>
<status status="PASS" start="2025-01-30T17:29:16.168789" elapsed="0.000134"/>
</kw>
<status status="PASS" start="2025-01-30T17:29:12.380349" elapsed="3.788710"/>
</kw>
<kw name="Verificar se o header da pagina é ${HOME_HEADER}" owner="Home" source_name="Verificar se o header da pagina é ${HOME_HEADER}">
<kw name="Wait Until Page Contains Element" owner="SeleniumLibrary">
<arg>//title[@data-testid='link-0'][contains(.,'${HOME_HEADER}')]</arg>
<doc>Waits until the element ``locator`` appears on the current page.</doc>
<status status="PASS" start="2025-01-30T17:29:16.169388" elapsed="0.031711"/>
</kw>
<kw name="Log" owner="BuiltIn">
<msg time="2025-01-30T17:29:16.201416" level="INFO">Header da página é Magazine Luiza | Pra você é Magalu!</msg>
<arg>Header da página é ${HOME_HEADER}</arg>
<doc>Logs the given message with the given level.</doc>
<status status="PASS" start="2025-01-30T17:29:16.201273" elapsed="0.000178"/>
</kw>
<status status="PASS" start="2025-01-30T17:29:16.169177" elapsed="0.032326"/>
</kw>
<status status="PASS" start="2025-01-30T17:29:12.380150" elapsed="3.821394"/>
</kw>
<kw name="Quando ele acessa a página &quot;Ofertas do Dia&quot;" owner="Search" source_name="Quando ele acessa a página &quot;${PAGE}&quot;">
<kw name="Entrar na página &quot;${PAGE}&quot;" owner="Search" source_name="Entrar na página &quot;${PAGE}&quot;">
<kw name="Click Element" owner="SeleniumLibrary">
<msg time="2025-01-30T17:29:16.202264" level="INFO">Clicking element '//a[@data-testid='link'][contains(.,'Ofertas do Dia')]'.</msg>
<arg>//a[@data-testid='link'][contains(.,'${PAGE}')]</arg>
<doc>Click the element identified by ``locator``.</doc>
<status status="PASS" start="2025-01-30T17:29:16.202119" elapsed="1.644550"/>
</kw>
<kw name="Log" owner="BuiltIn">
<msg time="2025-01-30T17:29:17.846979" level="INFO">Ofertas do Dia</msg>
<arg>${PAGE}</arg>
<doc>Logs the given message with the given level.</doc>
<status status="PASS" start="2025-01-30T17:29:17.846845" elapsed="0.000167"/>
</kw>
<kw name="Get Location" owner="SeleniumLibrary">
<msg time="2025-01-30T17:29:17.852649" level="INFO">${CURRENT_URL} = https://validate.perfdrive.com/ca4df1c7abf7ea2cc50ab30bdf7ed2bb/?ssa=50c4c082-d33e-414d-b48b-491e571f052e&amp;ssb=74012298192&amp;ssc=https%3A%2F%2Fwww.magazineluiza.com.br%2Fselecao%2Fofertasdodia%2F&amp;ssi=3ad...</msg>
<var>${CURRENT_URL}</var>
<doc>Returns the current browser window URL.</doc>
<status status="PASS" start="2025-01-30T17:29:17.847126" elapsed="0.005583"/>
</kw>
<kw name="Convert To Lower Case" owner="String">
<msg time="2025-01-30T17:29:17.853202" level="INFO">${LOWER_STRING} = ofertas do dia</msg>
<var>${LOWER_STRING}</var>
<arg>${PAGE}</arg>
<doc>Converts string to lower case.</doc>
<status status="PASS" start="2025-01-30T17:29:17.852959" elapsed="0.000261"/>
</kw>
<kw name="Removing Spaces" owner="formatString">
<msg time="2025-01-30T17:29:17.853444" level="INFO">Formatted string:  ofertasdodia</msg>
<msg time="2025-01-30T17:29:17.853490" level="INFO">${PAGE_UPDATED} = ofertasdodia</msg>
<var>${PAGE_UPDATED}</var>
<arg>${LOWER_STRING}</arg>
<doc>Função para remover espaços de Strings</doc>
<status status="PASS" start="2025-01-30T17:29:17.853297" elapsed="0.000208"/>
</kw>
<kw name="Should Contain" owner="BuiltIn">
<arg>${CURRENT_URL}</arg>
<arg>${PAGE_UPDATED}</arg>
<arg>A URL atual não contém a parte esperada: ${PAGE_UPDATED}.</arg>
<doc>Fails if ``container`` does not contain ``item`` one or more times.</doc>
<status status="PASS" start="2025-01-30T17:29:17.853608" elapsed="0.000149"/>
</kw>
<status status="PASS" start="2025-01-30T17:29:16.201921" elapsed="1.651890"/>
</kw>
<status status="PASS" start="2025-01-30T17:29:16.201703" elapsed="1.652148"/>
</kw>
<kw name="E aplica o filtro pela marca" owner="Search">
<kw name="Verifica se o filtro de marcas está visível" owner="Search">
<kw name="Wait Until Page Contains Element" owner="SeleniumLibrary">
<msg time="2025-01-30T17:29:48.116638" level="INFO" html="true">&lt;/td&gt;&lt;/tr&gt;&lt;tr&gt;&lt;td colspan="3"&gt;&lt;a href="selenium-screenshot-24.png"&gt;&lt;img src="selenium-screenshot-24.png" width="800px"&gt;&lt;/a&gt;</msg>
<msg time="2025-01-30T17:29:48.116846" level="FAIL">Element '//p[@data-testid='main-title'][contains(.,'Marca')]' did not appear in 30 seconds.</msg>
<arg>${SEARCH_MARCA}</arg>
<arg>timeout=${TIMEOUT}</arg>
<doc>Waits until the element ``locator`` appears on the current page.</doc>
<status status="FAIL" start="2025-01-30T17:29:17.854375" elapsed="30.262776">Element '//p[@data-testid='main-title'][contains(.,'Marca')]' did not appear in 30 seconds.</status>
</kw>
<status status="FAIL" start="2025-01-30T17:29:17.854214" elapsed="30.263052">Element '//p[@data-testid='main-title'][contains(.,'Marca')]' did not appear in 30 seconds.</status>
</kw>
<for flavor="IN">
<iter>
<kw name="Filtrar a marca ${LIST_PRODUCTS}" owner="Search" source_name="Filtrar a marca ${LIST_PRODUCTS}">
<status status="NOT RUN" start="2025-01-30T17:29:48.117582" elapsed="0.000026"/>
</kw>
<kw name="Clear Element Text" owner="SeleniumLibrary">
<arg>${SEARCH_FILTER}</arg>
<doc>Clears the value of the text-input-element identified by ``locator``.</doc>
<status status="NOT RUN" start="2025-01-30T17:29:48.117695" elapsed="0.000021"/>
</kw>
<kw name="Sleep" owner="BuiltIn">
<arg>${TIMEOUT_SLEEP}</arg>
<doc>Pauses the test executed for the given time.</doc>
<status status="NOT RUN" start="2025-01-30T17:29:48.117787" elapsed="0.000020"/>
</kw>
<var name="${LIST_PRODUCTS}"/>
<status status="NOT RUN" start="2025-01-30T17:29:48.117403" elapsed="0.000432"/>
</iter>
<var>${LIST_PRODUCTS}</var>
<value>@{LIST_PRODUCTS}</value>
<status status="NOT RUN" start="2025-01-30T17:29:48.117325" elapsed="0.000546"/>
</for>
<arg>Adidas</arg>
<status status="FAIL" start="2025-01-30T17:29:17.854028" elapsed="30.263908">Element '//p[@data-testid='main-title'][contains(.,'Marca')]' did not appear in 30 seconds.</status>
</kw>
<kw name="Então devem ser exibidos somente produtos das marcas" owner="Search">
<arg>Adidas</arg>
<status status="NOT RUN" start="2025-01-30T17:29:48.118109" elapsed="0.000039"/>
</kw>
<kw name="Fechar navegador" owner="resource2" type="TEARDOWN">
<kw name="Close Browser" owner="SeleniumLibrary">
<doc>Closes the current browser.</doc>
<status status="PASS" start="2025-01-30T17:29:48.118515" elapsed="0.080077"/>
</kw>
<kw name="Log" owner="BuiltIn">
<msg time="2025-01-30T17:29:48.199093" level="INFO">Navegador fechado com sucesso.</msg>
<arg>Navegador fechado com sucesso.</arg>
<doc>Logs the given message with the given level.</doc>
<status status="PASS" start="2025-01-30T17:29:48.198965" elapsed="0.000161"/>
</kw>
<status status="PASS" start="2025-01-30T17:29:48.118315" elapsed="0.080860"/>
</kw>
<doc>Este cenário valida se o usuário consegue visualizar corretamente as ofertas disponíveis para uma marca específica.</doc>
<tag>sc03</tag>
<tag>Search</tag>
<tag>ViewBrandOffers</tag>
<status status="FAIL" start="2025-01-30T17:29:12.082674" elapsed="36.116573">Element '//p[@data-testid='main-title'][contains(.,'Marca')]' did not appear in 30 seconds.</status>
</test>
<test id="s1-t4" name="Cenário 04: Adicionar Múltiplos Produtos ao Carrinho" line="36">
<kw name="Abrir navegador" owner="resource2" type="SETUP">
<kw name="Open Browser" owner="SeleniumLibrary">
<msg time="2025-01-30T17:29:48.200230" level="INFO">Opening browser 'headlesschrome' to base url 'None'.</msg>
<arg>browser=${BROWSER}</arg>
<doc>Opens a new browser instance to the optional ``url``.</doc>
<status status="PASS" start="2025-01-30T17:29:48.200095" elapsed="0.263960"/>
</kw>
<kw name="Maximize Browser Window" owner="SeleniumLibrary">
<doc>Maximizes current browser window.</doc>
<status status="PASS" start="2025-01-30T17:29:48.464222" elapsed="0.015909"/>
</kw>
<kw name="Log" owner="BuiltIn">
<msg time="2025-01-30T17:29:48.480575" level="INFO">Navegador aberto com sucesso.</msg>
<arg>Navegador aberto com sucesso.</arg>
<doc>Logs the given message with the given level.</doc>
<status status="PASS" start="2025-01-30T17:29:48.480397" elapsed="0.000245"/>
</kw>
<status status="PASS" start="2025-01-30T17:29:48.199889" elapsed="0.280936"/>
</kw>
<kw name="Dado que o usuário está na página inicial da Magazine Luiza" owner="Home">
<kw name="Acessar página inicial do site Magazine Luiza" owner="Home">
<kw name="Go To" owner="SeleniumLibrary">
<msg time="2025-01-30T17:29:48.481694" level="INFO">Opening url 'https://www.magazineluiza.com.br'</msg>
<arg>${HOME_URL}</arg>
<doc>Navigates the current browser window to the provided ``url``.</doc>
<status status="PASS" start="2025-01-30T17:29:48.481604" elapsed="2.726952"/>
</kw>
<kw name="Log" owner="BuiltIn">
<msg time="2025-01-30T17:29:51.208984" level="INFO">Acessando a página inicial do site Magazine Luiza</msg>
<arg>Acessando a página inicial do site Magazine Luiza</arg>
<doc>Logs the given message with the given level.</doc>
<status status="PASS" start="2025-01-30T17:29:51.208813" elapsed="0.000266"/>
</kw>
<status status="PASS" start="2025-01-30T17:29:48.481460" elapsed="2.727705"/>
</kw>
<kw name="Verificar se o header da pagina é ${HOME_HEADER}" owner="Home" source_name="Verificar se o header da pagina é ${HOME_HEADER}">
<kw name="Wait Until Page Contains Element" owner="SeleniumLibrary">
<arg>//title[@data-testid='link-0'][contains(.,'${HOME_HEADER}')]</arg>
<doc>Waits until the element ``locator`` appears on the current page.</doc>
<status status="PASS" start="2025-01-30T17:29:51.209733" elapsed="0.030898"/>
</kw>
<kw name="Log" owner="BuiltIn">
<msg time="2025-01-30T17:29:51.241122" level="INFO">Header da página é Magazine Luiza | Pra você é Magalu!</msg>
<arg>Header da página é ${HOME_HEADER}</arg>
<doc>Logs the given message with the given level.</doc>
<status status="PASS" start="2025-01-30T17:29:51.240865" elapsed="0.000327"/>
</kw>
<status status="PASS" start="2025-01-30T17:29:51.209369" elapsed="0.031925"/>
</kw>
<status status="PASS" start="2025-01-30T17:29:48.481159" elapsed="2.760212"/>
</kw>
<kw name="Quando ele busca e adiciona ao carrinho os produtos" owner="Cart">
<for flavor="IN">
<iter>
<kw name="Quando ele busca pelo produto &quot;${PRODUCT}&quot;" owner="Home" source_name="Quando ele busca pelo produto &quot;${SEARCH_NAME}&quot;">
<kw name="Digitar nome &quot;${SEARCH_NAME}&quot; no campo de busca" owner="resource2" source_name="Digitar nome &quot;${SEARCH_NAME}&quot; no campo de ${WHERE}">
<if>
<branch type="IF" condition="$WHERE == 'busca'">
<kw name="Log" owner="BuiltIn">
<msg time="2025-01-30T17:29:51.243230" level="INFO">Digitar nome "Brinquedo Cachorro" no campo de busca</msg>
<arg>Digitar nome "${SEARCH_NAME}" no campo de busca</arg>
<doc>Logs the given message with the given level.</doc>
<status status="PASS" start="2025-01-30T17:29:51.243135" elapsed="0.000132"/>
</kw>
<kw name="Input Text" owner="SeleniumLibrary">
<msg time="2025-01-30T17:29:51.243507" level="INFO">Typing text 'Brinquedo Cachorro' into text field '//input[contains(@type,'search')]'.</msg>
<arg>locator=${SEARCH_TEXT}</arg>
<arg>text=${SEARCH_NAME}</arg>
<doc>Types the given ``text`` into the text field identified by ``locator``.</doc>
<status status="PASS" start="2025-01-30T17:29:51.243351" elapsed="0.403043"/>
</kw>
<status status="PASS" start="2025-01-30T17:29:51.242956" elapsed="0.403558"/>
</branch>
<branch type="ELSE IF" condition="$WHERE == 'filtro'">
<kw name="Log" owner="BuiltIn">
<arg>Digitar nome "${SEARCH_NAME}" no campo de filtro</arg>
<doc>Logs the given message with the given level.</doc>
<status status="NOT RUN" start="2025-01-30T17:29:51.646796" elapsed="0.000042"/>
</kw>
<kw name="Input Text" owner="SeleniumLibrary">
<arg>locator=${SEARCH_FILTER}</arg>
<arg>text=${SEARCH_NAME}</arg>
<doc>Types the given ``text`` into the text field identified by ``locator``.</doc>
<status status="NOT RUN" start="2025-01-30T17:29:51.646992" elapsed="0.000053"/>
</kw>
<status status="NOT RUN" start="2025-01-30T17:29:51.646581" elapsed="0.000520"/>
</branch>
<status status="PASS" start="2025-01-30T17:29:51.242942" elapsed="0.404208"/>
</if>
<status status="PASS" start="2025-01-30T17:29:51.242803" elapsed="0.404424"/>
</kw>
<kw name="Clicar no botao de busca" owner="Home" source_name="Clicar no botao de ${WHERE}">
<kw name="Run Keyword And Return Status" owner="BuiltIn">
<kw name="Element Should Be Visible" owner="SeleniumLibrary">
<msg time="2025-01-30T17:29:51.648417" level="FAIL">Variable '${SEARCH_BUTTON}' not found. Did you mean:
    ${SEARCH_BUTTON_TEXT}</msg>
<arg>${SEARCH_BUTTON}</arg>
<doc>Verifies that the element identified by ``locator`` is visible.</doc>
<status status="FAIL" start="2025-01-30T17:29:51.647795" elapsed="0.000650">Variable '${SEARCH_BUTTON}' not found. Did you mean:
    ${SEARCH_BUTTON_TEXT}</status>
</kw>
<msg time="2025-01-30T17:29:51.648518" level="INFO">${SEARCH_IS_VISIBLE} = False</msg>
<var>${SEARCH_IS_VISIBLE}</var>
<arg>Element Should Be Visible</arg>
<arg>${SEARCH_BUTTON}</arg>
<doc>Runs the given keyword with given arguments and returns the status as a Boolean value.</doc>
<status status="PASS" start="2025-01-30T17:29:51.647685" elapsed="0.000850"/>
</kw>
<if>
<branch type="IF" condition="${SEARCH_IS_VISIBLE}">
<kw name="Log" owner="BuiltIn">
<arg>Botão de pesquisa encontrado. Clicando no botão.</arg>
<doc>Logs the given message with the given level.</doc>
<status status="NOT RUN" start="2025-01-30T17:29:51.648684" elapsed="0.000017"/>
</kw>
<kw name="Click Element" owner="SeleniumLibrary">
<arg>${SEARCH_BUTTON}</arg>
<doc>Click the element identified by ``locator``.</doc>
<status status="NOT RUN" start="2025-01-30T17:29:51.648773" elapsed="0.000017"/>
</kw>
<status status="NOT RUN" start="2025-01-30T17:29:51.648589" elapsed="0.000226"/>
</branch>
<branch type="ELSE">
<kw name="Log" owner="BuiltIn">
<msg time="2025-01-30T17:29:51.648975" level="INFO">Botão de pesquisa não encontrado. Pressionando Enter.</msg>
<arg>Botão de pesquisa não encontrado. Pressionando Enter.</arg>
<doc>Logs the given message with the given level.</doc>
<status status="PASS" start="2025-01-30T17:29:51.648903" elapsed="0.000104"/>
</kw>
<kw name="Press Keys" owner="SeleniumLibrary">
<msg time="2025-01-30T17:29:51.649318" level="INFO">Sending key(s) ('RETURN',) to page.</msg>
<msg time="2025-01-30T17:29:51.649374" level="INFO">Pressing special key RETURN to browser.</msg>
<msg time="2025-01-30T17:29:51.649400" level="INFO">Releasing special key RETURN.</msg>
<arg>NONE</arg>
<arg>RETURN</arg>
<doc>Simulates the user pressing key(s) to an element or on the active browser.</doc>
<status status="PASS" start="2025-01-30T17:29:51.649102" elapsed="0.069247"/>
</kw>
<status status="PASS" start="2025-01-30T17:29:51.648840" elapsed="0.069600"/>
</branch>
<status status="PASS" start="2025-01-30T17:29:51.648576" elapsed="0.069899"/>
</if>
<status status="PASS" start="2025-01-30T17:29:51.647489" elapsed="0.071064"/>
</kw>
<status status="PASS" start="2025-01-30T17:29:51.242485" elapsed="0.476112"/>
</kw>
<kw name="E adiciona ao carrinho o produto &quot;${PRODUCT}&quot;" owner="Cart" source_name="E adiciona ao carrinho o produto &quot;${NAME_PRODUCT}&quot;">
<kw name="Visualizar o produto ${NAME_PRODUCT}" owner="Cart" source_name="Visualizar o produto ${NAME_PRODUCT}">
<kw name="Verificar se esta listando o produto &quot;${NAME_PRODUCT}&quot;" owner="Search" source_name="Verificar se esta listando o produto &quot;${PRODUCT}&quot;">
<kw name="Convert To Lower Case" owner="String">
<msg time="2025-01-30T17:29:51.719494" level="INFO">${NAME_PRODUCT} = brinquedo cachorro</msg>
<var>${NAME_PRODUCT}</var>
<arg>${PRODUCT}</arg>
<doc>Converts string to lower case.</doc>
<status status="PASS" start="2025-01-30T17:29:51.719378" elapsed="0.000138"/>
</kw>
<kw name="Wait Until Page Contains Element" owner="SeleniumLibrary">
<msg time="2025-01-30T17:30:21.960121" level="INFO" html="true">&lt;/td&gt;&lt;/tr&gt;&lt;tr&gt;&lt;td colspan="3"&gt;&lt;a href="selenium-screenshot-25.png"&gt;&lt;img src="selenium-screenshot-25.png" width="800px"&gt;&lt;/a&gt;</msg>
<msg time="2025-01-30T17:30:21.960293" level="FAIL">Element 'brinquedo cachorro' did not appear in 30 seconds.</msg>
<arg>${NAME_PRODUCT}</arg>
<arg>timeout=${TIMEOUT}</arg>
<doc>Waits until the element ``locator`` appears on the current page.</doc>
<status status="FAIL" start="2025-01-30T17:29:51.719621" elapsed="30.241016">Element 'brinquedo cachorro' did not appear in 30 seconds.</status>
</kw>
<kw name="Scroll Element Into View" owner="SeleniumLibrary">
<arg>//h1[@data-testid='main-title'][contains(.,'${NAME_PRODUCT}')]</arg>
<doc>Scrolls the element identified by ``locator`` into view.</doc>
<status status="NOT RUN" start="2025-01-30T17:30:21.960804" elapsed="0.000025"/>
</kw>
<kw name="Wait Until Page Contains Element" owner="SeleniumLibrary">
<arg>//h1[@data-testid='main-title'][contains(.,'${NAME_PRODUCT}')]</arg>
<arg>timeout=${TIMEOUT}</arg>
<doc>Waits until the element ``locator`` appears on the current page.</doc>
<status status="NOT RUN" start="2025-01-30T17:30:21.960905" elapsed="0.000019"/>
</kw>
<status status="FAIL" start="2025-01-30T17:29:51.719212" elapsed="30.241787">Element 'brinquedo cachorro' did not appear in 30 seconds.</status>
</kw>
<kw name="Click Element" owner="SeleniumLibrary">
<arg>//h2[@data-testid='product-title'][contains(.,'${NAME_PRODUCT}')]</arg>
<doc>Click the element identified by ``locator``.</doc>
<status status="NOT RUN" start="2025-01-30T17:30:21.961098" elapsed="0.000020"/>
</kw>
<kw name="Wait Until Page Contains Element" owner="SeleniumLibrary">
<arg>//h1[@data-testid='heading-product-title'][contains(.,'${NAME_PRODUCT}')]</arg>
<arg>timeout=${TIMEOUT}</arg>
<doc>Waits until the element ``locator`` appears on the current page.</doc>
<status status="NOT RUN" start="2025-01-30T17:30:21.961188" elapsed="0.000028"/>
</kw>
<status status="FAIL" start="2025-01-30T17:29:51.719027" elapsed="30.242249">Element 'brinquedo cachorro' did not appear in 30 seconds.</status>
</kw>
<kw name="Adicionar ao carrinho o produto ${NAME_PRODUCT}" owner="Cart" source_name="Adicionar ao carrinho o produto ${NAME_PRODUCT}">
<status status="NOT RUN" start="2025-01-30T17:30:21.961459" elapsed="0.000025"/>
</kw>
<status status="FAIL" start="2025-01-30T17:29:51.718777" elapsed="30.242759">Element 'brinquedo cachorro' did not appear in 30 seconds.</status>
</kw>
<kw name="Então o produto &quot;${PRODUCT}&quot; deve estar no carrinho" owner="Cart" source_name="Então o produto &quot;${NAME_PRODUCT}&quot; deve estar no carrinho">
<status status="NOT RUN" start="2025-01-30T17:30:21.961631" elapsed="0.000025"/>
</kw>
<kw name="Retornar para página inicial da Magazine Luiza" owner="Home">
<status status="NOT RUN" start="2025-01-30T17:30:21.961734" elapsed="0.000021"/>
</kw>
<var name="${PRODUCT}">Brinquedo Cachorro</var>
<status status="FAIL" start="2025-01-30T17:29:51.242291" elapsed="30.719498">Element 'brinquedo cachorro' did not appear in 30 seconds.</status>
</iter>
<var>${PRODUCT}</var>
<value>@{PRODUCTS}</value>
<status status="FAIL" start="2025-01-30T17:29:51.242084" elapsed="30.719759">Element 'brinquedo cachorro' did not appear in 30 seconds.</status>
</for>
<arg>Brinquedo Cachorro</arg>
<arg>Notebook</arg>
<arg>TV</arg>
<status status="FAIL" start="2025-01-30T17:29:51.241725" elapsed="30.720185">Element 'brinquedo cachorro' did not appear in 30 seconds.</status>
</kw>
<kw name="Então devem estar no carrinho todos os produtos pesquisados" owner="Cart">
<arg>Brinquedo Cachorro</arg>
<arg>Notebook</arg>
<arg>TV</arg>
<status status="NOT RUN" start="2025-01-30T17:30:21.962092" elapsed="0.000023"/>
</kw>
<kw name="Fechar navegador" owner="resource2" type="TEARDOWN">
<kw name="Close Browser" owner="SeleniumLibrary">
<doc>Closes the current browser.</doc>
<status status="PASS" start="2025-01-30T17:30:21.962508" elapsed="0.079881"/>
</kw>
<kw name="Log" owner="BuiltIn">
<msg time="2025-01-30T17:30:22.042842" level="INFO">Navegador fechado com sucesso.</msg>
<arg>Navegador fechado com sucesso.</arg>
<doc>Logs the given message with the given level.</doc>
<status status="PASS" start="2025-01-30T17:30:22.042657" elapsed="0.000251"/>
</kw>
<status status="PASS" start="2025-01-30T17:30:21.962304" elapsed="0.080705"/>
</kw>
<doc>Este cenário avalia a funcionalidade de adicionar vários produtos ao carrinho de compras.
Ele garante que os produtos selecionados sejam incluídos corretamente e exibidos no carrinho.</doc>
<tag>AddMultipleProductsToCart</tag>
<tag>Cart</tag>
<tag>sc04</tag>
<status status="FAIL" start="2025-01-30T17:29:48.199466" elapsed="33.843709">Element 'brinquedo cachorro' did not appear in 30 seconds.</status>
</test>
<test id="s1-t5" name="Cenário 05: Adicionar Único Produto ao Carrinho" line="44">
<kw name="Abrir navegador" owner="resource2" type="SETUP">
<kw name="Open Browser" owner="SeleniumLibrary">
<msg time="2025-01-30T17:30:22.044770" level="INFO">Opening browser 'headlesschrome' to base url 'None'.</msg>
<arg>browser=${BROWSER}</arg>
<doc>Opens a new browser instance to the optional ``url``.</doc>
<status status="PASS" start="2025-01-30T17:30:22.044635" elapsed="0.271525"/>
</kw>
<kw name="Maximize Browser Window" owner="SeleniumLibrary">
<doc>Maximizes current browser window.</doc>
<status status="PASS" start="2025-01-30T17:30:22.316325" elapsed="0.015864"/>
</kw>
<kw name="Log" owner="BuiltIn">
<msg time="2025-01-30T17:30:22.332461" level="INFO">Navegador aberto com sucesso.</msg>
<arg>Navegador aberto com sucesso.</arg>
<doc>Logs the given message with the given level.</doc>
<status status="PASS" start="2025-01-30T17:30:22.332359" elapsed="0.000134"/>
</kw>
<status status="PASS" start="2025-01-30T17:30:22.044434" elapsed="0.288110"/>
</kw>
<kw name="Dado que o usuário está na página inicial da Magazine Luiza" owner="Home">
<kw name="Acessar página inicial do site Magazine Luiza" owner="Home">
<kw name="Go To" owner="SeleniumLibrary">
<msg time="2025-01-30T17:30:22.333105" level="INFO">Opening url 'https://www.magazineluiza.com.br'</msg>
<arg>${HOME_URL}</arg>
<doc>Navigates the current browser window to the provided ``url``.</doc>
<status status="PASS" start="2025-01-30T17:30:22.333008" elapsed="2.825638"/>
</kw>
<kw name="Log" owner="BuiltIn">
<msg time="2025-01-30T17:30:25.158971" level="INFO">Acessando a página inicial do site Magazine Luiza</msg>
<arg>Acessando a página inicial do site Magazine Luiza</arg>
<doc>Logs the given message with the given level.</doc>
<status status="PASS" start="2025-01-30T17:30:25.158850" elapsed="0.000162"/>
</kw>
<status status="PASS" start="2025-01-30T17:30:22.332875" elapsed="2.826223"/>
</kw>
<kw name="Verificar se o header da pagina é ${HOME_HEADER}" owner="Home" source_name="Verificar se o header da pagina é ${HOME_HEADER}">
<kw name="Wait Until Page Contains Element" owner="SeleniumLibrary">
<arg>//title[@data-testid='link-0'][contains(.,'${HOME_HEADER}')]</arg>
<doc>Waits until the element ``locator`` appears on the current page.</doc>
<status status="PASS" start="2025-01-30T17:30:25.159476" elapsed="0.035054"/>
</kw>
<kw name="Log" owner="BuiltIn">
<msg time="2025-01-30T17:30:25.194851" level="INFO">Header da página é Magazine Luiza | Pra você é Magalu!</msg>
<arg>Header da página é ${HOME_HEADER}</arg>
<doc>Logs the given message with the given level.</doc>
<status status="PASS" start="2025-01-30T17:30:25.194713" elapsed="0.000173"/>
</kw>
<status status="PASS" start="2025-01-30T17:30:25.159250" elapsed="0.035687"/>
</kw>
<status status="PASS" start="2025-01-30T17:30:22.332700" elapsed="2.862276"/>
</kw>
<kw name="Quando ele busca pelo produto &quot;Notebook&quot;" owner="Home" source_name="Quando ele busca pelo produto &quot;${SEARCH_NAME}&quot;">
<kw name="Digitar nome &quot;${SEARCH_NAME}&quot; no campo de busca" owner="resource2" source_name="Digitar nome &quot;${SEARCH_NAME}&quot; no campo de ${WHERE}">
<if>
<branch type="IF" condition="$WHERE == 'busca'">
<kw name="Log" owner="BuiltIn">
<msg time="2025-01-30T17:30:25.195764" level="INFO">Digitar nome "Notebook" no campo de busca</msg>
<arg>Digitar nome "${SEARCH_NAME}" no campo de busca</arg>
<doc>Logs the given message with the given level.</doc>
<status status="PASS" start="2025-01-30T17:30:25.195681" elapsed="0.000115"/>
</kw>
<kw name="Input Text" owner="SeleniumLibrary">
<msg time="2025-01-30T17:30:25.196050" level="INFO">Typing text 'Notebook' into text field '//input[contains(@type,'search')]'.</msg>
<arg>locator=${SEARCH_TEXT}</arg>
<arg>text=${SEARCH_NAME}</arg>
<doc>Types the given ``text`` into the text field identified by ``locator``.</doc>
<status status="PASS" start="2025-01-30T17:30:25.195875" elapsed="0.259178"/>
</kw>
<status status="PASS" start="2025-01-30T17:30:25.195520" elapsed="0.259614"/>
</branch>
<branch type="ELSE IF" condition="$WHERE == 'filtro'">
<kw name="Log" owner="BuiltIn">
<arg>Digitar nome "${SEARCH_NAME}" no campo de filtro</arg>
<doc>Logs the given message with the given level.</doc>
<status status="NOT RUN" start="2025-01-30T17:30:25.455311" elapsed="0.000022"/>
</kw>
<kw name="Input Text" owner="SeleniumLibrary">
<arg>locator=${SEARCH_FILTER}</arg>
<arg>text=${SEARCH_NAME}</arg>
<doc>Types the given ``text`` into the text field identified by ``locator``.</doc>
<status status="NOT RUN" start="2025-01-30T17:30:25.455408" elapsed="0.000017"/>
</kw>
<status status="NOT RUN" start="2025-01-30T17:30:25.455173" elapsed="0.000279"/>
</branch>
<status status="PASS" start="2025-01-30T17:30:25.195505" elapsed="0.259971"/>
</if>
<status status="PASS" start="2025-01-30T17:30:25.195369" elapsed="0.260150"/>
</kw>
<kw name="Clicar no botao de busca" owner="Home" source_name="Clicar no botao de ${WHERE}">
<kw name="Run Keyword And Return Status" owner="BuiltIn">
<kw name="Element Should Be Visible" owner="SeleniumLibrary">
<msg time="2025-01-30T17:30:25.456462" level="FAIL">Variable '${SEARCH_BUTTON}' not found. Did you mean:
    ${SEARCH_BUTTON_TEXT}</msg>
<arg>${SEARCH_BUTTON}</arg>
<doc>Verifies that the element identified by ``locator`` is visible.</doc>
<status status="FAIL" start="2025-01-30T17:30:25.455977" elapsed="0.000514">Variable '${SEARCH_BUTTON}' not found. Did you mean:
    ${SEARCH_BUTTON_TEXT}</status>
</kw>
<msg time="2025-01-30T17:30:25.456558" level="INFO">${SEARCH_IS_VISIBLE} = False</msg>
<var>${SEARCH_IS_VISIBLE}</var>
<arg>Element Should Be Visible</arg>
<arg>${SEARCH_BUTTON}</arg>
<doc>Runs the given keyword with given arguments and returns the status as a Boolean value.</doc>
<status status="PASS" start="2025-01-30T17:30:25.455868" elapsed="0.000707"/>
</kw>
<if>
<branch type="IF" condition="${SEARCH_IS_VISIBLE}">
<kw name="Log" owner="BuiltIn">
<arg>Botão de pesquisa encontrado. Clicando no botão.</arg>
<doc>Logs the given message with the given level.</doc>
<status status="NOT RUN" start="2025-01-30T17:30:25.456724" elapsed="0.000018"/>
</kw>
<kw name="Click Element" owner="SeleniumLibrary">
<arg>${SEARCH_BUTTON}</arg>
<doc>Click the element identified by ``locator``.</doc>
<status status="NOT RUN" start="2025-01-30T17:30:25.456815" elapsed="0.000026"/>
</kw>
<status status="NOT RUN" start="2025-01-30T17:30:25.456627" elapsed="0.000288"/>
</branch>
<branch type="ELSE">
<kw name="Log" owner="BuiltIn">
<msg time="2025-01-30T17:30:25.457450" level="INFO">Botão de pesquisa não encontrado. Pressionando Enter.</msg>
<arg>Botão de pesquisa não encontrado. Pressionando Enter.</arg>
<doc>Logs the given message with the given level.</doc>
<status status="PASS" start="2025-01-30T17:30:25.457207" elapsed="0.000396"/>
</kw>
<kw name="Press Keys" owner="SeleniumLibrary">
<msg time="2025-01-30T17:30:25.458135" level="INFO">Sending key(s) ('RETURN',) to page.</msg>
<msg time="2025-01-30T17:30:25.458205" level="INFO">Pressing special key RETURN to browser.</msg>
<msg time="2025-01-30T17:30:25.458232" level="INFO">Releasing special key RETURN.</msg>
<arg>NONE</arg>
<arg>RETURN</arg>
<doc>Simulates the user pressing key(s) to an element or on the active browser.</doc>
<status status="PASS" start="2025-01-30T17:30:25.457856" elapsed="0.078307"/>
</kw>
<status status="PASS" start="2025-01-30T17:30:25.456986" elapsed="0.079263"/>
</branch>
<status status="PASS" start="2025-01-30T17:30:25.456614" elapsed="0.079671"/>
</if>
<status status="PASS" start="2025-01-30T17:30:25.455670" elapsed="0.080673"/>
</kw>
<status status="PASS" start="2025-01-30T17:30:25.195145" elapsed="0.341243"/>
</kw>
<kw name="E adiciona ao carrinho o produto &quot;Notebook&quot;" owner="Cart" source_name="E adiciona ao carrinho o produto &quot;${NAME_PRODUCT}&quot;">
<kw name="Visualizar o produto ${NAME_PRODUCT}" owner="Cart" source_name="Visualizar o produto ${NAME_PRODUCT}">
<kw name="Verificar se esta listando o produto &quot;${NAME_PRODUCT}&quot;" owner="Search" source_name="Verificar se esta listando o produto &quot;${PRODUCT}&quot;">
<kw name="Convert To Lower Case" owner="String">
<msg time="2025-01-30T17:30:25.537597" level="INFO">${NAME_PRODUCT} = notebook</msg>
<var>${NAME_PRODUCT}</var>
<arg>${PRODUCT}</arg>
<doc>Converts string to lower case.</doc>
<status status="PASS" start="2025-01-30T17:30:25.537475" elapsed="0.000143"/>
</kw>
<kw name="Wait Until Page Contains Element" owner="SeleniumLibrary">
<msg time="2025-01-30T17:30:55.787317" level="INFO" html="true">&lt;/td&gt;&lt;/tr&gt;&lt;tr&gt;&lt;td colspan="3"&gt;&lt;a href="selenium-screenshot-26.png"&gt;&lt;img src="selenium-screenshot-26.png" width="800px"&gt;&lt;/a&gt;</msg>
<msg time="2025-01-30T17:30:55.787456" level="FAIL">Element 'notebook' did not appear in 30 seconds.</msg>
<arg>${NAME_PRODUCT}</arg>
<arg>timeout=${TIMEOUT}</arg>
<doc>Waits until the element ``locator`` appears on the current page.</doc>
<status status="FAIL" start="2025-01-30T17:30:25.537709" elapsed="30.250084">Element 'notebook' did not appear in 30 seconds.</status>
</kw>
<kw name="Scroll Element Into View" owner="SeleniumLibrary">
<arg>//h1[@data-testid='main-title'][contains(.,'${NAME_PRODUCT}')]</arg>
<doc>Scrolls the element identified by ``locator`` into view.</doc>
<status status="NOT RUN" start="2025-01-30T17:30:55.787972" elapsed="0.000024"/>
</kw>
<kw name="Wait Until Page Contains Element" owner="SeleniumLibrary">
<arg>//h1[@data-testid='main-title'][contains(.,'${NAME_PRODUCT}')]</arg>
<arg>timeout=${TIMEOUT}</arg>
<doc>Waits until the element ``locator`` appears on the current page.</doc>
<status status="NOT RUN" start="2025-01-30T17:30:55.788091" elapsed="0.000023"/>
</kw>
<status status="FAIL" start="2025-01-30T17:30:25.537098" elapsed="30.251095">Element 'notebook' did not appear in 30 seconds.</status>
</kw>
<kw name="Click Element" owner="SeleniumLibrary">
<arg>//h2[@data-testid='product-title'][contains(.,'${NAME_PRODUCT}')]</arg>
<doc>Click the element identified by ``locator``.</doc>
<status status="NOT RUN" start="2025-01-30T17:30:55.788273" elapsed="0.000019"/>
</kw>
<kw name="Wait Until Page Contains Element" owner="SeleniumLibrary">
<arg>//h1[@data-testid='heading-product-title'][contains(.,'${NAME_PRODUCT}')]</arg>
<arg>timeout=${TIMEOUT}</arg>
<doc>Waits until the element ``locator`` appears on the current page.</doc>
<status status="NOT RUN" start="2025-01-30T17:30:55.788363" elapsed="0.000017"/>
</kw>
<status status="FAIL" start="2025-01-30T17:30:25.536882" elapsed="30.251553">Element 'notebook' did not appear in 30 seconds.</status>
</kw>
<kw name="Adicionar ao carrinho o produto ${NAME_PRODUCT}" owner="Cart" source_name="Adicionar ao carrinho o produto ${NAME_PRODUCT}">
<status status="NOT RUN" start="2025-01-30T17:30:55.788629" elapsed="0.000024"/>
</kw>
<status status="FAIL" start="2025-01-30T17:30:25.536611" elapsed="30.252094">Element 'notebook' did not appear in 30 seconds.</status>
</kw>
<kw name="Então o produto &quot;Notebook&quot; deve estar no carrinho" owner="Cart" source_name="Então o produto &quot;${NAME_PRODUCT}&quot; deve estar no carrinho">
<status status="NOT RUN" start="2025-01-30T17:30:55.788869" elapsed="0.000032"/>
</kw>
<kw name="Fechar navegador" owner="resource2" type="TEARDOWN">
<kw name="Close Browser" owner="SeleniumLibrary">
<doc>Closes the current browser.</doc>
<status status="PASS" start="2025-01-30T17:30:55.789339" elapsed="0.081555"/>
</kw>
<kw name="Log" owner="BuiltIn">
<msg time="2025-01-30T17:30:55.871253" level="INFO">Navegador fechado com sucesso.</msg>
<arg>Navegador fechado com sucesso.</arg>
<doc>Logs the given message with the given level.</doc>
<status status="PASS" start="2025-01-30T17:30:55.871130" elapsed="0.000156"/>
</kw>
<status status="PASS" start="2025-01-30T17:30:55.789114" elapsed="0.082295"/>
</kw>
<doc>ste cenário verifica a funcionalidade de adicionar um único produto ao carrinho de compras,
garantindo que ele seja corretamente incluído e exibido no carrinho.</doc>
<tag>AddProductToCart</tag>
<tag>Cart</tag>
<tag>sc05</tag>
<status status="FAIL" start="2025-01-30T17:30:22.043625" elapsed="33.827863">Element 'notebook' did not appear in 30 seconds.</status>
</test>
<test id="s1-t6" name="Cenário 06: Esvaziar Carrinho" line="53">
<kw name="Abrir navegador" owner="resource2" type="SETUP">
<kw name="Open Browser" owner="SeleniumLibrary">
<msg time="2025-01-30T17:30:55.872449" level="INFO">Opening browser 'headlesschrome' to base url 'None'.</msg>
<arg>browser=${BROWSER}</arg>
<doc>Opens a new browser instance to the optional ``url``.</doc>
<status status="PASS" start="2025-01-30T17:30:55.872301" elapsed="0.312143"/>
</kw>
<kw name="Maximize Browser Window" owner="SeleniumLibrary">
<doc>Maximizes current browser window.</doc>
<status status="PASS" start="2025-01-30T17:30:56.184630" elapsed="0.016170"/>
</kw>
<kw name="Log" owner="BuiltIn">
<msg time="2025-01-30T17:30:56.201088" level="INFO">Navegador aberto com sucesso.</msg>
<arg>Navegador aberto com sucesso.</arg>
<doc>Logs the given message with the given level.</doc>
<status status="PASS" start="2025-01-30T17:30:56.200971" elapsed="0.000150"/>
</kw>
<status status="PASS" start="2025-01-30T17:30:55.872094" elapsed="0.329078"/>
</kw>
<kw name="Dado que o usuário está na página inicial da Magazine Luiza" owner="Home">
<kw name="Acessar página inicial do site Magazine Luiza" owner="Home">
<kw name="Go To" owner="SeleniumLibrary">
<msg time="2025-01-30T17:30:56.201826" level="INFO">Opening url 'https://www.magazineluiza.com.br'</msg>
<arg>${HOME_URL}</arg>
<doc>Navigates the current browser window to the provided ``url``.</doc>
<status status="PASS" start="2025-01-30T17:30:56.201692" elapsed="3.313781"/>
</kw>
<kw name="Log" owner="BuiltIn">
<msg time="2025-01-30T17:30:59.515753" level="INFO">Acessando a página inicial do site Magazine Luiza</msg>
<arg>Acessando a página inicial do site Magazine Luiza</arg>
<doc>Logs the given message with the given level.</doc>
<status status="PASS" start="2025-01-30T17:30:59.515653" elapsed="0.000131"/>
</kw>
<status status="PASS" start="2025-01-30T17:30:56.201523" elapsed="3.314311"/>
</kw>
<kw name="Verificar se o header da pagina é ${HOME_HEADER}" owner="Home" source_name="Verificar se o header da pagina é ${HOME_HEADER}">
<kw name="Wait Until Page Contains Element" owner="SeleniumLibrary">
<arg>//title[@data-testid='link-0'][contains(.,'${HOME_HEADER}')]</arg>
<doc>Waits until the element ``locator`` appears on the current page.</doc>
<status status="PASS" start="2025-01-30T17:30:59.516167" elapsed="0.032003"/>
</kw>
<kw name="Log" owner="BuiltIn">
<msg time="2025-01-30T17:30:59.548651" level="INFO">Header da página é Magazine Luiza | Pra você é Magalu!</msg>
<arg>Header da página é ${HOME_HEADER}</arg>
<doc>Logs the given message with the given level.</doc>
<status status="PASS" start="2025-01-30T17:30:59.548425" elapsed="0.000288"/>
</kw>
<status status="PASS" start="2025-01-30T17:30:59.515947" elapsed="0.032859"/>
</kw>
<status status="PASS" start="2025-01-30T17:30:56.201333" elapsed="3.347528"/>
</kw>
<kw name="Quando ele busca pelo produto &quot;Notebook&quot;" owner="Home" source_name="Quando ele busca pelo produto &quot;${SEARCH_NAME}&quot;">
<kw name="Digitar nome &quot;${SEARCH_NAME}&quot; no campo de busca" owner="resource2" source_name="Digitar nome &quot;${SEARCH_NAME}&quot; no campo de ${WHERE}">
<if>
<branch type="IF" condition="$WHERE == 'busca'">
<kw name="Log" owner="BuiltIn">
<msg time="2025-01-30T17:30:59.551036" level="INFO">Digitar nome "Notebook" no campo de busca</msg>
<arg>Digitar nome "${SEARCH_NAME}" no campo de busca</arg>
<doc>Logs the given message with the given level.</doc>
<status status="PASS" start="2025-01-30T17:30:59.550335" elapsed="0.000762"/>
</kw>
<kw name="Input Text" owner="SeleniumLibrary">
<msg time="2025-01-30T17:30:59.551462" level="INFO">Typing text 'Notebook' into text field '//input[contains(@type,'search')]'.</msg>
<arg>locator=${SEARCH_TEXT}</arg>
<arg>text=${SEARCH_NAME}</arg>
<doc>Types the given ``text`` into the text field identified by ``locator``.</doc>
<status status="PASS" start="2025-01-30T17:30:59.551257" elapsed="0.261569"/>
</kw>
<status status="PASS" start="2025-01-30T17:30:59.549954" elapsed="0.262944"/>
</branch>
<branch type="ELSE IF" condition="$WHERE == 'filtro'">
<kw name="Log" owner="BuiltIn">
<arg>Digitar nome "${SEARCH_NAME}" no campo de filtro</arg>
<doc>Logs the given message with the given level.</doc>
<status status="NOT RUN" start="2025-01-30T17:30:59.813083" elapsed="0.000021"/>
</kw>
<kw name="Input Text" owner="SeleniumLibrary">
<arg>locator=${SEARCH_FILTER}</arg>
<arg>text=${SEARCH_NAME}</arg>
<doc>Types the given ``text`` into the text field identified by ``locator``.</doc>
<status status="NOT RUN" start="2025-01-30T17:30:59.813185" elapsed="0.000017"/>
</kw>
<status status="NOT RUN" start="2025-01-30T17:30:59.812935" elapsed="0.000294"/>
</branch>
<status status="PASS" start="2025-01-30T17:30:59.549926" elapsed="0.263326"/>
</if>
<status status="PASS" start="2025-01-30T17:30:59.549643" elapsed="0.263649"/>
</kw>
<kw name="Clicar no botao de busca" owner="Home" source_name="Clicar no botao de ${WHERE}">
<kw name="Run Keyword And Return Status" owner="BuiltIn">
<kw name="Element Should Be Visible" owner="SeleniumLibrary">
<msg time="2025-01-30T17:30:59.814353" level="FAIL">Variable '${SEARCH_BUTTON}' not found. Did you mean:
    ${SEARCH_BUTTON_TEXT}</msg>
<arg>${SEARCH_BUTTON}</arg>
<doc>Verifies that the element identified by ``locator`` is visible.</doc>
<status status="FAIL" start="2025-01-30T17:30:59.813831" elapsed="0.000568">Variable '${SEARCH_BUTTON}' not found. Did you mean:
    ${SEARCH_BUTTON_TEXT}</status>
</kw>
<msg time="2025-01-30T17:30:59.814534" level="INFO">${SEARCH_IS_VISIBLE} = False</msg>
<var>${SEARCH_IS_VISIBLE}</var>
<arg>Element Should Be Visible</arg>
<arg>${SEARCH_BUTTON}</arg>
<doc>Runs the given keyword with given arguments and returns the status as a Boolean value.</doc>
<status status="PASS" start="2025-01-30T17:30:59.813713" elapsed="0.000846"/>
</kw>
<if>
<branch type="IF" condition="${SEARCH_IS_VISIBLE}">
<kw name="Log" owner="BuiltIn">
<arg>Botão de pesquisa encontrado. Clicando no botão.</arg>
<doc>Logs the given message with the given level.</doc>
<status status="NOT RUN" start="2025-01-30T17:30:59.814781" elapsed="0.000020"/>
</kw>
<kw name="Click Element" owner="SeleniumLibrary">
<arg>${SEARCH_BUTTON}</arg>
<doc>Click the element identified by ``locator``.</doc>
<status status="NOT RUN" start="2025-01-30T17:30:59.814879" elapsed="0.000017"/>
</kw>
<status status="NOT RUN" start="2025-01-30T17:30:59.814642" elapsed="0.000278"/>
</branch>
<branch type="ELSE">
<kw name="Log" owner="BuiltIn">
<msg time="2025-01-30T17:30:59.815144" level="INFO">Botão de pesquisa não encontrado. Pressionando Enter.</msg>
<arg>Botão de pesquisa não encontrado. Pressionando Enter.</arg>
<doc>Logs the given message with the given level.</doc>
<status status="PASS" start="2025-01-30T17:30:59.815013" elapsed="0.000170"/>
</kw>
<kw name="Press Keys" owner="SeleniumLibrary">
<msg time="2025-01-30T17:30:59.815515" level="INFO">Sending key(s) ('RETURN',) to page.</msg>
<msg time="2025-01-30T17:30:59.815574" level="INFO">Pressing special key RETURN to browser.</msg>
<msg time="2025-01-30T17:30:59.815601" level="INFO">Releasing special key RETURN.</msg>
<arg>NONE</arg>
<arg>RETURN</arg>
<doc>Simulates the user pressing key(s) to an element or on the active browser.</doc>
<status status="PASS" start="2025-01-30T17:30:59.815272" elapsed="0.060684"/>
</kw>
<status status="PASS" start="2025-01-30T17:30:59.814948" elapsed="0.061117"/>
</branch>
<status status="PASS" start="2025-01-30T17:30:59.814624" elapsed="0.061482"/>
</if>
<status status="PASS" start="2025-01-30T17:30:59.813443" elapsed="0.062717"/>
</kw>
<status status="PASS" start="2025-01-30T17:30:59.549161" elapsed="0.327098"/>
</kw>
<kw name="E adiciona ao carrinho o produto &quot;Notebook&quot;" owner="Cart" source_name="E adiciona ao carrinho o produto &quot;${NAME_PRODUCT}&quot;">
<kw name="Visualizar o produto ${NAME_PRODUCT}" owner="Cart" source_name="Visualizar o produto ${NAME_PRODUCT}">
<kw name="Verificar se esta listando o produto &quot;${NAME_PRODUCT}&quot;" owner="Search" source_name="Verificar se esta listando o produto &quot;${PRODUCT}&quot;">
<kw name="Convert To Lower Case" owner="String">
<msg time="2025-01-30T17:30:59.877363" level="INFO">${NAME_PRODUCT} = notebook</msg>
<var>${NAME_PRODUCT}</var>
<arg>${PRODUCT}</arg>
<doc>Converts string to lower case.</doc>
<status status="PASS" start="2025-01-30T17:30:59.877236" elapsed="0.000148"/>
</kw>
<kw name="Wait Until Page Contains Element" owner="SeleniumLibrary">
<msg time="2025-01-30T17:31:30.005440" level="INFO" html="true">&lt;/td&gt;&lt;/tr&gt;&lt;tr&gt;&lt;td colspan="3"&gt;&lt;a href="selenium-screenshot-27.png"&gt;&lt;img src="selenium-screenshot-27.png" width="800px"&gt;&lt;/a&gt;</msg>
<msg time="2025-01-30T17:31:30.005610" level="FAIL">Element 'notebook' did not appear in 30 seconds.</msg>
<arg>${NAME_PRODUCT}</arg>
<arg>timeout=${TIMEOUT}</arg>
<doc>Waits until the element ``locator`` appears on the current page.</doc>
<status status="FAIL" start="2025-01-30T17:30:59.877493" elapsed="30.128503">Element 'notebook' did not appear in 30 seconds.</status>
</kw>
<kw name="Scroll Element Into View" owner="SeleniumLibrary">
<arg>//h1[@data-testid='main-title'][contains(.,'${NAME_PRODUCT}')]</arg>
<doc>Scrolls the element identified by ``locator`` into view.</doc>
<status status="NOT RUN" start="2025-01-30T17:31:30.006178" elapsed="0.000026"/>
</kw>
<kw name="Wait Until Page Contains Element" owner="SeleniumLibrary">
<arg>//h1[@data-testid='main-title'][contains(.,'${NAME_PRODUCT}')]</arg>
<arg>timeout=${TIMEOUT}</arg>
<doc>Waits until the element ``locator`` appears on the current page.</doc>
<status status="NOT RUN" start="2025-01-30T17:31:30.006281" elapsed="0.000020"/>
</kw>
<status status="FAIL" start="2025-01-30T17:30:59.877040" elapsed="30.129334">Element 'notebook' did not appear in 30 seconds.</status>
</kw>
<kw name="Click Element" owner="SeleniumLibrary">
<arg>//h2[@data-testid='product-title'][contains(.,'${NAME_PRODUCT}')]</arg>
<doc>Click the element identified by ``locator``.</doc>
<status status="NOT RUN" start="2025-01-30T17:31:30.006464" elapsed="0.000020"/>
</kw>
<kw name="Wait Until Page Contains Element" owner="SeleniumLibrary">
<arg>//h1[@data-testid='heading-product-title'][contains(.,'${NAME_PRODUCT}')]</arg>
<arg>timeout=${TIMEOUT}</arg>
<doc>Waits until the element ``locator`` appears on the current page.</doc>
<status status="NOT RUN" start="2025-01-30T17:31:30.006556" elapsed="0.000019"/>
</kw>
<status status="FAIL" start="2025-01-30T17:30:59.876818" elapsed="30.129812">Element 'notebook' did not appear in 30 seconds.</status>
</kw>
<kw name="Adicionar ao carrinho o produto ${NAME_PRODUCT}" owner="Cart" source_name="Adicionar ao carrinho o produto ${NAME_PRODUCT}">
<status status="NOT RUN" start="2025-01-30T17:31:30.006816" elapsed="0.000024"/>
</kw>
<status status="FAIL" start="2025-01-30T17:30:59.876492" elapsed="30.130400">Element 'notebook' did not appear in 30 seconds.</status>
</kw>
<kw name="Então o produto &quot;Notebook&quot; deve estar no carrinho" owner="Cart" source_name="Então o produto &quot;${NAME_PRODUCT}&quot; deve estar no carrinho">
<status status="NOT RUN" start="2025-01-30T17:31:30.007043" elapsed="0.000026"/>
</kw>
<kw name="Quando ele remove todos os produtos do carrinho" owner="Cart">
<status status="NOT RUN" start="2025-01-30T17:31:30.007194" elapsed="0.000019"/>
</kw>
<kw name="Então o carrinho deve estar vazio" owner="Cart">
<status status="NOT RUN" start="2025-01-30T17:31:30.007315" elapsed="0.000022"/>
</kw>
<kw name="Fechar navegador" owner="resource2" type="TEARDOWN">
<kw name="Close Browser" owner="SeleniumLibrary">
<doc>Closes the current browser.</doc>
<status status="PASS" start="2025-01-30T17:31:30.007680" elapsed="0.080392"/>
</kw>
<kw name="Log" owner="BuiltIn">
<msg time="2025-01-30T17:31:30.088683" level="INFO">Navegador fechado com sucesso.</msg>
<arg>Navegador fechado com sucesso.</arg>
<doc>Logs the given message with the given level.</doc>
<status status="PASS" start="2025-01-30T17:31:30.088437" elapsed="0.000338"/>
</kw>
<status status="PASS" start="2025-01-30T17:31:30.007495" elapsed="0.081414"/>
</kw>
<doc>Este cenário valida a funcionalidade de remoção de todos os itens do carrinho de compras.</doc>
<tag>Cart</tag>
<tag>EmptyCart</tag>
<tag>sc06</tag>
<status status="FAIL" start="2025-01-30T17:30:55.871712" elapsed="34.217273">Element 'notebook' did not appear in 30 seconds.</status>
</test>
<test id="s1-t7" name="Cenário 07: Alterar Quantidade de Itens no Carrinho" line="63">
<kw name="Abrir navegador" owner="resource2" type="SETUP">
<kw name="Open Browser" owner="SeleniumLibrary">
<msg time="2025-01-30T17:31:30.089944" level="INFO">Opening browser 'headlesschrome' to base url 'None'.</msg>
<arg>browser=${BROWSER}</arg>
<doc>Opens a new browser instance to the optional ``url``.</doc>
<status status="PASS" start="2025-01-30T17:31:30.089815" elapsed="0.273949"/>
</kw>
<kw name="Maximize Browser Window" owner="SeleniumLibrary">
<doc>Maximizes current browser window.</doc>
<status status="PASS" start="2025-01-30T17:31:30.363992" elapsed="0.015765"/>
</kw>
<kw name="Log" owner="BuiltIn">
<msg time="2025-01-30T17:31:30.380163" level="INFO">Navegador aberto com sucesso.</msg>
<arg>Navegador aberto com sucesso.</arg>
<doc>Logs the given message with the given level.</doc>
<status status="PASS" start="2025-01-30T17:31:30.380037" elapsed="0.000158"/>
</kw>
<status status="PASS" start="2025-01-30T17:31:30.089635" elapsed="0.290621"/>
</kw>
<kw name="Dado que o usuário está na página inicial da Magazine Luiza" owner="Home">
<kw name="Acessar página inicial do site Magazine Luiza" owner="Home">
<kw name="Go To" owner="SeleniumLibrary">
<msg time="2025-01-30T17:31:30.380978" level="INFO">Opening url 'https://www.magazineluiza.com.br'</msg>
<arg>${HOME_URL}</arg>
<doc>Navigates the current browser window to the provided ``url``.</doc>
<status status="PASS" start="2025-01-30T17:31:30.380880" elapsed="2.949777"/>
</kw>
<kw name="Log" owner="BuiltIn">
<msg time="2025-01-30T17:31:33.331161" level="INFO">Acessando a página inicial do site Magazine Luiza</msg>
<arg>Acessando a página inicial do site Magazine Luiza</arg>
<doc>Logs the given message with the given level.</doc>
<status status="PASS" start="2025-01-30T17:31:33.330929" elapsed="0.000302"/>
</kw>
<status status="PASS" start="2025-01-30T17:31:30.380720" elapsed="2.950619"/>
</kw>
<kw name="Verificar se o header da pagina é ${HOME_HEADER}" owner="Home" source_name="Verificar se o header da pagina é ${HOME_HEADER}">
<kw name="Wait Until Page Contains Element" owner="SeleniumLibrary">
<arg>//title[@data-testid='link-0'][contains(.,'${HOME_HEADER}')]</arg>
<doc>Waits until the element ``locator`` appears on the current page.</doc>
<status status="PASS" start="2025-01-30T17:31:33.331989" elapsed="0.034858"/>
</kw>
<kw name="Log" owner="BuiltIn">
<msg time="2025-01-30T17:31:33.367170" level="INFO">Header da página é Magazine Luiza | Pra você é Magalu!</msg>
<arg>Header da página é ${HOME_HEADER}</arg>
<doc>Logs the given message with the given level.</doc>
<status status="PASS" start="2025-01-30T17:31:33.367034" elapsed="0.000172"/>
</kw>
<status status="PASS" start="2025-01-30T17:31:33.331580" elapsed="0.035684"/>
</kw>
<status status="PASS" start="2025-01-30T17:31:30.380491" elapsed="2.986812"/>
</kw>
<kw name="Quando ele busca pelo produto &quot;Notebook&quot;" owner="Home" source_name="Quando ele busca pelo produto &quot;${SEARCH_NAME}&quot;">
<kw name="Digitar nome &quot;${SEARCH_NAME}&quot; no campo de busca" owner="resource2" source_name="Digitar nome &quot;${SEARCH_NAME}&quot; no campo de ${WHERE}">
<if>
<branch type="IF" condition="$WHERE == 'busca'">
<kw name="Log" owner="BuiltIn">
<msg time="2025-01-30T17:31:33.368196" level="INFO">Digitar nome "Notebook" no campo de busca</msg>
<arg>Digitar nome "${SEARCH_NAME}" no campo de busca</arg>
<doc>Logs the given message with the given level.</doc>
<status status="PASS" start="2025-01-30T17:31:33.368097" elapsed="0.000132"/>
</kw>
<kw name="Input Text" owner="SeleniumLibrary">
<msg time="2025-01-30T17:31:33.368473" level="INFO">Typing text 'Notebook' into text field '//input[contains(@type,'search')]'.</msg>
<arg>locator=${SEARCH_TEXT}</arg>
<arg>text=${SEARCH_NAME}</arg>
<doc>Types the given ``text`` into the text field identified by ``locator``.</doc>
<status status="PASS" start="2025-01-30T17:31:33.368316" elapsed="0.275961"/>
</kw>
<status status="PASS" start="2025-01-30T17:31:33.367913" elapsed="0.276488"/>
</branch>
<branch type="ELSE IF" condition="$WHERE == 'filtro'">
<kw name="Log" owner="BuiltIn">
<arg>Digitar nome "${SEARCH_NAME}" no campo de filtro</arg>
<doc>Logs the given message with the given level.</doc>
<status status="NOT RUN" start="2025-01-30T17:31:33.644678" elapsed="0.000022"/>
</kw>
<kw name="Input Text" owner="SeleniumLibrary">
<arg>locator=${SEARCH_FILTER}</arg>
<arg>text=${SEARCH_NAME}</arg>
<doc>Types the given ``text`` into the text field identified by ``locator``.</doc>
<status status="NOT RUN" start="2025-01-30T17:31:33.644778" elapsed="0.000018"/>
</kw>
<status status="NOT RUN" start="2025-01-30T17:31:33.644469" elapsed="0.000353"/>
</branch>
<status status="PASS" start="2025-01-30T17:31:33.367894" elapsed="0.276951"/>
</if>
<status status="PASS" start="2025-01-30T17:31:33.367704" elapsed="0.277183"/>
</kw>
<kw name="Clicar no botao de busca" owner="Home" source_name="Clicar no botao de ${WHERE}">
<kw name="Run Keyword And Return Status" owner="BuiltIn">
<kw name="Element Should Be Visible" owner="SeleniumLibrary">
<msg time="2025-01-30T17:31:33.645826" level="FAIL">Variable '${SEARCH_BUTTON}' not found. Did you mean:
    ${SEARCH_BUTTON_TEXT}</msg>
<arg>${SEARCH_BUTTON}</arg>
<doc>Verifies that the element identified by ``locator`` is visible.</doc>
<status status="FAIL" start="2025-01-30T17:31:33.645363" elapsed="0.000489">Variable '${SEARCH_BUTTON}' not found. Did you mean:
    ${SEARCH_BUTTON_TEXT}</status>
</kw>
<msg time="2025-01-30T17:31:33.645918" level="INFO">${SEARCH_IS_VISIBLE} = False</msg>
<var>${SEARCH_IS_VISIBLE}</var>
<arg>Element Should Be Visible</arg>
<arg>${SEARCH_BUTTON}</arg>
<doc>Runs the given keyword with given arguments and returns the status as a Boolean value.</doc>
<status status="PASS" start="2025-01-30T17:31:33.645251" elapsed="0.000683"/>
</kw>
<if>
<branch type="IF" condition="${SEARCH_IS_VISIBLE}">
<kw name="Log" owner="BuiltIn">
<arg>Botão de pesquisa encontrado. Clicando no botão.</arg>
<doc>Logs the given message with the given level.</doc>
<status status="NOT RUN" start="2025-01-30T17:31:33.646102" elapsed="0.000019"/>
</kw>
<kw name="Click Element" owner="SeleniumLibrary">
<arg>${SEARCH_BUTTON}</arg>
<doc>Click the element identified by ``locator``.</doc>
<status status="NOT RUN" start="2025-01-30T17:31:33.646205" elapsed="0.000022"/>
</kw>
<status status="NOT RUN" start="2025-01-30T17:31:33.645988" elapsed="0.000268"/>
</branch>
<branch type="ELSE">
<kw name="Log" owner="BuiltIn">
<msg time="2025-01-30T17:31:33.646628" level="INFO">Botão de pesquisa não encontrado. Pressionando Enter.</msg>
<arg>Botão de pesquisa não encontrado. Pressionando Enter.</arg>
<doc>Logs the given message with the given level.</doc>
<status status="PASS" start="2025-01-30T17:31:33.646358" elapsed="0.000309"/>
</kw>
<kw name="Press Keys" owner="SeleniumLibrary">
<msg time="2025-01-30T17:31:33.646986" level="INFO">Sending key(s) ('RETURN',) to page.</msg>
<msg time="2025-01-30T17:31:33.647060" level="INFO">Pressing special key RETURN to browser.</msg>
<msg time="2025-01-30T17:31:33.647089" level="INFO">Releasing special key RETURN.</msg>
<arg>NONE</arg>
<arg>RETURN</arg>
<doc>Simulates the user pressing key(s) to an element or on the active browser.</doc>
<status status="PASS" start="2025-01-30T17:31:33.646749" elapsed="0.067056"/>
</kw>
<status status="PASS" start="2025-01-30T17:31:33.646283" elapsed="0.067635"/>
</branch>
<status status="PASS" start="2025-01-30T17:31:33.645975" elapsed="0.067986"/>
</if>
<status status="PASS" start="2025-01-30T17:31:33.645054" elapsed="0.069021"/>
</kw>
<status status="PASS" start="2025-01-30T17:31:33.367458" elapsed="0.346688"/>
</kw>
<kw name="E adiciona ao carrinho o produto &quot;Notebook&quot;" owner="Cart" source_name="E adiciona ao carrinho o produto &quot;${NAME_PRODUCT}&quot;">
<kw name="Visualizar o produto ${NAME_PRODUCT}" owner="Cart" source_name="Visualizar o produto ${NAME_PRODUCT}">
<kw name="Verificar se esta listando o produto &quot;${NAME_PRODUCT}&quot;" owner="Search" source_name="Verificar se esta listando o produto &quot;${PRODUCT}&quot;">
<kw name="Convert To Lower Case" owner="String">
<msg time="2025-01-30T17:31:33.715454" level="INFO">${NAME_PRODUCT} = notebook</msg>
<var>${NAME_PRODUCT}</var>
<arg>${PRODUCT}</arg>
<doc>Converts string to lower case.</doc>
<status status="PASS" start="2025-01-30T17:31:33.715331" elapsed="0.000145"/>
</kw>
<kw name="Wait Until Page Contains Element" owner="SeleniumLibrary">
<msg time="2025-01-30T17:32:03.940638" level="INFO" html="true">&lt;/td&gt;&lt;/tr&gt;&lt;tr&gt;&lt;td colspan="3"&gt;&lt;a href="selenium-screenshot-28.png"&gt;&lt;img src="selenium-screenshot-28.png" width="800px"&gt;&lt;/a&gt;</msg>
<msg time="2025-01-30T17:32:03.940812" level="FAIL">Element 'notebook' did not appear in 30 seconds.</msg>
<arg>${NAME_PRODUCT}</arg>
<arg>timeout=${TIMEOUT}</arg>
<doc>Waits until the element ``locator`` appears on the current page.</doc>
<status status="FAIL" start="2025-01-30T17:31:33.715597" elapsed="30.225779">Element 'notebook' did not appear in 30 seconds.</status>
</kw>
<kw name="Scroll Element Into View" owner="SeleniumLibrary">
<arg>//h1[@data-testid='main-title'][contains(.,'${NAME_PRODUCT}')]</arg>
<doc>Scrolls the element identified by ``locator`` into view.</doc>
<status status="NOT RUN" start="2025-01-30T17:32:03.941653" elapsed="0.000047"/>
</kw>
<kw name="Wait Until Page Contains Element" owner="SeleniumLibrary">
<arg>//h1[@data-testid='main-title'][contains(.,'${NAME_PRODUCT}')]</arg>
<arg>timeout=${TIMEOUT}</arg>
<doc>Waits until the element ``locator`` appears on the current page.</doc>
<status status="NOT RUN" start="2025-01-30T17:32:03.941866" elapsed="0.000038"/>
</kw>
<status status="FAIL" start="2025-01-30T17:31:33.715143" elapsed="30.226928">Element 'notebook' did not appear in 30 seconds.</status>
</kw>
[...]
</kw>
<status status="PASS" start="2025-01-30T17:32:47.471120" elapsed="0.203196"/>
</kw>
<kw name="E insere um CEP inválido" owner="Delivery">
<kw name="Clear Element Text" owner="SeleniumLibrary">
<arg>//input[contains(@name,'zipcode')]</arg>
<doc>Clears the value of the text-input-element identified by ``locator``.</doc>
<status status="PASS" start="2025-01-30T17:32:47.674727" elapsed="0.053328"/>
</kw>
<kw name="Input Text" owner="SeleniumLibrary">
<msg time="2025-01-30T17:32:47.728621" level="INFO">Typing text '00000000' into text field '//input[contains(@name,'zipcode')]'.</msg>
<arg>//input[contains(@name,'zipcode')]</arg>
<arg>${CEP}</arg>
<doc>Types the given ``text`` into the text field identified by ``locator``.</doc>
<status status="PASS" start="2025-01-30T17:32:47.728331" elapsed="0.140241"/>
</kw>
<kw name="Wait Until Page Contains Element" owner="SeleniumLibrary">
<arg>//label[@data-testid='zipcode-label'][contains(.,'CEP não encontrado')]</arg>
<arg>timeout=${TIMEOUT}</arg>
<doc>Waits until the element ``locator`` appears on the current page.</doc>
<status status="PASS" start="2025-01-30T17:32:47.868840" elapsed="0.435418"/>
</kw>
<arg>00000000</arg>
<status status="PASS" start="2025-01-30T17:32:47.674505" elapsed="0.629854"/>
</kw>
<kw name="Então o sistema deve exibir uma mensagem de erro indicando que o CEP é inválido" owner="Delivery">
<kw name="Wait Until Page Contains Element" owner="SeleniumLibrary">
<arg>//label[@data-testid='zipcode-label'][contains(.,'CEP não encontrado')]</arg>
<arg>timeout=${TIMEOUT}</arg>
<doc>Waits until the element ``locator`` appears on the current page.</doc>
<status status="PASS" start="2025-01-30T17:32:48.304825" elapsed="0.008868"/>
</kw>
<status status="PASS" start="2025-01-30T17:32:48.304569" elapsed="0.009279"/>
</kw>
<kw name="Fechar navegador" owner="resource2" type="TEARDOWN">
<kw name="Close Browser" owner="SeleniumLibrary">
<doc>Closes the current browser.</doc>
<status status="PASS" start="2025-01-30T17:32:48.314744" elapsed="0.073369"/>
</kw>
<kw name="Log" owner="BuiltIn">
<msg time="2025-01-30T17:32:48.388724" level="INFO">Navegador fechado com sucesso.</msg>
<arg>Navegador fechado com sucesso.</arg>
<doc>Logs the given message with the given level.</doc>
<status status="PASS" start="2025-01-30T17:32:48.388476" elapsed="0.000342"/>
</kw>
<status status="PASS" start="2025-01-30T17:32:48.314341" elapsed="0.074622"/>
</kw>
<doc>Este cenário valida o comportamento do sistema ao receber um CEP inválido.
Ele garante que o sistema exiba mensagens claras e não prossiga com CEPs incorretos.</doc>
<tag>Delivery</tag>
<tag>InvalidCEP</tag>
<tag>sc09</tag>
<status status="PASS" start="2025-01-30T17:32:43.921797" elapsed="4.467344"/>
</test>
<test id="s1-t10" name="Cenário 10: Verificar Opção de Retirada na Loja" line="91">
<kw name="Abrir navegador" owner="resource2" type="SETUP">
<kw name="Open Browser" owner="SeleniumLibrary">
<msg time="2025-01-30T17:32:48.390461" level="INFO">Opening browser 'headlesschrome' to base url 'None'.</msg>
<arg>browser=${BROWSER}</arg>
<doc>Opens a new browser instance to the optional ``url``.</doc>
<status status="PASS" start="2025-01-30T17:32:48.390323" elapsed="0.268726"/>
</kw>
<kw name="Maximize Browser Window" owner="SeleniumLibrary">
<doc>Maximizes current browser window.</doc>
<status status="PASS" start="2025-01-30T17:32:48.659216" elapsed="0.014519"/>
</kw>
<kw name="Log" owner="BuiltIn">
<msg time="2025-01-30T17:32:48.674065" level="INFO">Navegador aberto com sucesso.</msg>
<arg>Navegador aberto com sucesso.</arg>
<doc>Logs the given message with the given level.</doc>
<status status="PASS" start="2025-01-30T17:32:48.673931" elapsed="0.000169"/>
</kw>
<status status="PASS" start="2025-01-30T17:32:48.390143" elapsed="0.284012"/>
</kw>
<kw name="Dado que o usuário está na página inicial da Magazine Luiza" owner="Home">
<kw name="Acessar página inicial do site Magazine Luiza" owner="Home">
<kw name="Go To" owner="SeleniumLibrary">
<msg time="2025-01-30T17:32:48.674795" level="INFO">Opening url 'https://www.magazineluiza.com.br'</msg>
<arg>${HOME_URL}</arg>
<doc>Navigates the current browser window to the provided ``url``.</doc>
<status status="PASS" start="2025-01-30T17:32:48.674698" elapsed="2.957477"/>
</kw>
<kw name="Log" owner="BuiltIn">
<msg time="2025-01-30T17:32:51.632468" level="INFO">Acessando a página inicial do site Magazine Luiza</msg>
<arg>Acessando a página inicial do site Magazine Luiza</arg>
<doc>Logs the given message with the given level.</doc>
<status status="PASS" start="2025-01-30T17:32:51.632357" elapsed="0.000146"/>
</kw>
<status status="PASS" start="2025-01-30T17:32:48.674547" elapsed="2.958025"/>
</kw>
<kw name="Verificar se o header da pagina é ${HOME_HEADER}" owner="Home" source_name="Verificar se o header da pagina é ${HOME_HEADER}">
<kw name="Wait Until Page Contains Element" owner="SeleniumLibrary">
<arg>//title[@data-testid='link-0'][contains(.,'${HOME_HEADER}')]</arg>
<doc>Waits until the element ``locator`` appears on the current page.</doc>
<status status="PASS" start="2025-01-30T17:32:51.632976" elapsed="0.039697"/>
</kw>
<kw name="Log" owner="BuiltIn">
<msg time="2025-01-30T17:32:51.673127" level="INFO">Header da página é Magazine Luiza | Pra você é Magalu!</msg>
<arg>Header da página é ${HOME_HEADER}</arg>
<doc>Logs the given message with the given level.</doc>
<status status="PASS" start="2025-01-30T17:32:51.672936" elapsed="0.000233"/>
</kw>
<status status="PASS" start="2025-01-30T17:32:51.632704" elapsed="0.040608"/>
</kw>
<status status="PASS" start="2025-01-30T17:32:48.674341" elapsed="2.999069"/>
</kw>
<kw name="Quando ele busca pelo produto &quot;Notebook&quot;" owner="Home" source_name="Quando ele busca pelo produto &quot;${SEARCH_NAME}&quot;">
<kw name="Digitar nome &quot;${SEARCH_NAME}&quot; no campo de busca" owner="resource2" source_name="Digitar nome &quot;${SEARCH_NAME}&quot; no campo de ${WHERE}">
<if>
<branch type="IF" condition="$WHERE == 'busca'">
<kw name="Log" owner="BuiltIn">
<msg time="2025-01-30T17:32:51.674808" level="INFO">Digitar nome "Notebook" no campo de busca</msg>
<arg>Digitar nome "${SEARCH_NAME}" no campo de busca</arg>
<doc>Logs the given message with the given level.</doc>
<status status="PASS" start="2025-01-30T17:32:51.674711" elapsed="0.000132"/>
</kw>
<kw name="Input Text" owner="SeleniumLibrary">
<msg time="2025-01-30T17:32:51.675101" level="INFO">Typing text 'Notebook' into text field '//input[contains(@type,'search')]'.</msg>
<arg>locator=${SEARCH_TEXT}</arg>
<arg>text=${SEARCH_NAME}</arg>
<doc>Types the given ``text`` into the text field identified by ``locator``.</doc>
<status status="PASS" start="2025-01-30T17:32:51.674927" elapsed="0.231550"/>
</kw>
<status status="PASS" start="2025-01-30T17:32:51.674392" elapsed="0.232187"/>
</branch>
<branch type="ELSE IF" condition="$WHERE == 'filtro'">
<kw name="Log" owner="BuiltIn">
<arg>Digitar nome "${SEARCH_NAME}" no campo de filtro</arg>
<doc>Logs the given message with the given level.</doc>
<status status="NOT RUN" start="2025-01-30T17:32:51.906818" elapsed="0.000031"/>
</kw>
<kw name="Input Text" owner="SeleniumLibrary">
<arg>locator=${SEARCH_FILTER}</arg>
<arg>text=${SEARCH_NAME}</arg>
<doc>Types the given ``text`` into the text field identified by ``locator``.</doc>
<status status="NOT RUN" start="2025-01-30T17:32:51.906964" elapsed="0.000027"/>
</kw>
<status status="NOT RUN" start="2025-01-30T17:32:51.906631" elapsed="0.000425"/>
</branch>
<status status="PASS" start="2025-01-30T17:32:51.674375" elapsed="0.232720"/>
</if>
<status status="PASS" start="2025-01-30T17:32:51.674230" elapsed="0.232928"/>
</kw>
<kw name="Clicar no botao de busca" owner="Home" source_name="Clicar no botao de ${WHERE}">
<kw name="Run Keyword And Return Status" owner="BuiltIn">
<kw name="Element Should Be Visible" owner="SeleniumLibrary">
<msg time="2025-01-30T17:32:51.908501" level="FAIL">Variable '${SEARCH_BUTTON}' not found. Did you mean:
    ${SEARCH_BUTTON_TEXT}</msg>
<arg>${SEARCH_BUTTON}</arg>
<doc>Verifies that the element identified by ``locator`` is visible.</doc>
<status status="FAIL" start="2025-01-30T17:32:51.907808" elapsed="0.000756">Variable '${SEARCH_BUTTON}' not found. Did you mean:
    ${SEARCH_BUTTON_TEXT}</status>
</kw>
<msg time="2025-01-30T17:32:51.908695" level="INFO">${SEARCH_IS_VISIBLE} = False</msg>
<var>${SEARCH_IS_VISIBLE}</var>
<arg>Element Should Be Visible</arg>
<arg>${SEARCH_BUTTON}</arg>
<doc>Runs the given keyword with given arguments and returns the status as a Boolean value.</doc>
<status status="PASS" start="2025-01-30T17:32:51.907646" elapsed="0.001073"/>
</kw>
<if>
<branch type="IF" condition="${SEARCH_IS_VISIBLE}">
<kw name="Log" owner="BuiltIn">
<arg>Botão de pesquisa encontrado. Clicando no botão.</arg>
<doc>Logs the given message with the given level.</doc>
<status status="NOT RUN" start="2025-01-30T17:32:51.909001" elapsed="0.000054"/>
</kw>
<kw name="Click Element" owner="SeleniumLibrary">
<arg>${SEARCH_BUTTON}</arg>
<doc>Click the element identified by ``locator``.</doc>
<status status="NOT RUN" start="2025-01-30T17:32:51.909173" elapsed="0.000024"/>
</kw>
<status status="NOT RUN" start="2025-01-30T17:32:51.908817" elapsed="0.000413"/>
</branch>
<branch type="ELSE">
<kw name="Log" owner="BuiltIn">
<msg time="2025-01-30T17:32:51.909513" level="INFO">Botão de pesquisa não encontrado. Pressionando Enter.</msg>
<arg>Botão de pesquisa não encontrado. Pressionando Enter.</arg>
<doc>Logs the given message with the given level.</doc>
<status status="PASS" start="2025-01-30T17:32:51.909357" elapsed="0.000209"/>
</kw>
<kw name="Press Keys" owner="SeleniumLibrary">
<msg time="2025-01-30T17:32:51.909995" level="INFO">Sending key(s) ('RETURN',) to page.</msg>
<msg time="2025-01-30T17:32:51.910084" level="INFO">Pressing special key RETURN to browser.</msg>
<msg time="2025-01-30T17:32:51.910117" level="INFO">Releasing special key RETURN.</msg>
<arg>NONE</arg>
<arg>RETURN</arg>
<doc>Simulates the user pressing key(s) to an element or on the active browser.</doc>
<status status="PASS" start="2025-01-30T17:32:51.909687" elapsed="0.103119"/>
</kw>
<status status="PASS" start="2025-01-30T17:32:51.909266" elapsed="0.103619"/>
</branch>
<status status="PASS" start="2025-01-30T17:32:51.908793" elapsed="0.104130"/>
</if>
<status status="PASS" start="2025-01-30T17:32:51.907367" elapsed="0.105612"/>
</kw>
<status status="PASS" start="2025-01-30T17:32:51.673739" elapsed="0.339302"/>
</kw>
<kw name="E o usuário está logado no sistema" owner="Login">
<kw name="Run Keyword And Return Status" owner="BuiltIn">
<kw name="Element Should Be Visible" owner="SeleniumLibrary">
<msg time="2025-01-30T17:32:52.014305" level="FAIL">Variable '${LOGIN_VERIFICATION_SUCCESS}' not found. Did you mean:
    ${LOGIN_VERIFICATION_SUCESS}</msg>
<arg>${LOGIN_VERIFICATION_SUCCESS}</arg>
<doc>Verifies that the element identified by ``locator`` is visible.</doc>
<status status="FAIL" start="2025-01-30T17:32:52.013802" elapsed="0.000535">Variable '${LOGIN_VERIFICATION_SUCCESS}' not found. Did you mean:
    ${LOGIN_VERIFICATION_SUCESS}</status>
</kw>
<msg time="2025-01-30T17:32:52.014426" level="INFO">${SUCCESS} = False</msg>
<var>${SUCCESS}</var>
<arg>Element Should Be Visible</arg>
<arg>${LOGIN_VERIFICATION_SUCCESS}</arg>
<doc>Runs the given keyword with given arguments and returns the status as a Boolean value.</doc>
<status status="PASS" start="2025-01-30T17:32:52.013669" elapsed="0.000773"/>
</kw>
<kw name="Run Keyword And Return Status" owner="BuiltIn">
<kw name="Element Should Be Visible" owner="SeleniumLibrary">
<msg time="2025-01-30T17:32:52.038587" level="INFO">Element '(//div[contains(.,'Bem-vindo :)Entre ou cadastre-se')])[7]' is displayed.</msg>
<arg>(//div[contains(.,'Bem-vindo :)Entre ou cadastre-se')])[7]</arg>
<doc>Verifies that the element identified by ``locator`` is visible.</doc>
<status status="PASS" start="2025-01-30T17:32:52.014655" elapsed="0.024076"/>
</kw>
<msg time="2025-01-30T17:32:52.038932" level="INFO">${FAIL} = True</msg>
<var>${FAIL}</var>
<arg>Element Should Be Visible</arg>
<arg>(//div[contains(.,'Bem-vindo :)Entre ou cadastre-se')])[7]</arg>
<doc>Runs the given keyword with given arguments and returns the status as a Boolean value.</doc>
<status status="PASS" start="2025-01-30T17:32:52.014542" elapsed="0.024426"/>
</kw>
<if>
<branch type="IF" condition="${SUCCESS}">
<kw name="Pass Execution" owner="BuiltIn">
<arg>Usuário logado no sistema.</arg>
<doc>Skips rest of the current test, setup, or teardown with PASS status.</doc>
<status status="NOT RUN" start="2025-01-30T17:32:52.039435" elapsed="0.000042"/>
</kw>
<status status="NOT RUN" start="2025-01-30T17:32:52.039160" elapsed="0.000376"/>
</branch>
<branch type="ELSE IF" condition="${FAIL}">
<kw name="Log" owner="BuiltIn">
<msg time="2025-01-30T17:32:52.039949" level="INFO">Usuário não logado no sistema.</msg>
<arg>Usuário não logado no sistema.</arg>
<doc>Logs the given message with the given level.</doc>
<status status="PASS" start="2025-01-30T17:32:52.039790" elapsed="0.000193"/>
</kw>
<kw name="Quando ele acessa a página de login" owner="Login">
<kw name="Wait Until Element Is Enabled" owner="SeleniumLibrary">
<arg>//a[contains(.,'Entre ou cadastre-se')]</arg>
<arg>timeout=${TIMEOUT}</arg>
<doc>Waits until the element ``locator`` is enabled.</doc>
<status status="PASS" start="2025-01-30T17:32:52.040490" elapsed="0.029759"/>
</kw>
<kw name="Sleep" owner="BuiltIn">
<msg time="2025-01-30T17:32:55.070735" level="INFO">Slept 3 seconds.</msg>
<arg>${TIMEOUT_SLEEP}</arg>
<doc>Pauses the test executed for the given time.</doc>
<status status="PASS" start="2025-01-30T17:32:52.070430" elapsed="3.000442"/>
</kw>
<kw name="Click Element" owner="SeleniumLibrary">
<msg time="2025-01-30T17:32:55.071397" level="INFO">Clicking element '//a[contains(.,'Entre ou cadastre-se')]'.</msg>
<msg time="2025-01-30T17:32:55.164424" level="INFO" html="true">&lt;/td&gt;&lt;/tr&gt;&lt;tr&gt;&lt;td colspan="3"&gt;&lt;a href="selenium-screenshot-30.png"&gt;&lt;img src="selenium-screenshot-30.png" width="800px"&gt;&lt;/a&gt;</msg>
<msg time="2025-01-30T17:32:55.164533" level="FAIL">Element with locator '//a[contains(.,'Entre ou cadastre-se')]' not found.</msg>
<arg>//a[contains(.,'Entre ou cadastre-se')]</arg>
<doc>Click the element identified by ``locator``.</doc>
<status status="FAIL" start="2025-01-30T17:32:55.071161" elapsed="0.095082">Element with locator '//a[contains(.,'Entre ou cadastre-se')]' not found.</status>
</kw>
<kw name="Wait Until Page Contains Element" owner="SeleniumLibrary">
<arg>//div[@class='LoginPage-title'][contains(.,'Identificação')]</arg>
<arg>timeout=${TIMEOUT}</arg>
<doc>Waits until the element ``locator`` appears on the current page.</doc>
<status status="NOT RUN" start="2025-01-30T17:32:55.166414" elapsed="0.000025"/>
</kw>
<status status="FAIL" start="2025-01-30T17:32:52.040222" elapsed="3.126298">Element with locator '//a[contains(.,'Entre ou cadastre-se')]' not found.</status>
</kw>
<kw name="E insere credenciais válidas" owner="Login">
<arg>email=${CREDENTIALS.email}</arg>
<arg>senha=${CREDENTIALS.senha}</arg>
<status status="NOT RUN" start="2025-01-30T17:32:55.166655" elapsed="0.000024"/>
</kw>
<kw name="Então o login deve ser realizado com sucesso" owner="Login">
<status status="NOT RUN" start="2025-01-30T17:32:55.166764" elapsed="0.000020"/>
</kw>
<status status="FAIL" start="2025-01-30T17:32:52.039591" elapsed="3.127225">Element with locator '//a[contains(.,'Entre ou cadastre-se')]' not found.</status>
</branch>
<branch type="ELSE">
<kw name="Fail" owner="BuiltIn">
<arg>Falha ao determinar estado do login.</arg>
<doc>Fails the test with the given message and optionally alters its tags.</doc>
<status status="NOT RUN" start="2025-01-30T17:32:55.166933" elapsed="0.000019"/>
</kw>
<status status="NOT RUN" start="2025-01-30T17:32:55.166852" elapsed="0.000125"/>
</branch>
<status status="FAIL" start="2025-01-30T17:32:52.039105" elapsed="3.127896">Element with locator '//a[contains(.,'Entre ou cadastre-se')]' not found.</status>
</if>
<arg>email=laiscc575@gmail.com</arg>
<arg>senha=julho2005</arg>
<status status="FAIL" start="2025-01-30T17:32:52.013314" elapsed="3.153751">Element with locator '//a[contains(.,'Entre ou cadastre-se')]' not found.</status>
</kw>
<kw name="E adiciona ao carrinho o produto &quot;Notebook&quot;" owner="Cart" source_name="E adiciona ao carrinho o produto &quot;${NAME_PRODUCT}&quot;">
<status status="NOT RUN" start="2025-01-30T17:32:55.167209" elapsed="0.000022"/>
</kw>
<kw name="E insere um CEP válido se necessario" owner="Delivery">
<arg>62320041</arg>
<status status="NOT RUN" start="2025-01-30T17:32:55.167385" elapsed="0.000021"/>
</kw>
<kw name="Então o sistema deve verificar a opção &quot;Retire na loja&quot; se disponível" owner="Delivery" source_name="Então o sistema deve verificar a opção &quot;${DELIVERY_MESSAGE_OPTION}&quot; se disponível">
<status status="NOT RUN" start="2025-01-30T17:32:55.167527" elapsed="0.000027"/>
</kw>
<kw name="Fechar navegador" owner="resource2" type="TEARDOWN">
<kw name="Close Browser" owner="SeleniumLibrary">
<doc>Closes the current browser.</doc>
<status status="PASS" start="2025-01-30T17:32:55.167935" elapsed="0.076825"/>
</kw>
<kw name="Log" owner="BuiltIn">
<msg time="2025-01-30T17:32:55.245131" level="INFO">Navegador fechado com sucesso.</msg>
<arg>Navegador fechado com sucesso.</arg>
<doc>Logs the given message with the given level.</doc>
<status status="PASS" start="2025-01-30T17:32:55.244942" elapsed="0.000255"/>
</kw>
<status status="PASS" start="2025-01-30T17:32:55.167727" elapsed="0.077572"/>
</kw>
<doc>Este cenário valida se o sistema verifica corretamente a opção de retirada na loja, qquando um CEP válido é fornecido.</doc>
<tag>Cart</tag>
<tag>Delivery</tag>
<tag>sc10</tag>
<tag>StorePickup</tag>
<status status="FAIL" start="2025-01-30T17:32:48.389527" elapsed="6.855905">Element with locator '//a[contains(.,'Entre ou cadastre-se')]' not found.</status>
</test>
<doc>Este arquivo contém os testes para validar os passos principais de navegação, busca, filtragem,
manipulação do carrinho, login e tratamento de erros no site Magazine Luiza.
Ele cobre cenários críticos para garantir uma experiência fluida de compra para o usuário.
   Autor: Lais Coutinho</doc>
<status status="FAIL" start="2025-01-30T17:28:02.724199" elapsed="292.521918"/>
</suite>
<statistics>
<total>
<stat pass="1" fail="9" skip="0">All Tests</stat>
</total>
<tag>
<stat pass="0" fail="1" skip="0">AddMultipleProductsToCart</stat>
<stat pass="0" fail="1" skip="0">AddProductToCart</stat>
<stat pass="0" fail="5" skip="0">Cart</stat>
<stat pass="0" fail="1" skip="0">ChangeQuantityInCart</stat>
<stat pass="1" fail="1" skip="0">Delivery</stat>
<stat pass="0" fail="1" skip="0">EmptyCart</stat>
<stat pass="0" fail="1" skip="0">Filter</stat>
<stat pass="0" fail="1" skip="0">FilterByBrand</stat>
<stat pass="1" fail="0" skip="0">InvalidCEP</stat>
<stat pass="0" fail="1" skip="0">Login</stat>
<stat pass="0" fail="1" skip="0">LoginWithValidCredentials</stat>
<stat pass="0" fail="1" skip="0">Quantity</stat>
<stat pass="0" fail="1" skip="0">sc01</stat>
<stat pass="0" fail="1" skip="0">sc02</stat>
<stat pass="0" fail="1" skip="0">sc03</stat>
<stat pass="0" fail="1" skip="0">sc04</stat>
<stat pass="0" fail="1" skip="0">sc05</stat>
<stat pass="0" fail="1" skip="0">sc06</stat>
<stat pass="0" fail="1" skip="0">sc07</stat>
<stat pass="0" fail="1" skip="0">sc08</stat>
<stat pass="1" fail="0" skip="0">sc09</stat>
<stat pass="0" fail="1" skip="0">sc10</stat>
<stat pass="0" fail="3" skip="0">Search</stat>
<stat pass="0" fail="1" skip="0">SearchProduct</stat>
<stat pass="0" fail="1" skip="0">StorePickup</stat>
<stat pass="0" fail="1" skip="0">ViewBrandOffers</stat>
</tag>
<suite>
<stat pass="1" fail="9" skip="0" id="s1" name="Tests">Tests</stat>
</suite>
</statistics>
<errors>
</errors>
</robot>
