<?xml version="1.0" encoding="UTF-8"?>
<robot generator="Robot 7.1.1 (Python 3.12.3 on linux)" generated="2025-01-31T12:59:21.583479" rpa="false" schemaversion="5">
<suite id="s1" name="Tests" source="/home/laisdev/Documentos/robotframework/TestMagazineLuiza/suites/tests/tests.robot">
<test id="s1-t1" name="TC001 - Fazer Login com Credenciais Válidas" line="14">
<kw name="Abrir navegador" owner="resource" type="SETUP">
<kw name="Open Browser" owner="SeleniumLibrary">
<msg time="2025-01-31T12:59:21.712028" level="INFO">Opening browser 'chrome' to base url 'None'.</msg>
<arg>browser=${BROWSER}</arg>
<doc>Opens a new browser instance to the optional ``url``.</doc>
<status status="PASS" start="2025-01-31T12:59:21.711849" elapsed="0.509407"/>
</kw>
<kw name="Maximize Browser Window" owner="SeleniumLibrary">
<doc>Maximizes current browser window.</doc>
<status status="PASS" start="2025-01-31T12:59:22.221526" elapsed="0.033206"/>
</kw>
<kw name="Log" owner="BuiltIn">
<msg time="2025-01-31T12:59:22.255113" level="INFO">Navegador aberto com sucesso.</msg>
<arg>Navegador aberto com sucesso.</arg>
<doc>Logs the given message with the given level.</doc>
<status status="PASS" start="2025-01-31T12:59:22.254956" elapsed="0.000195"/>
</kw>
<status status="PASS" start="2025-01-31T12:59:21.711292" elapsed="0.543934"/>
</kw>
<kw name="Dado que o usuário está na página inicial da Magazine Luiza" owner="Home">
<kw name="Acessar página inicial do site Magazine Luiza" owner="Home">
<kw name="Go To" owner="SeleniumLibrary">
<msg time="2025-01-31T12:59:22.256129" level="INFO">Opening url 'https://www.magazineluiza.com.br'</msg>
<arg>${HOME_URL}</arg>
<doc>Navigates the current browser window to the provided ``url``.</doc>
<status status="PASS" start="2025-01-31T12:59:22.255999" elapsed="8.301358"/>
</kw>
<kw name="Log" owner="BuiltIn">
<msg time="2025-01-31T12:59:30.557766" level="INFO">Acessando a página inicial do site Magazine Luiza</msg>
<arg>Acessando a página inicial do site Magazine Luiza</arg>
<doc>Logs the given message with the given level.</doc>
<status status="PASS" start="2025-01-31T12:59:30.557611" elapsed="0.000207"/>
</kw>
<status status="PASS" start="2025-01-31T12:59:22.255828" elapsed="8.302063"/>
</kw>
<kw name="Verificar se o header da pagina é ${HOME_HEADER}" owner="Home" source_name="Verificar se o header da pagina é ${HOME_HEADER}">
<kw name="Wait Until Page Contains Element" owner="SeleniumLibrary">
<arg>//title[@data-testid='link-0'][contains(.,'${HOME_HEADER}')]</arg>
<doc>Waits until the element ``locator`` appears on the current page.</doc>
<status status="PASS" start="2025-01-31T12:59:30.558405" elapsed="0.038428"/>
</kw>
<kw name="Log" owner="BuiltIn">
<msg time="2025-01-31T12:59:30.597184" level="INFO">Header da página é Magazine Luiza | Pra você é Magalu!</msg>
<arg>Header da página é ${HOME_HEADER}</arg>
<doc>Logs the given message with the given level.</doc>
<status status="PASS" start="2025-01-31T12:59:30.597022" elapsed="0.000223"/>
</kw>
<status status="PASS" start="2025-01-31T12:59:30.558070" elapsed="0.039271"/>
</kw>
<status status="PASS" start="2025-01-31T12:59:22.255558" elapsed="8.341844"/>
</kw>
<kw name="Quando ele acessa a página de login" owner="Login">
<kw name="Wait Until Element Is Enabled" owner="SeleniumLibrary">
<arg>//a[contains(.,'Entre ou cadastre-se')]</arg>
<arg>timeout=${TIMEOUT}</arg>
<doc>Waits until the element ``locator`` is enabled.</doc>
<status status="PASS" start="2025-01-31T12:59:30.598046" elapsed="0.047172"/>
</kw>
<kw name="Sleep" owner="BuiltIn">
<msg time="2025-01-31T12:59:33.645983" level="INFO">Slept 3 seconds.</msg>
<arg>${TIMEOUT_SLEEP}</arg>
<doc>Pauses the test executed for the given time.</doc>
<status status="PASS" start="2025-01-31T12:59:30.645406" elapsed="3.000765"/>
</kw>
<kw name="Click Element" owner="SeleniumLibrary">
<msg time="2025-01-31T12:59:33.646893" level="INFO">Clicking element '//a[contains(.,'Entre ou cadastre-se')]'.</msg>
<arg>//a[contains(.,'Entre ou cadastre-se')]</arg>
<doc>Click the element identified by ``locator``.</doc>
<status status="PASS" start="2025-01-31T12:59:33.646574" elapsed="4.729924"/>
</kw>
<kw name="Wait Until Page Contains Element" owner="SeleniumLibrary">
<arg>//div[@class='LoginPage-title'][contains(.,'Identificação')]</arg>
<arg>timeout=${TIMEOUT}</arg>
<doc>Waits until the element ``locator`` appears on the current page.</doc>
<status status="PASS" start="2025-01-31T12:59:38.376766" elapsed="0.015088"/>
</kw>
<status status="PASS" start="2025-01-31T12:59:30.597715" elapsed="7.794264"/>
</kw>
<kw name="E insere credenciais válidas" owner="Login">
<kw name="Input Text" owner="SeleniumLibrary">
<msg time="2025-01-31T12:59:38.393212" level="INFO">Typing text 'laiscc575@gmail.com' into text field '//input[contains(@autocomplete,'username')]'.</msg>
<arg>//input[contains(@autocomplete,'username')]</arg>
<arg>${CREDENTIALS.email}</arg>
<doc>Types the given ``text`` into the text field identified by ``locator``.</doc>
<status status="PASS" start="2025-01-31T12:59:38.392725" elapsed="0.161985"/>
</kw>
<kw name="Input Text" owner="SeleniumLibrary">
<msg time="2025-01-31T12:59:38.555392" level="INFO">Typing text 'julho2005' into text field '//input[contains(@type,'password')]'.</msg>
<arg>//input[contains(@type,'password')]</arg>
<arg>${CREDENTIALS.senha}</arg>
<doc>Types the given ``text`` into the text field identified by ``locator``.</doc>
<status status="PASS" start="2025-01-31T12:59:38.554884" elapsed="0.112094"/>
</kw>
<kw name="Click Element" owner="SeleniumLibrary">
<msg time="2025-01-31T12:59:38.667588" level="INFO">Clicking element '//button[contains(@id,'login-box-form-continue')]'.</msg>
<arg>//button[contains(@id,'login-box-form-continue')]</arg>
<doc>Click the element identified by ``locator``.</doc>
<status status="PASS" start="2025-01-31T12:59:38.667305" elapsed="0.124364"/>
</kw>
<kw name="Sleep" owner="BuiltIn">
<msg time="2025-01-31T12:59:41.792375" level="INFO">Slept 3 seconds.</msg>
<arg>${TIMEOUT_SLEEP}</arg>
<doc>Pauses the test executed for the given time.</doc>
<status status="PASS" start="2025-01-31T12:59:38.791966" elapsed="3.000601"/>
</kw>
<kw name="Wait Until Page Contains Element" owner="SeleniumLibrary">
<arg>${LOGIN_VERIFICATION_SUCESS}</arg>
<arg>timeout=${TIMEOUT}</arg>
<doc>Waits until the element ``locator`` appears on the current page.</doc>
<status status="PASS" start="2025-01-31T12:59:41.792909" elapsed="5.086103"/>
</kw>
<arg>email=${EMAIL}</arg>
<arg>senha=${PASSWORD}</arg>
<status status="PASS" start="2025-01-31T12:59:38.392269" elapsed="8.486838"/>
</kw>
<kw name="Então o login deve ser realizado com sucesso" owner="Login">
<kw name="Wait Until Page Contains Element" owner="SeleniumLibrary">
<arg>${LOGIN_VERIFICATION_SUCESS}</arg>
<arg>timeout=${TIMEOUT}</arg>
<doc>Waits until the element ``locator`` appears on the current page.</doc>
<status status="PASS" start="2025-01-31T12:59:46.879528" elapsed="0.009284"/>
</kw>
<status status="PASS" start="2025-01-31T12:59:46.879321" elapsed="0.009584"/>
</kw>
<kw name="Fechar navegador" owner="resource" type="TEARDOWN">
<kw name="Close Browser" owner="SeleniumLibrary">
<doc>Closes the current browser.</doc>
<status status="PASS" start="2025-01-31T12:59:46.889394" elapsed="0.097540"/>
</kw>
<kw name="Log" owner="BuiltIn">
<msg time="2025-01-31T12:59:46.987249" level="INFO">Navegador fechado com sucesso.</msg>
<arg>Navegador fechado com sucesso.</arg>
<doc>Logs the given message with the given level.</doc>
<status status="PASS" start="2025-01-31T12:59:46.987136" elapsed="0.000208"/>
</kw>
<status status="PASS" start="2025-01-31T12:59:46.889160" elapsed="0.098296"/>
</kw>
<doc>Permitir o acesso do usuário com email e senha válidos.</doc>
<tag>Login</tag>
<tag>LoginWithValidCredentials</tag>
<tag>sc01</tag>
<status status="PASS" start="2025-01-31T12:59:21.710641" elapsed="25.276948"/>
</test>
<test id="s1-t2" name="TC002 - Tratar CEP Inválido" line="22">
<kw name="Abrir navegador" owner="resource" type="SETUP">
<kw name="Open Browser" owner="SeleniumLibrary">
<msg time="2025-01-31T12:59:46.988898" level="INFO">Opening browser 'chrome' to base url 'None'.</msg>
<arg>browser=${BROWSER}</arg>
<doc>Opens a new browser instance to the optional ``url``.</doc>
<status status="PASS" start="2025-01-31T12:59:46.988741" elapsed="0.505474"/>
</kw>
<kw name="Maximize Browser Window" owner="SeleniumLibrary">
<doc>Maximizes current browser window.</doc>
<status status="PASS" start="2025-01-31T12:59:47.494446" elapsed="0.033811"/>
</kw>
<kw name="Log" owner="BuiltIn">
<msg time="2025-01-31T12:59:47.528752" level="INFO">Navegador aberto com sucesso.</msg>
<arg>Navegador aberto com sucesso.</arg>
<doc>Logs the given message with the given level.</doc>
<status status="PASS" start="2025-01-31T12:59:47.528597" elapsed="0.000191"/>
</kw>
<status status="PASS" start="2025-01-31T12:59:46.988499" elapsed="0.540346"/>
</kw>
<kw name="Dado que o usuário está na página inicial da Magazine Luiza" owner="Home">
<kw name="Acessar página inicial do site Magazine Luiza" owner="Home">
<kw name="Go To" owner="SeleniumLibrary">
<msg time="2025-01-31T12:59:47.529771" level="INFO">Opening url 'https://www.magazineluiza.com.br'</msg>
<arg>${HOME_URL}</arg>
<doc>Navigates the current browser window to the provided ``url``.</doc>
<status status="PASS" start="2025-01-31T12:59:47.529647" elapsed="3.106253"/>
</kw>
<kw name="Log" owner="BuiltIn">
<msg time="2025-01-31T12:59:50.636265" level="INFO">Acessando a página inicial do site Magazine Luiza</msg>
<arg>Acessando a página inicial do site Magazine Luiza</arg>
<doc>Logs the given message with the given level.</doc>
<status status="PASS" start="2025-01-31T12:59:50.636133" elapsed="0.000209"/>
</kw>
<status status="PASS" start="2025-01-31T12:59:47.529465" elapsed="3.106945"/>
</kw>
<kw name="Verificar se o header da pagina é ${HOME_HEADER}" owner="Home" source_name="Verificar se o header da pagina é ${HOME_HEADER}">
<kw name="Wait Until Page Contains Element" owner="SeleniumLibrary">
<arg>//title[@data-testid='link-0'][contains(.,'${HOME_HEADER}')]</arg>
<doc>Waits until the element ``locator`` appears on the current page.</doc>
<status status="PASS" start="2025-01-31T12:59:50.637065" elapsed="0.034002"/>
</kw>
<kw name="Log" owner="BuiltIn">
<msg time="2025-01-31T12:59:50.671392" level="INFO">Header da página é Magazine Luiza | Pra você é Magalu!</msg>
<arg>Header da página é ${HOME_HEADER}</arg>
<doc>Logs the given message with the given level.</doc>
<status status="PASS" start="2025-01-31T12:59:50.671236" elapsed="0.000190"/>
</kw>
<status status="PASS" start="2025-01-31T12:59:50.636625" elapsed="0.034852"/>
</kw>
<status status="PASS" start="2025-01-31T12:59:47.529110" elapsed="3.142405"/>
</kw>
<kw name="Quando ele abre o pop-up de CEP" owner="Delivery">
<kw name="Click Element" owner="SeleniumLibrary">
<msg time="2025-01-31T12:59:50.671982" level="INFO">Clicking element '//div[@class='sc-fqkvVR fbyvQm sc-dOvA-dm jXTXEE'][contains(., 'Ver ofertas para minha região')]'.</msg>
<arg>${DELIVERY_BUTTON_ACESS_CEP}</arg>
<doc>Click the element identified by ``locator``.</doc>
<status status="PASS" start="2025-01-31T12:59:50.671849" elapsed="0.218355"/>
</kw>
<kw name="Wait Until Page Contains Element" owner="SeleniumLibrary">
<arg>${DELIVERY_MESSAGE_CONFIRM_POPUP}</arg>
<arg>timeout=${TIMEOUT}</arg>
<doc>Waits until the element ``locator`` appears on the current page.</doc>
<status status="PASS" start="2025-01-31T12:59:50.890389" elapsed="0.013996"/>
</kw>
<status status="PASS" start="2025-01-31T12:59:50.671671" elapsed="0.232812"/>
</kw>
<kw name="E insere um CEP inválido" owner="Delivery">
<kw name="Clear Element Text" owner="SeleniumLibrary">
<arg>${DELIVERY_INPUT_CEP_CART_NAME}</arg>
<doc>Clears the value of the text-input-element identified by ``locator``.</doc>
<status status="PASS" start="2025-01-31T12:59:50.904911" elapsed="0.053796"/>
</kw>
<kw name="Input Text" owner="SeleniumLibrary">
<msg time="2025-01-31T12:59:50.959055" level="INFO">Typing text '00000000' into text field '//input[contains(@name,'zipcode')]'.</msg>
<arg>${DELIVERY_INPUT_CEP_CART_NAME}</arg>
<arg>${CEP}</arg>
<doc>Types the given ``text`` into the text field identified by ``locator``.</doc>
<status status="PASS" start="2025-01-31T12:59:50.958870" elapsed="0.111337"/>
</kw>
<kw name="Wait Until Page Contains Element" owner="SeleniumLibrary">
<arg>${DELIVERY_MESSAGE_NOT_FOUND}</arg>
<arg>timeout=${TIMEOUT}</arg>
<doc>Waits until the element ``locator`` appears on the current page.</doc>
<status status="PASS" start="2025-01-31T12:59:51.070387" elapsed="0.438940"/>
</kw>
<arg>00000000</arg>
<status status="PASS" start="2025-01-31T12:59:50.904684" elapsed="0.604803"/>
</kw>
<kw name="Então o sistema deve exibir uma mensagem de erro indicando que o CEP é inválido" owner="Delivery">
<kw name="Wait Until Page Contains Element" owner="SeleniumLibrary">
<arg>${DELIVERY_MESSAGE_NOT_FOUND}</arg>
<arg>timeout=${TIMEOUT}</arg>
<doc>Waits until the element ``locator`` appears on the current page.</doc>
<status status="PASS" start="2025-01-31T12:59:51.510242" elapsed="0.008596"/>
</kw>
<status status="PASS" start="2025-01-31T12:59:51.509848" elapsed="0.009112"/>
</kw>
<kw name="Fechar navegador" owner="resource" type="TEARDOWN">
<kw name="Close Browser" owner="SeleniumLibrary">
<doc>Closes the current browser.</doc>
<status status="PASS" start="2025-01-31T12:59:51.519605" elapsed="0.075033"/>
</kw>
<kw name="Log" owner="BuiltIn">
<msg time="2025-01-31T12:59:51.594963" level="INFO">Navegador fechado com sucesso.</msg>
<arg>Navegador fechado com sucesso.</arg>
<doc>Logs the given message with the given level.</doc>
<status status="PASS" start="2025-01-31T12:59:51.594840" elapsed="0.000159"/>
</kw>
<status status="PASS" start="2025-01-31T12:59:51.519288" elapsed="0.075770"/>
</kw>
<doc>Apresentar mensagem de erro ao inserir um CEP inválido.</doc>
<tag>Delivery</tag>
<tag>InvalidCEP</tag>
<tag>sc02</tag>
<status status="PASS" start="2025-01-31T12:59:46.988017" elapsed="4.607139"/>
</test>
<test id="s1-t3" name="TC003 - Verificar Opção de Retirada na Loja" line="30">
<kw name="Abrir navegador" owner="resource" type="SETUP">
<kw name="Open Browser" owner="SeleniumLibrary">
<msg time="2025-01-31T12:59:51.596800" level="INFO">Opening browser 'chrome' to base url 'None'.</msg>
<arg>browser=${BROWSER}</arg>
<doc>Opens a new browser instance to the optional ``url``.</doc>
<status status="PASS" start="2025-01-31T12:59:51.596635" elapsed="0.499938"/>
</kw>
<kw name="Maximize Browser Window" owner="SeleniumLibrary">
<doc>Maximizes current browser window.</doc>
<status status="PASS" start="2025-01-31T12:59:52.096740" elapsed="0.032379"/>
</kw>
<kw name="Log" owner="BuiltIn">
<msg time="2025-01-31T12:59:52.129716" level="INFO">Navegador aberto com sucesso.</msg>
<arg>Navegador aberto com sucesso.</arg>
<doc>Logs the given message with the given level.</doc>
<status status="PASS" start="2025-01-31T12:59:52.129454" elapsed="0.000361"/>
</kw>
<status status="PASS" start="2025-01-31T12:59:51.596196" elapsed="0.533793"/>
</kw>
<kw name="Dado que o usuário está na página inicial da Magazine Luiza" owner="Home">
<kw name="Acessar página inicial do site Magazine Luiza" owner="Home">
<kw name="Go To" owner="SeleniumLibrary">
<msg time="2025-01-31T12:59:52.131701" level="INFO">Opening url 'https://www.magazineluiza.com.br'</msg>
<arg>${HOME_URL}</arg>
<doc>Navigates the current browser window to the provided ``url``.</doc>
<status status="PASS" start="2025-01-31T12:59:52.131383" elapsed="2.808044"/>
</kw>
<kw name="Log" owner="BuiltIn">
<msg time="2025-01-31T12:59:54.939759" level="INFO">Acessando a página inicial do site Magazine Luiza</msg>
<arg>Acessando a página inicial do site Magazine Luiza</arg>
<doc>Logs the given message with the given level.</doc>
<status status="PASS" start="2025-01-31T12:59:54.939631" elapsed="0.000166"/>
</kw>
<status status="PASS" start="2025-01-31T12:59:52.130925" elapsed="2.808934"/>
</kw>
<kw name="Verificar se o header da pagina é ${HOME_HEADER}" owner="Home" source_name="Verificar se o header da pagina é ${HOME_HEADER}">
<kw name="Wait Until Page Contains Element" owner="SeleniumLibrary">
<arg>//title[@data-testid='link-0'][contains(.,'${HOME_HEADER}')]</arg>
<doc>Waits until the element ``locator`` appears on the current page.</doc>
<status status="PASS" start="2025-01-31T12:59:54.940420" elapsed="0.016941"/>
</kw>
<kw name="Log" owner="BuiltIn">
<msg time="2025-01-31T12:59:54.957840" level="INFO">Header da página é Magazine Luiza | Pra você é Magalu!</msg>
<arg>Header da página é ${HOME_HEADER}</arg>
<doc>Logs the given message with the given level.</doc>
<status status="PASS" start="2025-01-31T12:59:54.957658" elapsed="0.000226"/>
</kw>
<status status="PASS" start="2025-01-31T12:59:54.940000" elapsed="0.017961"/>
</kw>
<status status="PASS" start="2025-01-31T12:59:52.130418" elapsed="2.827585"/>
</kw>
<kw name="Quando ele busca pelo produto &quot;Notebook&quot;" owner="Home" source_name="Quando ele busca pelo produto &quot;${SEARCH_NAME}&quot;">
<kw name="Digitar nome &quot;${SEARCH_NAME}&quot; no campo de busca" owner="Search" source_name="Digitar nome &quot;${SEARCH_NAME}&quot; no campo de ${WHERE}">
<if>
<branch type="IF" condition="$WHERE == 'busca'">
<kw name="Log" owner="BuiltIn">
<msg time="2025-01-31T12:59:54.958994" level="INFO">Digitar nome "Notebook" no campo de busca</msg>
<arg>Digitar nome "${SEARCH_NAME}" no campo de busca</arg>
<doc>Logs the given message with the given level.</doc>
<status status="PASS" start="2025-01-31T12:59:54.958883" elapsed="0.000151"/>
</kw>
<kw name="Input Text" owner="SeleniumLibrary">
<msg time="2025-01-31T12:59:54.959330" level="INFO">Typing text 'Notebook' into text field '//input[contains(@type,'search')]'.</msg>
<arg>locator=${SEARCH_TEXT}</arg>
<arg>text=${SEARCH_NAME}</arg>
<doc>Types the given ``text`` into the text field identified by ``locator``.</doc>
<status status="PASS" start="2025-01-31T12:59:54.959123" elapsed="0.264398"/>
</kw>
<status status="PASS" start="2025-01-31T12:59:54.958672" elapsed="0.264919"/>
</branch>
<branch type="ELSE IF" condition="$WHERE == 'filtro'">
<kw name="Log" owner="BuiltIn">
<arg>Digitar nome "${SEARCH_NAME}" no campo de filtro</arg>
<doc>Logs the given message with the given level.</doc>
<status status="NOT RUN" start="2025-01-31T12:59:55.223885" elapsed="0.000044"/>
</kw>
<kw name="Input Text" owner="SeleniumLibrary">
<arg>locator=${SEARCH_FILTER}</arg>
<arg>text=${SEARCH_NAME}</arg>
<doc>Types the given ``text`` into the text field identified by ``locator``.</doc>
<status status="NOT RUN" start="2025-01-31T12:59:55.224093" elapsed="0.000037"/>
</kw>
<status status="NOT RUN" start="2025-01-31T12:59:55.223657" elapsed="0.000530"/>
</branch>
<status status="PASS" start="2025-01-31T12:59:54.958649" elapsed="0.265595"/>
</if>
<status status="PASS" start="2025-01-31T12:59:54.958502" elapsed="0.265845"/>
</kw>
<kw name="Clicar no botao de busca" owner="Home" source_name="Clicar no botao de ${WHERE}">
<kw name="Run Keyword And Return Status" owner="BuiltIn">
<kw name="Element Should Be Visible" owner="SeleniumLibrary">
<msg time="2025-01-31T12:59:55.225582" level="FAIL">Variable '${SEARCH_BUTTON}' not found. Did you mean:
    ${SEARCH_BUTTON_TEXT}</msg>
<arg>${SEARCH_BUTTON}</arg>
<doc>Verifies that the element identified by ``locator`` is visible.</doc>
<status status="FAIL" start="2025-01-31T12:59:55.225007" elapsed="0.000610">Variable '${SEARCH_BUTTON}' not found. Did you mean:
    ${SEARCH_BUTTON_TEXT}</status>
</kw>
<msg time="2025-01-31T12:59:55.225704" level="INFO">${SEARCH_IS_VISIBLE} = False</msg>
<var>${SEARCH_IS_VISIBLE}</var>
<arg>Element Should Be Visible</arg>
<arg>${SEARCH_BUTTON}</arg>
<doc>Runs the given keyword with given arguments and returns the status as a Boolean value.</doc>
<status status="PASS" start="2025-01-31T12:59:55.224874" elapsed="0.000847"/>
</kw>
<if>
<branch type="IF" condition="${SEARCH_IS_VISIBLE}">
<kw name="Log" owner="BuiltIn">
<arg>Botão de pesquisa encontrado. Clicando no botão.</arg>
<doc>Logs the given message with the given level.</doc>
<status status="NOT RUN" start="2025-01-31T12:59:55.225913" elapsed="0.000019"/>
</kw>
<kw name="Click Element" owner="SeleniumLibrary">
<arg>${SEARCH_BUTTON}</arg>
<doc>Click the element identified by ``locator``.</doc>
<status status="NOT RUN" start="2025-01-31T12:59:55.226009" elapsed="0.000017"/>
</kw>
<status status="NOT RUN" start="2025-01-31T12:59:55.225791" elapsed="0.000261"/>
</branch>
<branch type="ELSE">
<kw name="Log" owner="BuiltIn">
<msg time="2025-01-31T12:59:55.226231" level="INFO">Botão de pesquisa não encontrado. Pressionando Enter.</msg>
<arg>Botão de pesquisa não encontrado. Pressionando Enter.</arg>
<doc>Logs the given message with the given level.</doc>
<status status="PASS" start="2025-01-31T12:59:55.226144" elapsed="0.000121"/>
</kw>
<kw name="Press Keys" owner="SeleniumLibrary">
<msg time="2025-01-31T12:59:55.226596" level="INFO">Sending key(s) ('RETURN',) to page.</msg>
<msg time="2025-01-31T12:59:55.226675" level="INFO">Pressing special key RETURN to browser.</msg>
<msg time="2025-01-31T12:59:55.226711" level="INFO">Releasing special key RETURN.</msg>
<arg>NONE</arg>
<arg>RETURN</arg>
<doc>Simulates the user pressing key(s) to an element or on the active browser.</doc>
<status status="PASS" start="2025-01-31T12:59:55.226360" elapsed="0.070886"/>
</kw>
<status status="PASS" start="2025-01-31T12:59:55.226078" elapsed="0.071301"/>
</branch>
<status status="PASS" start="2025-01-31T12:59:55.225770" elapsed="0.071675"/>
</if>
<status status="PASS" start="2025-01-31T12:59:55.224639" elapsed="0.072897"/>
</kw>
<status status="PASS" start="2025-01-31T12:59:54.958194" elapsed="0.339427"/>
</kw>
<kw name="E o usuário está logado no sistema" owner="Login">
<kw name="Run Keyword And Return Status" owner="BuiltIn">
<kw name="Element Should Be Visible" owner="SeleniumLibrary">
<msg time="2025-01-31T12:59:55.299907" level="FAIL">Variable '${LOGIN_VERIFICATION_SUCCESS}' not found. Did you mean:
    ${LOGIN_VERIFICATION_SUCESS}</msg>
<arg>${LOGIN_VERIFICATION_SUCCESS}</arg>
<doc>Verifies that the element identified by ``locator`` is visible.</doc>
<status status="FAIL" start="2025-01-31T12:59:55.298976" elapsed="0.000990">Variable '${LOGIN_VERIFICATION_SUCCESS}' not found. Did you mean:
    ${LOGIN_VERIFICATION_SUCESS}</status>
</kw>
<msg time="2025-01-31T12:59:55.300083" level="INFO">${SUCCESS} = False</msg>
<var>${SUCCESS}</var>
<arg>Element Should Be Visible</arg>
<arg>${LOGIN_VERIFICATION_SUCCESS}</arg>
<doc>Runs the given keyword with given arguments and returns the status as a Boolean value.</doc>
<status status="PASS" start="2025-01-31T12:59:55.298793" elapsed="0.001307"/>
</kw>
<kw name="Run Keyword And Return Status" owner="BuiltIn">
<kw name="Element Should Be Visible" owner="SeleniumLibrary">
<msg time="2025-01-31T12:59:55.328794" level="INFO">Element '(//div[contains(.,'Bem-vindo :)Entre ou cadastre-se')])[7]' is displayed.</msg>
<arg>(//div[contains(.,'Bem-vindo :)Entre ou cadastre-se')])[7]</arg>
<doc>Verifies that the element identified by ``locator`` is visible.</doc>
<status status="PASS" start="2025-01-31T12:59:55.300464" elapsed="0.028417"/>
</kw>
<msg time="2025-01-31T12:59:55.328989" level="INFO">${FAIL} = True</msg>
<var>${FAIL}</var>
<arg>Element Should Be Visible</arg>
<arg>(//div[contains(.,'Bem-vindo :)Entre ou cadastre-se')])[7]</arg>
<doc>Runs the given keyword with given arguments and returns the status as a Boolean value.</doc>
<status status="PASS" start="2025-01-31T12:59:55.300264" elapsed="0.028742"/>
</kw>
<if>
<branch type="IF" condition="${SUCCESS}">
<kw name="Pass Execution" owner="BuiltIn">
<arg>Usuário logado no sistema.</arg>
<doc>Skips rest of the current test, setup, or teardown with PASS status.</doc>
<status status="NOT RUN" start="2025-01-31T12:59:55.329248" elapsed="0.000020"/>
</kw>
<status status="NOT RUN" start="2025-01-31T12:59:55.329086" elapsed="0.000237"/>
</branch>
<branch type="ELSE IF" condition="${FAIL}">
<kw name="Log" owner="BuiltIn">
<msg time="2025-01-31T12:59:55.329639" level="INFO">Usuário não logado no sistema.</msg>
<arg>Usuário não logado no sistema.</arg>
<doc>Logs the given message with the given level.</doc>
<status status="PASS" start="2025-01-31T12:59:55.329460" elapsed="0.000228"/>
</kw>
<kw name="Quando ele acessa a página de login" owner="Login">
<kw name="Wait Until Element Is Enabled" owner="SeleniumLibrary">
<arg>//a[contains(.,'Entre ou cadastre-se')]</arg>
<arg>timeout=${TIMEOUT}</arg>
<doc>Waits until the element ``locator`` is enabled.</doc>
<status status="PASS" start="2025-01-31T12:59:55.330095" elapsed="0.155242"/>
</kw>
<kw name="Sleep" owner="BuiltIn">
<msg time="2025-01-31T12:59:58.485879" level="INFO">Slept 3 seconds.</msg>
<arg>${TIMEOUT_SLEEP}</arg>
<doc>Pauses the test executed for the given time.</doc>
<status status="PASS" start="2025-01-31T12:59:55.485511" elapsed="3.000558"/>
</kw>
<kw name="Click Element" owner="SeleniumLibrary">
<msg time="2025-01-31T12:59:58.486779" level="INFO">Clicking element '//a[contains(.,'Entre ou cadastre-se')]'.</msg>
<arg>//a[contains(.,'Entre ou cadastre-se')]</arg>
<doc>Click the element identified by ``locator``.</doc>
<status status="PASS" start="2025-01-31T12:59:58.486462" elapsed="4.615168"/>
</kw>
<kw name="Wait Until Page Contains Element" owner="SeleniumLibrary">
<arg>//div[@class='LoginPage-title'][contains(.,'Identificação')]</arg>
<arg>timeout=${TIMEOUT}</arg>
<doc>Waits until the element ``locator`` appears on the current page.</doc>
<status status="PASS" start="2025-01-31T13:00:03.101834" elapsed="0.021423"/>
</kw>
<status status="PASS" start="2025-01-31T12:59:55.329902" elapsed="7.793479"/>
</kw>
<kw name="E insere credenciais válidas" owner="Login">
<kw name="Input Text" owner="SeleniumLibrary">
<msg time="2025-01-31T13:00:03.124764" level="INFO">Typing text 'laiscc575@gmail.com' into text field '//input[contains(@autocomplete,'username')]'.</msg>
<arg>//input[contains(@autocomplete,'username')]</arg>
<arg>${CREDENTIALS.email}</arg>
<doc>Types the given ``text`` into the text field identified by ``locator``.</doc>
<status status="PASS" start="2025-01-31T13:00:03.124388" elapsed="0.140771"/>
</kw>
<kw name="Input Text" owner="SeleniumLibrary">
<msg time="2025-01-31T13:00:03.266159" level="INFO">Typing text 'julho2005' into text field '//input[contains(@type,'password')]'.</msg>
<arg>//input[contains(@type,'password')]</arg>
<arg>${CREDENTIALS.senha}</arg>
<doc>Types the given ``text`` into the text field identified by ``locator``.</doc>
<status status="PASS" start="2025-01-31T13:00:03.265480" elapsed="0.123165"/>
</kw>
<kw name="Click Element" owner="SeleniumLibrary">
<msg time="2025-01-31T13:00:03.389148" level="INFO">Clicking element '//button[contains(@id,'login-box-form-continue')]'.</msg>
<arg>//button[contains(@id,'login-box-form-continue')]</arg>
<doc>Click the element identified by ``locator``.</doc>
<status status="PASS" start="2025-01-31T13:00:03.388916" elapsed="0.114853"/>
</kw>
<kw name="Sleep" owner="BuiltIn">
<msg time="2025-01-31T13:00:06.504417" level="INFO">Slept 3 seconds.</msg>
<arg>${TIMEOUT_SLEEP}</arg>
<doc>Pauses the test executed for the given time.</doc>
<status status="PASS" start="2025-01-31T13:00:03.504034" elapsed="3.000526"/>
</kw>
<kw name="Wait Until Page Contains Element" owner="SeleniumLibrary">
<arg>${LOGIN_VERIFICATION_SUCESS}</arg>
<arg>timeout=${TIMEOUT}</arg>
<doc>Waits until the element ``locator`` appears on the current page.</doc>
<status status="PASS" start="2025-01-31T13:00:06.504828" elapsed="8.072348"/>
</kw>
<arg>email=${CREDENTIALS.email}</arg>
<arg>senha=${CREDENTIALS.senha}</arg>
<status status="PASS" start="2025-01-31T13:00:03.123569" elapsed="11.453778"/>
</kw>
<kw name="Então o login deve ser realizado com sucesso" owner="Login">
<kw name="Wait Until Page Contains Element" owner="SeleniumLibrary">
<arg>${LOGIN_VERIFICATION_SUCESS}</arg>
<arg>timeout=${TIMEOUT}</arg>
<doc>Waits until the element ``locator`` appears on the current page.</doc>
<status status="PASS" start="2025-01-31T13:00:14.577712" elapsed="0.025170"/>
</kw>
<status status="PASS" start="2025-01-31T13:00:14.577516" elapsed="0.025519"/>
</kw>
<status status="PASS" start="2025-01-31T12:59:55.329352" elapsed="19.273739"/>
</branch>
<branch type="ELSE">
<kw name="Fail" owner="BuiltIn">
<arg>Falha ao determinar estado do login.</arg>
<doc>Fails the test with the given message and optionally alters its tags.</doc>
<status status="NOT RUN" start="2025-01-31T13:00:14.603388" elapsed="0.000024"/>
</kw>
<status status="NOT RUN" start="2025-01-31T13:00:14.603158" elapsed="0.000285"/>
</branch>
<status status="PASS" start="2025-01-31T12:59:55.329066" elapsed="19.274400"/>
</if>
<arg>email=${EMAIL}</arg>
<arg>senha=${PASSWORD}</arg>
<status status="PASS" start="2025-01-31T12:59:55.298159" elapsed="19.305346"/>
</kw>
<kw name="E adiciona ao carrinho o produto &quot;Notebook&quot;" owner="Cart" source_name="E adiciona ao carrinho o produto &quot;${NAME_PRODUCT}&quot;">
<kw name="Visualizar o produto ${NAME_PRODUCT}" owner="Cart" source_name="Visualizar o produto ${NAME_PRODUCT}">
<kw name="Verificar se esta listando o produto &quot;${NAME_PRODUCT}&quot;" owner="Search" source_name="Verificar se esta listando o produto &quot;${PRODUCT}&quot;">
<kw name="Convert To Lower Case" owner="String">
<msg time="2025-01-31T13:00:14.604344" level="INFO">${NAME_PRODUCT} = notebook</msg>
<var>${NAME_PRODUCT}</var>
<arg>${PRODUCT}</arg>
<doc>Converts string to lower case.</doc>
<status status="PASS" start="2025-01-31T13:00:14.604214" elapsed="0.000150"/>
</kw>
<kw name="Wait Until Page Contains" owner="SeleniumLibrary">
<arg>${NAME_PRODUCT}</arg>
<arg>timeout=${TIMEOUT}</arg>
<doc>Waits until ``text`` appears on the current page.</doc>
<status status="PASS" start="2025-01-31T13:00:14.604450" elapsed="0.034021"/>
</kw>
<kw name="Wait Until Page Contains Element" owner="SeleniumLibrary">
<arg>//h1[@data-testid='main-title'][contains(.,'${NAME_PRODUCT}')]</arg>
<arg>timeout=${TIMEOUT}</arg>
<doc>Waits until the element ``locator`` appears on the current page.</doc>
<status status="PASS" start="2025-01-31T13:00:14.638663" elapsed="0.017235"/>
</kw>
<status status="PASS" start="2025-01-31T13:00:14.604056" elapsed="0.051939"/>
</kw>
<kw name="Click Element" owner="SeleniumLibrary">
<msg time="2025-01-31T13:00:14.656343" level="INFO">Clicking element '//h2[@data-testid='product-title'][contains(.,'Notebook')]'.</msg>
<arg>//h2[@data-testid='product-title'][contains(.,'${NAME_PRODUCT}')]</arg>
<doc>Click the element identified by ``locator``.</doc>
<status status="PASS" start="2025-01-31T13:00:14.656128" elapsed="0.196060"/>
</kw>
<kw name="Wait Until Page Contains Element" owner="SeleniumLibrary">
<arg>//h1[@data-testid='heading-product-title'][contains(.,'${NAME_PRODUCT}')]</arg>
<arg>timeout=${TIMEOUT}</arg>
<doc>Waits until the element ``locator`` appears on the current page.</doc>
<status status="PASS" start="2025-01-31T13:00:14.852492" elapsed="1.540210"/>
</kw>
<status status="PASS" start="2025-01-31T13:00:14.603869" elapsed="1.788955"/>
</kw>
<kw name="Adicionar ao carrinho o produto ${NAME_PRODUCT}" owner="Cart" source_name="Adicionar ao carrinho o produto ${NAME_PRODUCT}">
<kw name="Wait Until Page Contains Element" owner="SeleniumLibrary">
<arg>//h1[@data-testid='heading-product-title'][contains(.,'${NAME_PRODUCT}')]</arg>
<arg>timeout=${TIMEOUT}</arg>
<doc>Waits until the element ``locator`` appears on the current page.</doc>
<status status="PASS" start="2025-01-31T13:00:16.393451" elapsed="0.091459"/>
</kw>
<kw name="Wait Until Page Contains" owner="SeleniumLibrary">
<arg>${NAME_PRODUCT}</arg>
<arg>timeout=${TIMEOUT}</arg>
<doc>Waits until ``text`` appears on the current page.</doc>
<status status="PASS" start="2025-01-31T13:00:16.485171" elapsed="0.076852"/>
</kw>
<kw name="Scroll Element Into View" owner="SeleniumLibrary">
<arg>${CART_BUTTON_ADD}</arg>
<doc>Scrolls the element identified by ``locator`` into view.</doc>
<status status="PASS" start="2025-01-31T13:00:16.562197" elapsed="0.291629"/>
</kw>
<kw name="Click Element" owner="SeleniumLibrary">
<msg time="2025-01-31T13:00:16.854165" level="INFO">Clicking element '(//button[@color='secondary'][contains(.,'Adicionar à Sacola')])[1]'.</msg>
<arg>${CART_BUTTON_ADD}</arg>
<doc>Click the element identified by ``locator``.</doc>
<status status="PASS" start="2025-01-31T13:00:16.854001" elapsed="0.211242"/>
</kw>
<kw name="Sleep" owner="BuiltIn">
<msg time="2025-01-31T13:00:20.066208" level="INFO">Slept 3 seconds.</msg>
<arg>${TIMEOUT_SLEEP}</arg>
<doc>Pauses the test executed for the given time.</doc>
<status status="PASS" start="2025-01-31T13:00:17.065709" elapsed="3.000705"/>
</kw>
<kw name="Run Keyword And Return Status" owner="BuiltIn">
<kw name="Element Should Be Visible" owner="SeleniumLibrary">
<msg time="2025-01-31T13:00:20.097401" level="INFO">Element '//strong[contains(.,'"Incluir proteção"')]' is displayed.</msg>
<arg>${CART_NOT_PROTECTION}</arg>
<arg>timeout=${TIMEOUT}</arg>
<doc>Verifies that the element identified by ``locator`` is visible.</doc>
<status status="PASS" start="2025-01-31T13:00:20.067139" elapsed="0.030346"/>
</kw>
<msg time="2025-01-31T13:00:20.097589" level="INFO">${CART_PROTECTION_IS_VISIBLE} = True</msg>
<var>${CART_PROTECTION_IS_VISIBLE}</var>
<arg>Element Should Be Visible</arg>
<arg>${CART_NOT_PROTECTION}</arg>
<arg>timeout=${TIMEOUT}</arg>
<doc>Runs the given keyword with given arguments and returns the status as a Boolean value.</doc>
<status status="PASS" start="2025-01-31T13:00:20.066779" elapsed="0.030829"/>
</kw>
<if>
<branch type="IF" condition="${CART_PROTECTION_IS_VISIBLE}">
<kw name="Log" owner="BuiltIn">
<msg time="2025-01-31T13:00:20.097926" level="INFO">Proteção de compra encontrada. Clicando em "Agora não".</msg>
<arg>Proteção de compra encontrada. Clicando em "Agora não".</arg>
<doc>Logs the given message with the given level.</doc>
<status status="PASS" start="2025-01-31T13:00:20.097834" elapsed="0.000123"/>
</kw>
<kw name="Wait Until Page Contains Element" owner="SeleniumLibrary">
<arg>${CART_NOT_PROTECTION}</arg>
<arg>timeout=${TIMEOUT}</arg>
<doc>Waits until the element ``locator`` appears on the current page.</doc>
<status status="PASS" start="2025-01-31T13:00:20.098039" elapsed="0.009439"/>
</kw>
<kw name="Click Element" owner="SeleniumLibrary">
<msg time="2025-01-31T13:00:20.107828" level="INFO">Clicking element '//button[@color='secondary'][contains(.,'Agora não')]'.</msg>
<arg>${CART_BUTTON_NOT_PROTECTION}</arg>
<doc>Click the element identified by ``locator``.</doc>
<status status="PASS" start="2025-01-31T13:00:20.107656" elapsed="0.913931"/>
</kw>
<status status="PASS" start="2025-01-31T13:00:20.097683" elapsed="0.923981"/>
</branch>
<branch type="ELSE">
<kw name="Log" owner="BuiltIn">
<arg>Proteção de compra não encontrada. Indo para a pagina de carrinho.</arg>
<doc>Logs the given message with the given level.</doc>
<status status="NOT RUN" start="2025-01-31T13:00:21.021900" elapsed="0.000032"/>
</kw>
<status status="NOT RUN" start="2025-01-31T13:00:21.021723" elapsed="0.000249"/>
</branch>
<status status="PASS" start="2025-01-31T13:00:20.097663" elapsed="0.924339"/>
</if>
<kw name="Wait Until Page Contains Element" owner="SeleniumLibrary">
<arg>//p[contains(.,'${NAME_PRODUCT}')]</arg>
<arg>timeout=${TIMEOUT}</arg>
<doc>Waits until the element ``locator`` appears on the current page.</doc>
<status status="PASS" start="2025-01-31T13:00:21.022143" elapsed="0.923751"/>
</kw>
<status status="PASS" start="2025-01-31T13:00:16.393123" elapsed="5.552867"/>
</kw>
<status status="PASS" start="2025-01-31T13:00:14.603668" elapsed="7.342368"/>
</kw>
<kw name="E insere um CEP válido se necessario" owner="Delivery">
<kw name="Run Keyword And Return Status" owner="BuiltIn">
<kw name="Element Should Be Visible" owner="SeleniumLibrary">
<msg time="2025-01-31T13:00:21.965113" level="INFO">Element '//span[@class='BasketAddress-address-change__label'][contains(.,'Alterar')]' is displayed.</msg>
<arg>${DELIVERY_BUTTON_ALTER_CEP}</arg>
<doc>Verifies that the element identified by ``locator`` is visible.</doc>
<status status="PASS" start="2025-01-31T13:00:21.946658" elapsed="0.018534"/>
</kw>
<msg time="2025-01-31T13:00:21.965332" level="INFO">${DELIVERY_ALTER_IS_VISIBLE} = True</msg>
<var>${DELIVERY_ALTER_IS_VISIBLE}</var>
<arg>Element Should Be Visible</arg>
<arg>${DELIVERY_BUTTON_ALTER_CEP}</arg>
<doc>Runs the given keyword with given arguments and returns the status as a Boolean value.</doc>
<status status="PASS" start="2025-01-31T13:00:21.946542" elapsed="0.018809"/>
</kw>
<kw name="Log" owner="BuiltIn">
<msg time="2025-01-31T13:00:21.965594" level="INFO">True</msg>
<arg>${DELIVERY_ALTER_IS_VISIBLE}</arg>
<doc>Logs the given message with the given level.</doc>
<status status="PASS" start="2025-01-31T13:00:21.965481" elapsed="0.000145"/>
</kw>
<if>
<branch type="IF" condition="${DELIVERY_ALTER_IS_VISIBLE}">
<kw name="Log" owner="BuiltIn">
<msg time="2025-01-31T13:00:21.965863" level="INFO">O CEP nao sera alterado pois ja tem um cadastrado.</msg>
<arg>O CEP nao sera alterado pois ja tem um cadastrado.</arg>
<doc>Logs the given message with the given level.</doc>
<status status="PASS" start="2025-01-31T13:00:21.965796" elapsed="0.000096"/>
</kw>
<status status="PASS" start="2025-01-31T13:00:21.965685" elapsed="0.000235"/>
</branch>
<branch type="ELSE">
<kw name="Log" owner="BuiltIn">
<arg>Inserindo CEP no carrinho.</arg>
<doc>Logs the given message with the given level.</doc>
<status status="NOT RUN" start="2025-01-31T13:00:21.966015" elapsed="0.000017"/>
</kw>
<kw name="Click Element" owner="SeleniumLibrary">
<arg>${DELIVERY_BUTTON_ALTER_CEP}</arg>
<doc>Click the element identified by ``locator``.</doc>
<status status="NOT RUN" start="2025-01-31T13:00:21.966106" elapsed="0.000019"/>
</kw>
<kw name="Inserindo CEP no carrinho" owner="Delivery">
<arg>${CEP}</arg>
<status status="NOT RUN" start="2025-01-31T13:00:21.966235" elapsed="0.000020"/>
</kw>
<status status="NOT RUN" start="2025-01-31T13:00:21.965947" elapsed="0.000345"/>
</branch>
<status status="PASS" start="2025-01-31T13:00:21.965669" elapsed="0.000648"/>
</if>
<kw name="Wait Until Element Is Enabled" owner="SeleniumLibrary">
<arg>${DELIVERY_BUTTON_CONTINUE_CART}</arg>
<arg>timeout=${TIMEOUT}</arg>
<doc>Waits until the element ``locator`` is enabled.</doc>
<status status="PASS" start="2025-01-31T13:00:21.966390" elapsed="0.126339"/>
</kw>
<arg>62320041</arg>
<status status="PASS" start="2025-01-31T13:00:21.946315" elapsed="0.146509"/>
</kw>
<kw name="Então o sistema deve verificar a opção &quot;Retire na loja&quot; se disponível" owner="Delivery" source_name="Então o sistema deve verificar a opção &quot;${DELIVERY_MESSAGE_OPTION}&quot; se disponível">
<kw name="Ir ate a pagina de verificacao de compra" owner="Delivery">
<kw name="Wait Until Page Contains Element" owner="SeleniumLibrary">
<arg>${DELIVERY_BUTTON_CONTINUE_CART}</arg>
<arg>timeout=${TIMEOUT}</arg>
<doc>Waits until the element ``locator`` appears on the current page.</doc>
<status status="PASS" start="2025-01-31T13:00:22.093454" elapsed="0.061560"/>
</kw>
<kw name="Sleep" owner="BuiltIn">
<msg time="2025-01-31T13:00:25.155907" level="INFO">Slept 3 seconds.</msg>
<arg>${TIMEOUT_SLEEP}</arg>
<doc>Pauses the test executed for the given time.</doc>
<status status="PASS" start="2025-01-31T13:00:22.155181" elapsed="3.000913"/>
</kw>
<kw name="Click Element" owner="SeleniumLibrary">
<msg time="2025-01-31T13:00:25.156766" level="INFO">Clicking element '//button[@class='BasketContinue-button'][contains(.,'Continuar')]'.</msg>
<arg>${DELIVERY_BUTTON_CONTINUE_CART}</arg>
<doc>Click the element identified by ``locator``.</doc>
<status status="PASS" start="2025-01-31T13:00:25.156479" elapsed="0.212514"/>
</kw>
<kw name="Wait Until Page Contains Element" owner="SeleniumLibrary">
<arg>//button[@type='button'][contains(.,'Continuar')]</arg>
<arg>timeout=${TIMEOUT}</arg>
<doc>Waits until the element ``locator`` appears on the current page.</doc>
<status status="PASS" start="2025-01-31T13:00:25.369233" elapsed="2.654394"/>
</kw>
<status status="PASS" start="2025-01-31T13:00:22.093261" elapsed="5.930476"/>
</kw>
<kw name="Verificar opcao de entrega" owner="Delivery">
<kw name="Run Keyword And Return Status" owner="BuiltIn">
<kw name="Element Should Be Visible" owner="SeleniumLibrary">
<msg time="2025-01-31T13:00:28.092964" level="INFO">Element '//div[@class='DeliveryOptionBox'][contains(.,'Retire na loja')]' is displayed.</msg>
<arg>//div[@class='DeliveryOptionBox'][contains(.,'${BUY_DELIVERY_MESSAGE_OPTION}')]</arg>
<doc>Verifies that the element identified by ``locator`` is visible.</doc>
<status status="PASS" start="2025-01-31T13:00:28.024421" elapsed="0.068686"/>
</kw>
<msg time="2025-01-31T13:00:28.093207" level="INFO">${SUCESS} = True</msg>
<var>${SUCESS}</var>
<arg>Element Should Be Visible</arg>
<arg>//div[@class='DeliveryOptionBox'][contains(.,'${BUY_DELIVERY_MESSAGE_OPTION}')]</arg>
<doc>Runs the given keyword with given arguments and returns the status as a Boolean value.</doc>
<status status="PASS" start="2025-01-31T13:00:28.024268" elapsed="0.068956"/>
</kw>
<if>
<branch type="IF" condition="${SUCESS}">
<kw name="Log" owner="BuiltIn">
<msg time="2025-01-31T13:00:28.093608" level="INFO">Opção de retirada na loja disponível.</msg>
<arg>Opção de retirada na loja disponível.</arg>
<doc>Logs the given message with the given level.</doc>
<status status="PASS" start="2025-01-31T13:00:28.093487" elapsed="0.000169"/>
</kw>
<status status="PASS" start="2025-01-31T13:00:28.093316" elapsed="0.000374"/>
</branch>
<branch type="ELSE">
<kw name="Log" owner="BuiltIn">
<arg>Opção de retirada na loja não disponível.</arg>
<doc>Logs the given message with the given level.</doc>
<status status="NOT RUN" start="2025-01-31T13:00:28.093797" elapsed="0.000018"/>
</kw>
<status status="NOT RUN" start="2025-01-31T13:00:28.093720" elapsed="0.000122"/>
</branch>
<status status="PASS" start="2025-01-31T13:00:28.093294" elapsed="0.000570"/>
</if>
<arg>${DELIVERY_MESSAGE_OPTION}</arg>
<status status="PASS" start="2025-01-31T13:00:28.023966" elapsed="0.069938"/>
</kw>
<status status="PASS" start="2025-01-31T13:00:22.093030" elapsed="6.000915"/>
</kw>
<kw name="Fechar navegador" owner="resource" type="TEARDOWN">
<kw name="Close Browser" owner="SeleniumLibrary">
<doc>Closes the current browser.</doc>
<status status="PASS" start="2025-01-31T13:00:28.094321" elapsed="0.118051"/>
</kw>
<kw name="Log" owner="BuiltIn">
<msg time="2025-01-31T13:00:28.213000" level="INFO">Navegador fechado com sucesso.</msg>
<arg>Navegador fechado com sucesso.</arg>
<doc>Logs the given message with the given level.</doc>
<status status="PASS" start="2025-01-31T13:00:28.212743" elapsed="0.000329"/>
</kw>
<status status="PASS" start="2025-01-31T13:00:28.094135" elapsed="0.119053"/>
</kw>
<doc>Checar se um produto tem a opção de ser retirado em loja física.</doc>
<tag>Cart</tag>
<tag>Delivery</tag>
<tag>sc03</tag>
<tag>StorePickup</tag>
<status status="PASS" start="2025-01-31T12:59:51.595498" elapsed="36.617860"/>
</test>
<test id="s1-t4" name="TC004 - Buscar por Produto" line="40">
<kw name="Abrir navegador" owner="resource" type="SETUP">
<kw name="Open Browser" owner="SeleniumLibrary">
<msg time="2025-01-31T13:00:28.214973" level="INFO">Opening browser 'chrome' to base url 'None'.</msg>
<arg>browser=${BROWSER}</arg>
<doc>Opens a new browser instance to the optional ``url``.</doc>
<status status="PASS" start="2025-01-31T13:00:28.214781" elapsed="0.508669"/>
</kw>
<kw name="Maximize Browser Window" owner="SeleniumLibrary">
<doc>Maximizes current browser window.</doc>
<status status="PASS" start="2025-01-31T13:00:28.723634" elapsed="0.032696"/>
</kw>
<kw name="Log" owner="BuiltIn">
<msg time="2025-01-31T13:00:28.756822" level="INFO">Navegador aberto com sucesso.</msg>
<arg>Navegador aberto com sucesso.</arg>
<doc>Logs the given message with the given level.</doc>
<status status="PASS" start="2025-01-31T13:00:28.756650" elapsed="0.000215"/>
</kw>
<status status="PASS" start="2025-01-31T13:00:28.214445" elapsed="0.542487"/>
</kw>
<kw name="Dado que o usuário está na página inicial da Magazine Luiza" owner="Home">
<kw name="Acessar página inicial do site Magazine Luiza" owner="Home">
<kw name="Go To" owner="SeleniumLibrary">
<msg time="2025-01-31T13:00:28.757803" level="INFO">Opening url 'https://www.magazineluiza.com.br'</msg>
<arg>${HOME_URL}</arg>
<doc>Navigates the current browser window to the provided ``url``.</doc>
<status status="PASS" start="2025-01-31T13:00:28.757680" elapsed="2.958126"/>
</kw>
<kw name="Log" owner="BuiltIn">
<msg time="2025-01-31T13:00:31.716089" level="INFO">Acessando a página inicial do site Magazine Luiza</msg>
<arg>Acessando a página inicial do site Magazine Luiza</arg>
<doc>Logs the given message with the given level.</doc>
<status status="PASS" start="2025-01-31T13:00:31.715982" elapsed="0.000141"/>
</kw>
<status status="PASS" start="2025-01-31T13:00:28.757492" elapsed="2.958688"/>
</kw>
<kw name="Verificar se o header da pagina é ${HOME_HEADER}" owner="Home" source_name="Verificar se o header da pagina é ${HOME_HEADER}">
<kw name="Wait Until Page Contains Element" owner="SeleniumLibrary">
<arg>//title[@data-testid='link-0'][contains(.,'${HOME_HEADER}')]</arg>
<doc>Waits until the element ``locator`` appears on the current page.</doc>
<status status="PASS" start="2025-01-31T13:00:31.716594" elapsed="0.041172"/>
</kw>
<kw name="Log" owner="BuiltIn">
<msg time="2025-01-31T13:00:31.758286" level="INFO">Header da página é Magazine Luiza | Pra você é Magalu!</msg>
<arg>Header da página é ${HOME_HEADER}</arg>
<doc>Logs the given message with the given level.</doc>
<status status="PASS" start="2025-01-31T13:00:31.758034" elapsed="0.000325"/>
</kw>
<status status="PASS" start="2025-01-31T13:00:31.716361" elapsed="0.042100"/>
</kw>
<status status="PASS" start="2025-01-31T13:00:28.757204" elapsed="3.001337"/>
</kw>
<kw name="Quando ele busca pelo produto &quot;Notebook&quot;" owner="Home" source_name="Quando ele busca pelo produto &quot;${SEARCH_NAME}&quot;">
<kw name="Digitar nome &quot;${SEARCH_NAME}&quot; no campo de busca" owner="Search" source_name="Digitar nome &quot;${SEARCH_NAME}&quot; no campo de ${WHERE}">
<if>
<branch type="IF" condition="$WHERE == 'busca'">
<kw name="Log" owner="BuiltIn">
<msg time="2025-01-31T13:00:31.759476" level="INFO">Digitar nome "Notebook" no campo de busca</msg>
<arg>Digitar nome "${SEARCH_NAME}" no campo de busca</arg>
<doc>Logs the given message with the given level.</doc>
<status status="PASS" start="2025-01-31T13:00:31.759366" elapsed="0.000146"/>
</kw>
<kw name="Input Text" owner="SeleniumLibrary">
<msg time="2025-01-31T13:00:31.759768" level="INFO">Typing text 'Notebook' into text field '//input[contains(@type,'search')]'.</msg>
<arg>locator=${SEARCH_TEXT}</arg>
<arg>text=${SEARCH_NAME}</arg>
<doc>Types the given ``text`` into the text field identified by ``locator``.</doc>
<status status="PASS" start="2025-01-31T13:00:31.759601" elapsed="0.283796"/>
</kw>
<status status="PASS" start="2025-01-31T13:00:31.759179" elapsed="0.284335"/>
</branch>
<branch type="ELSE IF" condition="$WHERE == 'filtro'">
<kw name="Log" owner="BuiltIn">
<arg>Digitar nome "${SEARCH_NAME}" no campo de filtro</arg>
<doc>Logs the given message with the given level.</doc>
<status status="NOT RUN" start="2025-01-31T13:00:32.043808" elapsed="0.000042"/>
</kw>
<kw name="Input Text" owner="SeleniumLibrary">
<arg>locator=${SEARCH_FILTER}</arg>
<arg>text=${SEARCH_NAME}</arg>
<doc>Types the given ``text`` into the text field identified by ``locator``.</doc>
<status status="NOT RUN" start="2025-01-31T13:00:32.044010" elapsed="0.000036"/>
</kw>
<status status="NOT RUN" start="2025-01-31T13:00:32.043586" elapsed="0.000517"/>
</branch>
<status status="PASS" start="2025-01-31T13:00:31.759163" elapsed="0.284989"/>
</if>
<status status="PASS" start="2025-01-31T13:00:31.759013" elapsed="0.285217"/>
</kw>
<kw name="Clicar no botao de busca" owner="Home" source_name="Clicar no botao de ${WHERE}">
<kw name="Run Keyword And Return Status" owner="BuiltIn">
<kw name="Element Should Be Visible" owner="SeleniumLibrary">
<msg time="2025-01-31T13:00:32.045242" level="FAIL">Variable '${SEARCH_BUTTON}' not found. Did you mean:
    ${SEARCH_BUTTON_TEXT}</msg>
<arg>${SEARCH_BUTTON}</arg>
<doc>Verifies that the element identified by ``locator`` is visible.</doc>
<status status="FAIL" start="2025-01-31T13:00:32.044735" elapsed="0.000534">Variable '${SEARCH_BUTTON}' not found. Did you mean:
    ${SEARCH_BUTTON_TEXT}</status>
</kw>
<msg time="2025-01-31T13:00:32.045420" level="INFO">${SEARCH_IS_VISIBLE} = False</msg>
<var>${SEARCH_IS_VISIBLE}</var>
<arg>Element Should Be Visible</arg>
<arg>${SEARCH_BUTTON}</arg>
<doc>Runs the given keyword with given arguments and returns the status as a Boolean value.</doc>
<status status="PASS" start="2025-01-31T13:00:32.044616" elapsed="0.000822"/>
</kw>
<if>
<branch type="IF" condition="${SEARCH_IS_VISIBLE}">
<kw name="Log" owner="BuiltIn">
<arg>Botão de pesquisa encontrado. Clicando no botão.</arg>
<doc>Logs the given message with the given level.</doc>
<status status="NOT RUN" start="2025-01-31T13:00:32.045614" elapsed="0.000019"/>
</kw>
<kw name="Click Element" owner="SeleniumLibrary">
<arg>${SEARCH_BUTTON}</arg>
<doc>Click the element identified by ``locator``.</doc>
<status status="NOT RUN" start="2025-01-31T13:00:32.045707" elapsed="0.000017"/>
</kw>
<status status="NOT RUN" start="2025-01-31T13:00:32.045496" elapsed="0.000253"/>
</branch>
<branch type="ELSE">
<kw name="Log" owner="BuiltIn">
<msg time="2025-01-31T13:00:32.045919" level="INFO">Botão de pesquisa não encontrado. Pressionando Enter.</msg>
<arg>Botão de pesquisa não encontrado. Pressionando Enter.</arg>
<doc>Logs the given message with the given level.</doc>
<status status="PASS" start="2025-01-31T13:00:32.045838" elapsed="0.000267"/>
</kw>
<kw name="Press Keys" owner="SeleniumLibrary">
<msg time="2025-01-31T13:00:32.046433" level="INFO">Sending key(s) ('RETURN',) to page.</msg>
<msg time="2025-01-31T13:00:32.046493" level="INFO">Pressing special key RETURN to browser.</msg>
<msg time="2025-01-31T13:00:32.046529" level="INFO">Releasing special key RETURN.</msg>
<arg>NONE</arg>
<arg>RETURN</arg>
<doc>Simulates the user pressing key(s) to an element or on the active browser.</doc>
<status status="PASS" start="2025-01-31T13:00:32.046188" elapsed="0.088383"/>
</kw>
<status status="PASS" start="2025-01-31T13:00:32.045774" elapsed="0.088911"/>
</branch>
<status status="PASS" start="2025-01-31T13:00:32.045482" elapsed="0.089255"/>
</if>
<status status="PASS" start="2025-01-31T13:00:32.044421" elapsed="0.090391"/>
</kw>
<status status="PASS" start="2025-01-31T13:00:31.758775" elapsed="0.376085"/>
</kw>
<kw name="Então o produto &quot;Notebook&quot; deve aparecer nos resultados da pesquisa" owner="Search" source_name="Então o produto &quot;${PRODUCT}&quot; deve aparecer nos resultados da pesquisa">
<kw name="Verificar se esta listando o produto &quot;${PRODUCT}&quot;" owner="Search" source_name="Verificar se esta listando o produto &quot;${PRODUCT}&quot;">
<kw name="Convert To Lower Case" owner="String">
<msg time="2025-01-31T13:00:32.135884" level="INFO">${NAME_PRODUCT} = notebook</msg>
<var>${NAME_PRODUCT}</var>
<arg>${PRODUCT}</arg>
<doc>Converts string to lower case.</doc>
<status status="PASS" start="2025-01-31T13:00:32.135723" elapsed="0.000189"/>
</kw>
<kw name="Wait Until Page Contains" owner="SeleniumLibrary">
<arg>${NAME_PRODUCT}</arg>
<arg>timeout=${TIMEOUT}</arg>
<doc>Waits until ``text`` appears on the current page.</doc>
<status status="PASS" start="2025-01-31T13:00:32.136032" elapsed="0.024431"/>
</kw>
<kw name="Wait Until Page Contains Element" owner="SeleniumLibrary">
<arg>//h1[@data-testid='main-title'][contains(.,'${NAME_PRODUCT}')]</arg>
<arg>timeout=${TIMEOUT}</arg>
<doc>Waits until the element ``locator`` appears on the current page.</doc>
<status status="PASS" start="2025-01-31T13:00:32.160742" elapsed="5.409508"/>
</kw>
<status status="PASS" start="2025-01-31T13:00:32.135472" elapsed="5.434946"/>
</kw>
<status status="PASS" start="2025-01-31T13:00:32.135173" elapsed="5.435288"/>
</kw>
<kw name="Fechar navegador" owner="resource" type="TEARDOWN">
<kw name="Close Browser" owner="SeleniumLibrary">
<doc>Closes the current browser.</doc>
<status status="PASS" start="2025-01-31T13:00:37.571058" elapsed="0.084457"/>
</kw>
<kw name="Log" owner="BuiltIn">
<msg time="2025-01-31T13:00:37.656031" level="INFO">Navegador fechado com sucesso.</msg>
<arg>Navegador fechado com sucesso.</arg>
<doc>Logs the given message with the given level.</doc>
<status status="PASS" start="2025-01-31T13:00:37.655830" elapsed="0.000276"/>
</kw>
<status status="PASS" start="2025-01-31T13:00:37.570841" elapsed="0.085374"/>
</kw>
<doc>Realizar a busca de um produto pelo nome.</doc>
<tag>sc04</tag>
<tag>Search</tag>
<tag>SearchProduct</tag>
<status status="PASS" start="2025-01-31T13:00:28.213774" elapsed="9.442604"/>
</test>
<test id="s1-t5" name="TC005 - Filtrar Produtos pela Marca" line="47">
<kw name="Abrir navegador" owner="resource" type="SETUP">
<kw name="Open Browser" owner="SeleniumLibrary">
<msg time="2025-01-31T13:00:37.658170" level="INFO">Opening browser 'chrome' to base url 'None'.</msg>
<arg>browser=${BROWSER}</arg>
<doc>Opens a new browser instance to the optional ``url``.</doc>
<status status="PASS" start="2025-01-31T13:00:37.658000" elapsed="0.509721"/>
</kw>
<kw name="Maximize Browser Window" owner="SeleniumLibrary">
<doc>Maximizes current browser window.</doc>
<status status="PASS" start="2025-01-31T13:00:38.167897" elapsed="0.033784"/>
</kw>
<kw name="Log" owner="BuiltIn">
<msg time="2025-01-31T13:00:38.202483" level="INFO">Navegador aberto com sucesso.</msg>
<arg>Navegador aberto com sucesso.</arg>
<doc>Logs the given message with the given level.</doc>
<status status="PASS" start="2025-01-31T13:00:38.202095" elapsed="0.000471"/>
</kw>
<status status="PASS" start="2025-01-31T13:00:37.657676" elapsed="0.545020"/>
</kw>
<kw name="Dado que o usuário está na página inicial da Magazine Luiza" owner="Home">
<kw name="Acessar página inicial do site Magazine Luiza" owner="Home">
<kw name="Go To" owner="SeleniumLibrary">
<msg time="2025-01-31T13:00:38.203770" level="INFO">Opening url 'https://www.magazineluiza.com.br'</msg>
<arg>${HOME_URL}</arg>
<doc>Navigates the current browser window to the provided ``url``.</doc>
<status status="PASS" start="2025-01-31T13:00:38.203625" elapsed="7.903068"/>
</kw>
<kw name="Log" owner="BuiltIn">
<msg time="2025-01-31T13:00:46.107136" level="INFO">Acessando a página inicial do site Magazine Luiza</msg>
<arg>Acessando a página inicial do site Magazine Luiza</arg>
<doc>Logs the given message with the given level.</doc>
<status status="PASS" start="2025-01-31T13:00:46.106957" elapsed="0.000249"/>
</kw>
<status status="PASS" start="2025-01-31T13:00:38.203415" elapsed="7.903911"/>
</kw>
<kw name="Verificar se o header da pagina é ${HOME_HEADER}" owner="Home" source_name="Verificar se o header da pagina é ${HOME_HEADER}">
<kw name="Wait Until Page Contains Element" owner="SeleniumLibrary">
<arg>//title[@data-testid='link-0'][contains(.,'${HOME_HEADER}')]</arg>
<doc>Waits until the element ``locator`` appears on the current page.</doc>
<status status="PASS" start="2025-01-31T13:00:46.108009" elapsed="0.012731"/>
</kw>
<kw name="Log" owner="BuiltIn">
<msg time="2025-01-31T13:00:46.121121" level="INFO">Header da página é Magazine Luiza | Pra você é Magalu!</msg>
<arg>Header da página é ${HOME_HEADER}</arg>
<doc>Logs the given message with the given level.</doc>
<status status="PASS" start="2025-01-31T13:00:46.120975" elapsed="0.000191"/>
</kw>
<status status="PASS" start="2025-01-31T13:00:46.107581" elapsed="0.013635"/>
</kw>
<status status="PASS" start="2025-01-31T13:00:38.203099" elapsed="7.918155"/>
</kw>
<kw name="Quando ele busca pelo produto &quot;TV&quot;" owner="Home" source_name="Quando ele busca pelo produto &quot;${SEARCH_NAME}&quot;">
<kw name="Digitar nome &quot;${SEARCH_NAME}&quot; no campo de busca" owner="Search" source_name="Digitar nome &quot;${SEARCH_NAME}&quot; no campo de ${WHERE}">
<if>
<branch type="IF" condition="$WHERE == 'busca'">
<kw name="Log" owner="BuiltIn">
<msg time="2025-01-31T13:00:46.122110" level="INFO">Digitar nome "TV" no campo de busca</msg>
<arg>Digitar nome "${SEARCH_NAME}" no campo de busca</arg>
<doc>Logs the given message with the given level.</doc>
<status status="PASS" start="2025-01-31T13:00:46.122017" elapsed="0.000127"/>
</kw>
<kw name="Input Text" owner="SeleniumLibrary">
<msg time="2025-01-31T13:00:46.122400" level="INFO">Typing text 'TV' into text field '//input[contains(@type,'search')]'.</msg>
<arg>locator=${SEARCH_TEXT}</arg>
<arg>text=${SEARCH_NAME}</arg>
<doc>Types the given ``text`` into the text field identified by ``locator``.</doc>
<status status="PASS" start="2025-01-31T13:00:46.122228" elapsed="0.189379"/>
</kw>
<status status="PASS" start="2025-01-31T13:00:46.121851" elapsed="0.189827"/>
</branch>
<branch type="ELSE IF" condition="$WHERE == 'filtro'">
<kw name="Log" owner="BuiltIn">
<arg>Digitar nome "${SEARCH_NAME}" no campo de filtro</arg>
<doc>Logs the given message with the given level.</doc>
<status status="NOT RUN" start="2025-01-31T13:00:46.311943" elapsed="0.000042"/>
</kw>
<kw name="Input Text" owner="SeleniumLibrary">
<arg>locator=${SEARCH_FILTER}</arg>
<arg>text=${SEARCH_NAME}</arg>
<doc>Types the given ``text`` into the text field identified by ``locator``.</doc>
<status status="NOT RUN" start="2025-01-31T13:00:46.312148" elapsed="0.000037"/>
</kw>
<status status="NOT RUN" start="2025-01-31T13:00:46.311719" elapsed="0.000522"/>
</branch>
<status status="PASS" start="2025-01-31T13:00:46.121834" elapsed="0.190476"/>
</if>
<status status="PASS" start="2025-01-31T13:00:46.121704" elapsed="0.190688"/>
</kw>
<kw name="Clicar no botao de busca" owner="Home" source_name="Clicar no botao de ${WHERE}">
<kw name="Run Keyword And Return Status" owner="BuiltIn">
<kw name="Element Should Be Visible" owner="SeleniumLibrary">
<msg time="2025-01-31T13:00:46.314054" level="FAIL">Variable '${SEARCH_BUTTON}' not found. Did you mean:
    ${SEARCH_BUTTON_TEXT}</msg>
<arg>${SEARCH_BUTTON}</arg>
<doc>Verifies that the element identified by ``locator`` is visible.</doc>
<status status="FAIL" start="2025-01-31T13:00:46.313322" elapsed="0.000759">Variable '${SEARCH_BUTTON}' not found. Did you mean:
    ${SEARCH_BUTTON_TEXT}</status>
</kw>
<msg time="2025-01-31T13:00:46.314146" level="INFO">${SEARCH_IS_VISIBLE} = False</msg>
<var>${SEARCH_IS_VISIBLE}</var>
<arg>Element Should Be Visible</arg>
<arg>${SEARCH_BUTTON}</arg>
<doc>Runs the given keyword with given arguments and returns the status as a Boolean value.</doc>
<status status="PASS" start="2025-01-31T13:00:46.313072" elapsed="0.001091"/>
</kw>
<if>
<branch type="IF" condition="${SEARCH_IS_VISIBLE}">
<kw name="Log" owner="BuiltIn">
<arg>Botão de pesquisa encontrado. Clicando no botão.</arg>
<doc>Logs the given message with the given level.</doc>
<status status="NOT RUN" start="2025-01-31T13:00:46.314329" elapsed="0.000019"/>
</kw>
<kw name="Click Element" owner="SeleniumLibrary">
<arg>${SEARCH_BUTTON}</arg>
<doc>Click the element identified by ``locator``.</doc>
<status status="NOT RUN" start="2025-01-31T13:00:46.314421" elapsed="0.000018"/>
</kw>
<status status="NOT RUN" start="2025-01-31T13:00:46.314219" elapsed="0.000244"/>
</branch>
<branch type="ELSE">
<kw name="Log" owner="BuiltIn">
<msg time="2025-01-31T13:00:46.314635" level="INFO">Botão de pesquisa não encontrado. Pressionando Enter.</msg>
<arg>Botão de pesquisa não encontrado. Pressionando Enter.</arg>
<doc>Logs the given message with the given level.</doc>
<status status="PASS" start="2025-01-31T13:00:46.314562" elapsed="0.000105"/>
</kw>
<kw name="Press Keys" owner="SeleniumLibrary">
<msg time="2025-01-31T13:00:46.314963" level="INFO">Sending key(s) ('RETURN',) to page.</msg>
<msg time="2025-01-31T13:00:46.315025" level="INFO">Pressing special key RETURN to browser.</msg>
<msg time="2025-01-31T13:00:46.315052" level="INFO">Releasing special key RETURN.</msg>
<arg>NONE</arg>
<arg>RETURN</arg>
<doc>Simulates the user pressing key(s) to an element or on the active browser.</doc>
<status status="PASS" start="2025-01-31T13:00:46.314743" elapsed="0.067556"/>
</kw>
<status status="PASS" start="2025-01-31T13:00:46.314499" elapsed="0.067920"/>
</branch>
<status status="PASS" start="2025-01-31T13:00:46.314205" elapsed="0.068278"/>
</if>
<status status="PASS" start="2025-01-31T13:00:46.312686" elapsed="0.069881"/>
</kw>
<status status="PASS" start="2025-01-31T13:00:46.121443" elapsed="0.261212"/>
</kw>
<kw name="E aplica o filtro pela marca" owner="Search">
<kw name="Verifica se o filtro de marcas está visível" owner="Search">
<kw name="Wait Until Page Contains Element" owner="SeleniumLibrary">
<arg>${SEARCH_MARCA}</arg>
<arg>timeout=${TIMEOUT}</arg>
<doc>Waits until the element ``locator`` appears on the current page.</doc>
<status status="PASS" start="2025-01-31T13:00:46.384076" elapsed="4.874471"/>
</kw>
<status status="PASS" start="2025-01-31T13:00:46.383891" elapsed="4.874750"/>
</kw>
<for flavor="IN">
<iter>
<kw name="Filtrar a marca ${LIST_PRODUCTS}" owner="Search" source_name="Filtrar a marca ${LIST_PRODUCTS}">
<kw name="Digitar nome &quot;${LIST_PRODUCTS}&quot; no campo de filtro" owner="Search" source_name="Digitar nome &quot;${SEARCH_NAME}&quot; no campo de ${WHERE}">
<if>
<branch type="IF" condition="$WHERE == 'busca'">
<kw name="Log" owner="BuiltIn">
<arg>Digitar nome "${SEARCH_NAME}" no campo de busca</arg>
<doc>Logs the given message with the given level.</doc>
<status status="NOT RUN" start="2025-01-31T13:00:51.259634" elapsed="0.000023"/>
</kw>
<kw name="Input Text" owner="SeleniumLibrary">
<arg>locator=${SEARCH_TEXT}</arg>
<arg>text=${SEARCH_NAME}</arg>
<doc>Types the given ``text`` into the text field identified by ``locator``.</doc>
<status status="NOT RUN" start="2025-01-31T13:00:51.259748" elapsed="0.000018"/>
</kw>
<status status="NOT RUN" start="2025-01-31T13:00:51.259456" elapsed="0.000337"/>
</branch>
<branch type="ELSE IF" condition="$WHERE == 'filtro'">
<kw name="Log" owner="BuiltIn">
<msg time="2025-01-31T13:00:51.260074" level="INFO">Digitar nome "Samsung" no campo de filtro</msg>
<arg>Digitar nome "${SEARCH_NAME}" no campo de filtro</arg>
<doc>Logs the given message with the given level.</doc>
<status status="PASS" start="2025-01-31T13:00:51.259940" elapsed="0.000173"/>
</kw>
<kw name="Input Text" owner="SeleniumLibrary">
<msg time="2025-01-31T13:00:51.260390" level="INFO">Typing text 'Samsung' into text field '//input[contains(@placeholder,'Busque por ')]'.</msg>
<arg>locator=${SEARCH_FILTER}</arg>
<arg>text=${SEARCH_NAME}</arg>
<doc>Types the given ``text`` into the text field identified by ``locator``.</doc>
<status status="PASS" start="2025-01-31T13:00:51.260194" elapsed="0.312730"/>
</kw>
<status status="PASS" start="2025-01-31T13:00:51.259819" elapsed="0.313304"/>
</branch>
<status status="PASS" start="2025-01-31T13:00:51.259429" elapsed="0.313771"/>
</if>
<status status="PASS" start="2025-01-31T13:00:51.259287" elapsed="0.314028"/>
</kw>
<kw name="Run Keyword And Return Status" owner="BuiltIn">
<kw name="Wait Until Element Is Visible" owner="SeleniumLibrary">
<arg>xpath=//li[@data-testid='filter-checkbox'][contains(.,'${LIST_PRODUCTS}')]</arg>
<arg>timeout=${TIMEOUT}</arg>
<doc>Waits until the element ``locator`` is visible.</doc>
<status status="PASS" start="2025-01-31T13:00:51.573822" elapsed="0.026176"/>
</kw>
<msg time="2025-01-31T13:00:51.600121" level="INFO">${LIST_PRODUCTS_IS_VISIBLE} = True</msg>
<var>${LIST_PRODUCTS_IS_VISIBLE}</var>
<arg>Wait Until Element Is Visible</arg>
<arg>xpath=//li[@data-testid='filter-checkbox'][contains(.,'${LIST_PRODUCTS}')]</arg>
<arg>timeout=${TIMEOUT}</arg>
<doc>Runs the given keyword with given arguments and returns the status as a Boolean value.</doc>
<status status="PASS" start="2025-01-31T13:00:51.573547" elapsed="0.026594"/>
</kw>
<if>
<branch type="IF" condition="${LIST_PRODUCTS_IS_VISIBLE}">
<kw name="Log" owner="BuiltIn">
<msg time="2025-01-31T13:00:51.600474" level="INFO">Filtro encontrado.</msg>
<arg>Filtro encontrado.</arg>
<doc>Logs the given message with the given level.</doc>
<status status="PASS" start="2025-01-31T13:00:51.600378" elapsed="0.000127"/>
</kw>
<kw name="Click Element" owner="SeleniumLibrary">
<msg time="2025-01-31T13:00:51.600724" level="INFO">Clicking element '(//li[@data-testid='filter-checkbox'][contains(.,'Samsung')])[1]'.</msg>
<arg>(//li[@data-testid='filter-checkbox'][contains(.,'${LIST_PRODUCTS}')])[1]</arg>
<doc>Click the element identified by ``locator``.</doc>
<status status="PASS" start="2025-01-31T13:00:51.600588" elapsed="0.155216"/>
</kw>
<kw name="Wait Until Page Contains Element" owner="SeleniumLibrary">
<arg>//div[@class='sc-fqkvVR hrwhWM'][contains(.,'${LIST_PRODUCTS}')]</arg>
<arg>timeout=${TIMEOUT}</arg>
<doc>Waits until the element ``locator`` appears on the current page.</doc>
<status status="PASS" start="2025-01-31T13:00:51.756233" elapsed="2.256495"/>
</kw>
<status status="PASS" start="2025-01-31T13:00:51.600213" elapsed="2.412588"/>
</branch>
<branch type="ELSE">
<kw name="Pass Execution" owner="BuiltIn">
<arg>Filtro não encontrado. Pulando para o proximo elemento.</arg>
<doc>Skips rest of the current test, setup, or teardown with PASS status.</doc>
<status status="NOT RUN" start="2025-01-31T13:00:54.012974" elapsed="0.000022"/>
</kw>
<status status="NOT RUN" start="2025-01-31T13:00:54.012841" elapsed="0.000183"/>
</branch>
<status status="PASS" start="2025-01-31T13:00:51.600195" elapsed="2.412852"/>
</if>
<status status="PASS" start="2025-01-31T13:00:51.259040" elapsed="2.754051"/>
</kw>
<kw name="Clear Element Text" owner="SeleniumLibrary">
<arg>${SEARCH_FILTER}</arg>
<doc>Clears the value of the text-input-element identified by ``locator``.</doc>
<status status="PASS" start="2025-01-31T13:00:54.013172" elapsed="0.203400"/>
</kw>
<kw name="Sleep" owner="BuiltIn">
<msg time="2025-01-31T13:00:57.217495" level="INFO">Slept 3 seconds.</msg>
<arg>${TIMEOUT_SLEEP}</arg>
<doc>Pauses the test executed for the given time.</doc>
<status status="PASS" start="2025-01-31T13:00:54.216802" elapsed="3.000927"/>
</kw>
<var name="${LIST_PRODUCTS}">Samsung</var>
<status status="PASS" start="2025-01-31T13:00:51.258853" elapsed="5.959004"/>
</iter>
<iter>
<kw name="Filtrar a marca ${LIST_PRODUCTS}" owner="Search" source_name="Filtrar a marca ${LIST_PRODUCTS}">
<kw name="Digitar nome &quot;${LIST_PRODUCTS}&quot; no campo de filtro" owner="Search" source_name="Digitar nome &quot;${SEARCH_NAME}&quot; no campo de ${WHERE}">
<if>
<branch type="IF" condition="$WHERE == 'busca'">
<kw name="Log" owner="BuiltIn">
<arg>Digitar nome "${SEARCH_NAME}" no campo de busca</arg>
<doc>Logs the given message with the given level.</doc>
<status status="NOT RUN" start="2025-01-31T13:00:57.219482" elapsed="0.000030"/>
</kw>
<kw name="Input Text" owner="SeleniumLibrary">
<arg>locator=${SEARCH_TEXT}</arg>
<arg>text=${SEARCH_NAME}</arg>
<doc>Types the given ``text`` into the text field identified by ``locator``.</doc>
<status status="NOT RUN" start="2025-01-31T13:00:57.219661" elapsed="0.000040"/>
</kw>
<status status="NOT RUN" start="2025-01-31T13:00:57.219254" elapsed="0.000502"/>
</branch>
<branch type="ELSE IF" condition="$WHERE == 'filtro'">
<kw name="Log" owner="BuiltIn">
<msg time="2025-01-31T13:00:57.220247" level="INFO">Digitar nome "LG" no campo de filtro</msg>
<arg>Digitar nome "${SEARCH_NAME}" no campo de filtro</arg>
<doc>Logs the given message with the given level.</doc>
<status status="PASS" start="2025-01-31T13:00:57.220051" elapsed="0.000284"/>
</kw>
<kw name="Input Text" owner="SeleniumLibrary">
<msg time="2025-01-31T13:00:57.220793" level="INFO">Typing text 'LG' into text field '//input[contains(@placeholder,'Busque por ')]'.</msg>
<arg>locator=${SEARCH_FILTER}</arg>
<arg>text=${SEARCH_NAME}</arg>
<doc>Types the given ``text`` into the text field identified by ``locator``.</doc>
<status status="PASS" start="2025-01-31T13:00:57.220499" elapsed="0.191687"/>
</kw>
<status status="PASS" start="2025-01-31T13:00:57.219808" elapsed="0.192519"/>
</branch>
<status status="PASS" start="2025-01-31T13:00:57.219233" elapsed="0.193166"/>
</if>
<status status="PASS" start="2025-01-31T13:00:57.219036" elapsed="0.193444"/>
</kw>
<kw name="Run Keyword And Return Status" owner="BuiltIn">
<kw name="Wait Until Element Is Visible" owner="SeleniumLibrary">
<msg time="2025-01-31T13:01:17.666337" level="INFO" html="true">&lt;/td&gt;&lt;/tr&gt;&lt;tr&gt;&lt;td colspan="3"&gt;&lt;a href="selenium-screenshot-1.png"&gt;&lt;img src="selenium-screenshot-1.png" width="800px"&gt;&lt;/a&gt;</msg>
<msg time="2025-01-31T13:01:17.666481" level="FAIL">Element 'xpath=//li[@data-testid='filter-checkbox'][contains(.,'LG')]' not visible after 20 seconds.</msg>
<arg>xpath=//li[@data-testid='filter-checkbox'][contains(.,'${LIST_PRODUCTS}')]</arg>
<arg>timeout=${TIMEOUT}</arg>
<doc>Waits until the element ``locator`` is visible.</doc>
<status status="FAIL" start="2025-01-31T13:00:57.412953" elapsed="20.254257">Element 'xpath=//li[@data-testid='filter-checkbox'][contains(.,'LG')]' not visible after 20 seconds.</status>
</kw>
<msg time="2025-01-31T13:01:17.667367" level="INFO">${LIST_PRODUCTS_IS_VISIBLE} = False</msg>
<var>${LIST_PRODUCTS_IS_VISIBLE}</var>
<arg>Wait Until Element Is Visible</arg>
<arg>xpath=//li[@data-testid='filter-checkbox'][contains(.,'${LIST_PRODUCTS}')]</arg>
<arg>timeout=${TIMEOUT}</arg>
<doc>Runs the given keyword with given arguments and returns the status as a Boolean value.</doc>
<status status="PASS" start="2025-01-31T13:00:57.412700" elapsed="20.254687"/>
</kw>
<if>
<branch type="IF" condition="${LIST_PRODUCTS_IS_VISIBLE}">
<kw name="Log" owner="BuiltIn">
<arg>Filtro encontrado.</arg>
<doc>Logs the given message with the given level.</doc>
<status status="NOT RUN" start="2025-01-31T13:01:17.667620" elapsed="0.000022"/>
</kw>
<kw name="Click Element" owner="SeleniumLibrary">
<arg>(//li[@data-testid='filter-checkbox'][contains(.,'${LIST_PRODUCTS}')])[1]</arg>
<doc>Click the element identified by ``locator``.</doc>
<status status="NOT RUN" start="2025-01-31T13:01:17.667732" elapsed="0.000018"/>
</kw>
<kw name="Wait Until Page Contains Element" owner="SeleniumLibrary">
<arg>//div[@class='sc-fqkvVR hrwhWM'][contains(.,'${LIST_PRODUCTS}')]</arg>
<arg>timeout=${TIMEOUT}</arg>
<doc>Waits until the element ``locator`` appears on the current page.</doc>
<status status="NOT RUN" start="2025-01-31T13:01:17.667822" elapsed="0.000016"/>
</kw>
<status status="NOT RUN" start="2025-01-31T13:01:17.667465" elapsed="0.000399"/>
</branch>
<branch type="ELSE">
<kw name="Pass Execution" owner="BuiltIn">
<msg time="2025-01-31T13:01:17.668060" level="INFO">Execution passed with message:
Filtro não encontrado. Pulando para o proximo elemento.</msg>
<arg>Filtro não encontrado. Pulando para o proximo elemento.</arg>
<doc>Skips rest of the current test, setup, or teardown with PASS status.</doc>
<status status="PASS" start="2025-01-31T13:01:17.667965" elapsed="0.000148">Filtro não encontrado. Pulando para o proximo elemento.</status>
</kw>
<status status="PASS" start="2025-01-31T13:01:17.667891" elapsed="0.000255">Filtro não encontrado. Pulando para o proximo elemento.</status>
</branch>
<status status="PASS" start="2025-01-31T13:01:17.667446" elapsed="0.000726">Filtro não encontrado. Pulando para o proximo elemento.</status>
</if>
<status status="PASS" start="2025-01-31T13:00:57.218667" elapsed="20.449555">Filtro não encontrado. Pulando para o proximo elemento.</status>
</kw>
<kw name="Clear Element Text" owner="SeleniumLibrary">
<arg>${SEARCH_FILTER}</arg>
<doc>Clears the value of the text-input-element identified by ``locator``.</doc>
<status status="NOT RUN" start="2025-01-31T13:01:17.668329" elapsed="0.000019"/>
</kw>
<kw name="Sleep" owner="BuiltIn">
<arg>${TIMEOUT_SLEEP}</arg>
<doc>Pauses the test executed for the given time.</doc>
<status status="NOT RUN" start="2025-01-31T13:01:17.668417" elapsed="0.000017"/>
</kw>
<var name="${LIST_PRODUCTS}">LG</var>
<status status="PASS" start="2025-01-31T13:00:57.218072" elapsed="20.450392">Filtro não encontrado. Pulando para o proximo elemento.</status>
</iter>
<var>${LIST_PRODUCTS}</var>
<value>@{LIST_PRODUCTS}</value>
<status status="PASS" start="2025-01-31T13:00:51.258701" elapsed="26.409805">Filtro não encontrado. Pulando para o proximo elemento.</status>
</for>
<arg>Samsung</arg>
<arg>LG</arg>
<arg>Philips</arg>
<status status="PASS" start="2025-01-31T13:00:46.383204" elapsed="31.285361">Filtro não encontrado. Pulando para o proximo elemento.</status>
</kw>
<kw name="Então devem ser exibidos somente produtos das marcas" owner="Search">
<arg>Samsung</arg>
<arg>LG</arg>
<arg>Philips</arg>
<status status="NOT RUN" start="2025-01-31T13:01:17.668759" elapsed="0.000024"/>
</kw>
<kw name="Fechar navegador" owner="resource" type="TEARDOWN">
<kw name="Close Browser" owner="SeleniumLibrary">
<doc>Closes the current browser.</doc>
<status status="PASS" start="2025-01-31T13:01:17.669258" elapsed="0.085780"/>
</kw>
<kw name="Log" owner="BuiltIn">
<msg time="2025-01-31T13:01:17.755415" level="INFO">Navegador fechado com sucesso.</msg>
<arg>Navegador fechado com sucesso.</arg>
<doc>Logs the given message with the given level.</doc>
<status status="PASS" start="2025-01-31T13:01:17.755267" elapsed="0.000201"/>
</kw>
<status status="PASS" start="2025-01-31T13:01:17.669034" elapsed="0.086500"/>
</kw>
<doc>Aplicar filtros de marca em uma busca por produtos.</doc>
<tag>Filter</tag>
<tag>FilterByBrand</tag>
<tag>sc05</tag>
<tag>Search</tag>
<status status="PASS" start="2025-01-31T13:00:37.656921" elapsed="40.098705">Filtro não encontrado. Pulando para o proximo elemento.</status>
</test>
<test id="s1-t6" name="TC006 - Ver Ofertas de uma Marca" line="55">
<kw name="Abrir navegador" owner="resource" type="SETUP">
<kw name="Open Browser" owner="SeleniumLibrary">
<msg time="2025-01-31T13:01:17.756913" level="INFO">Opening browser 'chrome' to base url 'None'.</msg>
<arg>browser=${BROWSER}</arg>
<doc>Opens a new browser instance to the optional ``url``.</doc>
<status status="PASS" start="2025-01-31T13:01:17.756688" elapsed="0.515971"/>
</kw>
<kw name="Maximize Browser Window" owner="SeleniumLibrary">
<doc>Maximizes current browser window.</doc>
<status status="PASS" start="2025-01-31T13:01:18.272852" elapsed="0.035078"/>
</kw>
<kw name="Log" owner="BuiltIn">
<msg time="2025-01-31T13:01:18.308585" level="INFO">Navegador aberto com sucesso.</msg>
<arg>Navegador aberto com sucesso.</arg>
<doc>Logs the given message with the given level.</doc>
<status status="PASS" start="2025-01-31T13:01:18.308294" elapsed="0.000373"/>
</kw>
<status status="PASS" start="2025-01-31T13:01:17.756338" elapsed="0.552469"/>
</kw>
<kw name="Dado que o usuário está na página inicial da Magazine Luiza" owner="Home">
<kw name="Acessar página inicial do site Magazine Luiza" owner="Home">
<kw name="Go To" owner="SeleniumLibrary">
<msg time="2025-01-31T13:01:18.311158" level="INFO">Opening url 'https://www.magazineluiza.com.br'</msg>
<arg>${HOME_URL}</arg>
<doc>Navigates the current browser window to the provided ``url``.</doc>
<status status="PASS" start="2025-01-31T13:01:18.311013" elapsed="2.772658"/>
</kw>
<kw name="Log" owner="BuiltIn">
<msg time="2025-01-31T13:01:21.084152" level="INFO">Acessando a página inicial do site Magazine Luiza</msg>
<arg>Acessando a página inicial do site Magazine Luiza</arg>
<doc>Logs the given message with the given level.</doc>
<status status="PASS" start="2025-01-31T13:01:21.083962" elapsed="0.000262"/>
</kw>
<status status="PASS" start="2025-01-31T13:01:18.310069" elapsed="2.774298"/>
</kw>
<kw name="Verificar se o header da pagina é ${HOME_HEADER}" owner="Home" source_name="Verificar se o header da pagina é ${HOME_HEADER}">
<kw name="Wait Until Page Contains Element" owner="SeleniumLibrary">
<arg>//title[@data-testid='link-0'][contains(.,'${HOME_HEADER}')]</arg>
<doc>Waits until the element ``locator`` appears on the current page.</doc>
<status status="PASS" start="2025-01-31T13:01:21.085195" elapsed="0.025323"/>
</kw>
<kw name="Log" owner="BuiltIn">
<msg time="2025-01-31T13:01:21.110909" level="INFO">Header da página é Magazine Luiza | Pra você é Magalu!</msg>
<arg>Header da página é ${HOME_HEADER}</arg>
<doc>Logs the given message with the given level.</doc>
<status status="PASS" start="2025-01-31T13:01:21.110772" elapsed="0.000175"/>
</kw>
<status status="PASS" start="2025-01-31T13:01:21.084677" elapsed="0.026324"/>
</kw>
<status status="PASS" start="2025-01-31T13:01:18.309259" elapsed="2.801784"/>
</kw>
<kw name="Quando ele acessa a página &quot;Ofertas do Dia&quot;" owner="Search" source_name="Quando ele acessa a página &quot;${PAGE}&quot;">
<kw name="Entrar na página &quot;${PAGE}&quot;" owner="Search" source_name="Entrar na página &quot;${PAGE}&quot;">
<kw name="Click Element" owner="SeleniumLibrary">
<msg time="2025-01-31T13:01:21.111783" level="INFO">Clicking element '//a[@data-testid='link'][contains(.,'Ofertas do Dia')]'.</msg>
<arg>//a[@data-testid='link'][contains(.,'${PAGE}')]</arg>
<doc>Click the element identified by ``locator``.</doc>
<status status="PASS" start="2025-01-31T13:01:21.111633" elapsed="5.923617"/>
</kw>
<kw name="Log" owner="BuiltIn">
<msg time="2025-01-31T13:01:27.035704" level="INFO">Ofertas do Dia</msg>
<arg>${PAGE}</arg>
<doc>Logs the given message with the given level.</doc>
<status status="PASS" start="2025-01-31T13:01:27.035488" elapsed="0.000269"/>
</kw>
<kw name="Get Location" owner="SeleniumLibrary">
<msg time="2025-01-31T13:01:27.048148" level="INFO">${CURRENT_URL} = https://www.magazineluiza.com.br/selecao/ofertasdodia/</msg>
<var>${CURRENT_URL}</var>
<doc>Returns the current browser window URL.</doc>
<status status="PASS" start="2025-01-31T13:01:27.035909" elapsed="0.012279"/>
</kw>
<kw name="Convert To Lower Case" owner="String">
<msg time="2025-01-31T13:01:27.048583" level="INFO">${LOWER_STRING} = ofertas do dia</msg>
<var>${LOWER_STRING}</var>
<arg>${PAGE}</arg>
<doc>Converts string to lower case.</doc>
<status status="PASS" start="2025-01-31T13:01:27.048389" elapsed="0.000226"/>
</kw>
<kw name="Removing Spaces" owner="formatString">
<msg time="2025-01-31T13:01:27.048981" level="INFO">Formatted string:  ofertasdodia</msg>
<msg time="2025-01-31T13:01:27.049061" level="INFO">${PAGE_UPDATED} = ofertasdodia</msg>
<var>${PAGE_UPDATED}</var>
<arg>${LOWER_STRING}</arg>
<doc>Função para remover espaços de Strings</doc>
<status status="PASS" start="2025-01-31T13:01:27.048755" elapsed="0.000333"/>
</kw>
<kw name="Should Contain" owner="BuiltIn">
<arg>${CURRENT_URL}</arg>
<arg>${PAGE_UPDATED}</arg>
<arg>A URL atual não contém a parte esperada: ${PAGE_UPDATED}.</arg>
<doc>Fails if ``container`` does not contain ``item`` one or more times.</doc>
<status status="PASS" start="2025-01-31T13:01:27.049226" elapsed="0.000249"/>
</kw>
<status status="PASS" start="2025-01-31T13:01:21.111452" elapsed="5.938104"/>
</kw>
<status status="PASS" start="2025-01-31T13:01:21.111213" elapsed="5.938387"/>
</kw>
<kw name="E aplica o filtro pela marca" owner="Search">
<kw name="Verifica se o filtro de marcas está visível" owner="Search">
<kw name="Wait Until Page Contains Element" owner="SeleniumLibrary">
<arg>${SEARCH_MARCA}</arg>
<arg>timeout=${TIMEOUT}</arg>
<doc>Waits until the element ``locator`` appears on the current page.</doc>
[...]
<arg>Navegador fechado com sucesso.</arg>
<doc>Logs the given message with the given level.</doc>
<status status="PASS" start="2025-01-31T13:03:44.974481" elapsed="0.000152"/>
</kw>
<status status="PASS" start="2025-01-31T13:03:44.872142" elapsed="0.102548"/>
</kw>
<doc>Remover todos os produtos do carrinho.</doc>
<tag>Cart</tag>
<tag>EmptyCart</tag>
<tag>sc09</tag>
<status status="PASS" start="2025-01-31T13:02:52.975756" elapsed="51.999022"/>
</test>
<test id="s1-t10" name="TC010 - Alterar Quantidade de Itens no Carrinho" line="88">
<kw name="Abrir navegador" owner="resource" type="SETUP">
<kw name="Open Browser" owner="SeleniumLibrary">
<msg time="2025-01-31T13:03:44.975675" level="INFO">Opening browser 'chrome' to base url 'None'.</msg>
<arg>browser=${BROWSER}</arg>
<doc>Opens a new browser instance to the optional ``url``.</doc>
<status status="PASS" start="2025-01-31T13:03:44.975531" elapsed="0.499685"/>
</kw>
<kw name="Maximize Browser Window" owner="SeleniumLibrary">
<doc>Maximizes current browser window.</doc>
<status status="PASS" start="2025-01-31T13:03:45.475516" elapsed="0.034035"/>
</kw>
<kw name="Log" owner="BuiltIn">
<msg time="2025-01-31T13:03:45.509939" level="INFO">Navegador aberto com sucesso.</msg>
<arg>Navegador aberto com sucesso.</arg>
<doc>Logs the given message with the given level.</doc>
<status status="PASS" start="2025-01-31T13:03:45.509812" elapsed="0.000161"/>
</kw>
<status status="PASS" start="2025-01-31T13:03:44.975342" elapsed="0.534687"/>
</kw>
<kw name="Dado que o usuário está na página inicial da Magazine Luiza" owner="Home">
<kw name="Acessar página inicial do site Magazine Luiza" owner="Home">
<kw name="Go To" owner="SeleniumLibrary">
<msg time="2025-01-31T13:03:45.510706" level="INFO">Opening url 'https://www.magazineluiza.com.br'</msg>
<arg>${HOME_URL}</arg>
<doc>Navigates the current browser window to the provided ``url``.</doc>
<status status="PASS" start="2025-01-31T13:03:45.510606" elapsed="78.295895"/>
</kw>
<kw name="Log" owner="BuiltIn">
<msg time="2025-01-31T13:05:03.806975" level="INFO">Acessando a página inicial do site Magazine Luiza</msg>
<arg>Acessando a página inicial do site Magazine Luiza</arg>
<doc>Logs the given message with the given level.</doc>
<status status="PASS" start="2025-01-31T13:05:03.806790" elapsed="0.000254"/>
</kw>
<status status="PASS" start="2025-01-31T13:03:45.510458" elapsed="78.296691"/>
</kw>
<kw name="Verificar se o header da pagina é ${HOME_HEADER}" owner="Home" source_name="Verificar se o header da pagina é ${HOME_HEADER}">
<kw name="Wait Until Page Contains Element" owner="SeleniumLibrary">
<arg>//title[@data-testid='link-0'][contains(.,'${HOME_HEADER}')]</arg>
<doc>Waits until the element ``locator`` appears on the current page.</doc>
<status status="PASS" start="2025-01-31T13:05:03.807681" elapsed="0.016433"/>
</kw>
<kw name="Log" owner="BuiltIn">
<msg time="2025-01-31T13:05:03.824672" level="INFO">Header da página é Magazine Luiza | Pra você é Magalu!</msg>
<arg>Header da página é ${HOME_HEADER}</arg>
<doc>Logs the given message with the given level.</doc>
<status status="PASS" start="2025-01-31T13:05:03.824424" elapsed="0.000323"/>
</kw>
<status status="PASS" start="2025-01-31T13:05:03.807424" elapsed="0.017432"/>
</kw>
<status status="PASS" start="2025-01-31T13:03:45.510219" elapsed="78.314721"/>
</kw>
<kw name="Quando ele busca pelo produto &quot;Notebook&quot;" owner="Home" source_name="Quando ele busca pelo produto &quot;${SEARCH_NAME}&quot;">
<kw name="Digitar nome &quot;${SEARCH_NAME}&quot; no campo de busca" owner="Search" source_name="Digitar nome &quot;${SEARCH_NAME}&quot; no campo de ${WHERE}">
<if>
<branch type="IF" condition="$WHERE == 'busca'">
<kw name="Log" owner="BuiltIn">
<msg time="2025-01-31T13:05:03.826096" level="INFO">Digitar nome "Notebook" no campo de busca</msg>
<arg>Digitar nome "${SEARCH_NAME}" no campo de busca</arg>
<doc>Logs the given message with the given level.</doc>
<status status="PASS" start="2025-01-31T13:05:03.825994" elapsed="0.000144"/>
</kw>
<kw name="Input Text" owner="SeleniumLibrary">
<msg time="2025-01-31T13:05:03.826405" level="INFO">Typing text 'Notebook' into text field '//input[contains(@type,'search')]'.</msg>
<arg>locator=${SEARCH_TEXT}</arg>
<arg>text=${SEARCH_NAME}</arg>
<doc>Types the given ``text`` into the text field identified by ``locator``.</doc>
<status status="PASS" start="2025-01-31T13:05:03.826226" elapsed="0.251974"/>
</kw>
<status status="PASS" start="2025-01-31T13:05:03.825818" elapsed="0.252585"/>
</branch>
<branch type="ELSE IF" condition="$WHERE == 'filtro'">
<kw name="Log" owner="BuiltIn">
<arg>Digitar nome "${SEARCH_NAME}" no campo de filtro</arg>
<doc>Logs the given message with the given level.</doc>
<status status="NOT RUN" start="2025-01-31T13:05:04.078693" elapsed="0.000030"/>
</kw>
<kw name="Input Text" owner="SeleniumLibrary">
<arg>locator=${SEARCH_FILTER}</arg>
<arg>text=${SEARCH_NAME}</arg>
<doc>Types the given ``text`` into the text field identified by ``locator``.</doc>
<status status="NOT RUN" start="2025-01-31T13:05:04.078826" elapsed="0.000021"/>
</kw>
<status status="NOT RUN" start="2025-01-31T13:05:04.078485" elapsed="0.000397"/>
</branch>
<status status="PASS" start="2025-01-31T13:05:03.825800" elapsed="0.253112"/>
</if>
<status status="PASS" start="2025-01-31T13:05:03.825654" elapsed="0.253328"/>
</kw>
<kw name="Clicar no botao de busca" owner="Home" source_name="Clicar no botao de ${WHERE}">
<kw name="Run Keyword And Return Status" owner="BuiltIn">
<kw name="Element Should Be Visible" owner="SeleniumLibrary">
<msg time="2025-01-31T13:05:04.080818" level="FAIL">Variable '${SEARCH_BUTTON}' not found. Did you mean:
    ${SEARCH_BUTTON_TEXT}</msg>
<arg>${SEARCH_BUTTON}</arg>
<doc>Verifies that the element identified by ``locator`` is visible.</doc>
<status status="FAIL" start="2025-01-31T13:05:04.080037" elapsed="0.000866">Variable '${SEARCH_BUTTON}' not found. Did you mean:
    ${SEARCH_BUTTON_TEXT}</status>
</kw>
<msg time="2025-01-31T13:05:04.080999" level="INFO">${SEARCH_IS_VISIBLE} = False</msg>
<var>${SEARCH_IS_VISIBLE}</var>
<arg>Element Should Be Visible</arg>
<arg>${SEARCH_BUTTON}</arg>
<doc>Runs the given keyword with given arguments and returns the status as a Boolean value.</doc>
<status status="PASS" start="2025-01-31T13:05:04.079774" elapsed="0.001243"/>
</kw>
<if>
<branch type="IF" condition="${SEARCH_IS_VISIBLE}">
<kw name="Log" owner="BuiltIn">
<arg>Botão de pesquisa encontrado. Clicando no botão.</arg>
<doc>Logs the given message with the given level.</doc>
<status status="NOT RUN" start="2025-01-31T13:05:04.081225" elapsed="0.000020"/>
</kw>
<kw name="Click Element" owner="SeleniumLibrary">
<arg>${SEARCH_BUTTON}</arg>
<doc>Click the element identified by ``locator``.</doc>
<status status="NOT RUN" start="2025-01-31T13:05:04.081339" elapsed="0.000018"/>
</kw>
<status status="NOT RUN" start="2025-01-31T13:05:04.081087" elapsed="0.000296"/>
</branch>
<branch type="ELSE">
<kw name="Log" owner="BuiltIn">
<msg time="2025-01-31T13:05:04.081783" level="INFO">Botão de pesquisa não encontrado. Pressionando Enter.</msg>
<arg>Botão de pesquisa não encontrado. Pressionando Enter.</arg>
<doc>Logs the given message with the given level.</doc>
<status status="PASS" start="2025-01-31T13:05:04.081475" elapsed="0.000345"/>
</kw>
<kw name="Press Keys" owner="SeleniumLibrary">
<msg time="2025-01-31T13:05:04.082141" level="INFO">Sending key(s) ('RETURN',) to page.</msg>
<msg time="2025-01-31T13:05:04.082196" level="INFO">Pressing special key RETURN to browser.</msg>
<msg time="2025-01-31T13:05:04.082222" level="INFO">Releasing special key RETURN.</msg>
<arg>NONE</arg>
<arg>RETURN</arg>
<doc>Simulates the user pressing key(s) to an element or on the active browser.</doc>
<status status="PASS" start="2025-01-31T13:05:04.081912" elapsed="0.071417"/>
</kw>
<status status="PASS" start="2025-01-31T13:05:04.081410" elapsed="0.071997"/>
</branch>
<status status="PASS" start="2025-01-31T13:05:04.081069" elapsed="0.072373"/>
</if>
<status status="PASS" start="2025-01-31T13:05:04.079327" elapsed="0.074168"/>
</kw>
<status status="PASS" start="2025-01-31T13:05:03.825247" elapsed="0.328303"/>
</kw>
<kw name="E adiciona ao carrinho o produto &quot;Notebook&quot;" owner="Cart" source_name="E adiciona ao carrinho o produto &quot;${NAME_PRODUCT}&quot;">
<kw name="Visualizar o produto ${NAME_PRODUCT}" owner="Cart" source_name="Visualizar o produto ${NAME_PRODUCT}">
<kw name="Verificar se esta listando o produto &quot;${NAME_PRODUCT}&quot;" owner="Search" source_name="Verificar se esta listando o produto &quot;${PRODUCT}&quot;">
<kw name="Convert To Lower Case" owner="String">
<msg time="2025-01-31T13:05:04.154661" level="INFO">${NAME_PRODUCT} = notebook</msg>
<var>${NAME_PRODUCT}</var>
<arg>${PRODUCT}</arg>
<doc>Converts string to lower case.</doc>
<status status="PASS" start="2025-01-31T13:05:04.154541" elapsed="0.000147"/>
</kw>
<kw name="Wait Until Page Contains" owner="SeleniumLibrary">
<arg>${NAME_PRODUCT}</arg>
<arg>timeout=${TIMEOUT}</arg>
<doc>Waits until ``text`` appears on the current page.</doc>
<status status="PASS" start="2025-01-31T13:05:04.154806" elapsed="0.014478"/>
</kw>
<kw name="Wait Until Page Contains Element" owner="SeleniumLibrary">
<arg>//h1[@data-testid='main-title'][contains(.,'${NAME_PRODUCT}')]</arg>
<arg>timeout=${TIMEOUT}</arg>
<doc>Waits until the element ``locator`` appears on the current page.</doc>
<status status="PASS" start="2025-01-31T13:05:04.169480" elapsed="5.328044"/>
</kw>
<status status="PASS" start="2025-01-31T13:05:04.154363" elapsed="5.343322"/>
</kw>
<kw name="Click Element" owner="SeleniumLibrary">
<msg time="2025-01-31T13:05:09.498217" level="INFO">Clicking element '//h2[@data-testid='product-title'][contains(.,'Notebook')]'.</msg>
<arg>//h2[@data-testid='product-title'][contains(.,'${NAME_PRODUCT}')]</arg>
<doc>Click the element identified by ``locator``.</doc>
<status status="PASS" start="2025-01-31T13:05:09.497906" elapsed="0.276046"/>
</kw>
<kw name="Wait Until Page Contains Element" owner="SeleniumLibrary">
<arg>//h1[@data-testid='heading-product-title'][contains(.,'${NAME_PRODUCT}')]</arg>
<arg>timeout=${TIMEOUT}</arg>
<doc>Waits until the element ``locator`` appears on the current page.</doc>
<status status="PASS" start="2025-01-31T13:05:09.774137" elapsed="1.793465"/>
</kw>
<status status="PASS" start="2025-01-31T13:05:04.154143" elapsed="7.413565"/>
</kw>
<kw name="Adicionar ao carrinho o produto ${NAME_PRODUCT}" owner="Cart" source_name="Adicionar ao carrinho o produto ${NAME_PRODUCT}">
<kw name="Wait Until Page Contains Element" owner="SeleniumLibrary">
<arg>//h1[@data-testid='heading-product-title'][contains(.,'${NAME_PRODUCT}')]</arg>
<arg>timeout=${TIMEOUT}</arg>
<doc>Waits until the element ``locator`` appears on the current page.</doc>
<status status="PASS" start="2025-01-31T13:05:11.568177" elapsed="0.018208"/>
</kw>
<kw name="Wait Until Page Contains" owner="SeleniumLibrary">
<arg>${NAME_PRODUCT}</arg>
<arg>timeout=${TIMEOUT}</arg>
<doc>Waits until ``text`` appears on the current page.</doc>
<status status="PASS" start="2025-01-31T13:05:11.586600" elapsed="0.086387"/>
</kw>
<kw name="Scroll Element Into View" owner="SeleniumLibrary">
<arg>${CART_BUTTON_ADD}</arg>
<doc>Scrolls the element identified by ``locator`` into view.</doc>
<status status="PASS" start="2025-01-31T13:05:11.673206" elapsed="0.286013"/>
</kw>
<kw name="Click Element" owner="SeleniumLibrary">
<msg time="2025-01-31T13:05:11.959601" level="INFO">Clicking element '(//button[@color='secondary'][contains(.,'Adicionar à Sacola')])[1]'.</msg>
<arg>${CART_BUTTON_ADD}</arg>
<doc>Click the element identified by ``locator``.</doc>
<status status="PASS" start="2025-01-31T13:05:11.959424" elapsed="0.169093"/>
</kw>
<kw name="Sleep" owner="BuiltIn">
<msg time="2025-01-31T13:05:15.129072" level="INFO">Slept 3 seconds.</msg>
<arg>${TIMEOUT_SLEEP}</arg>
<doc>Pauses the test executed for the given time.</doc>
<status status="PASS" start="2025-01-31T13:05:12.128699" elapsed="3.000544"/>
</kw>
<kw name="Run Keyword And Return Status" owner="BuiltIn">
<kw name="Element Should Be Visible" owner="SeleniumLibrary">
<msg time="2025-01-31T13:05:15.157270" level="INFO">Element '//strong[contains(.,'"Incluir proteção"')]' is displayed.</msg>
<arg>${CART_NOT_PROTECTION}</arg>
<arg>timeout=${TIMEOUT}</arg>
<doc>Verifies that the element identified by ``locator`` is visible.</doc>
<status status="PASS" start="2025-01-31T13:05:15.129691" elapsed="0.027676"/>
</kw>
<msg time="2025-01-31T13:05:15.157473" level="INFO">${CART_PROTECTION_IS_VISIBLE} = True</msg>
<var>${CART_PROTECTION_IS_VISIBLE}</var>
<arg>Element Should Be Visible</arg>
<arg>${CART_NOT_PROTECTION}</arg>
<arg>timeout=${TIMEOUT}</arg>
<doc>Runs the given keyword with given arguments and returns the status as a Boolean value.</doc>
<status status="PASS" start="2025-01-31T13:05:15.129487" elapsed="0.028004"/>
</kw>
<if>
<branch type="IF" condition="${CART_PROTECTION_IS_VISIBLE}">
<kw name="Log" owner="BuiltIn">
<msg time="2025-01-31T13:05:15.157811" level="INFO">Proteção de compra encontrada. Clicando em "Agora não".</msg>
<arg>Proteção de compra encontrada. Clicando em "Agora não".</arg>
<doc>Logs the given message with the given level.</doc>
<status status="PASS" start="2025-01-31T13:05:15.157719" elapsed="0.000123"/>
</kw>
<kw name="Wait Until Page Contains Element" owner="SeleniumLibrary">
<arg>${CART_NOT_PROTECTION}</arg>
<arg>timeout=${TIMEOUT}</arg>
<doc>Waits until the element ``locator`` appears on the current page.</doc>
<status status="PASS" start="2025-01-31T13:05:15.157927" elapsed="0.009020"/>
</kw>
<kw name="Click Element" owner="SeleniumLibrary">
<msg time="2025-01-31T13:05:15.167319" level="INFO">Clicking element '//button[@color='secondary'][contains(.,'Agora não')]'.</msg>
<arg>${CART_BUTTON_NOT_PROTECTION}</arg>
<doc>Click the element identified by ``locator``.</doc>
<status status="PASS" start="2025-01-31T13:05:15.167125" elapsed="22.811676"/>
</kw>
<status status="PASS" start="2025-01-31T13:05:15.157564" elapsed="22.821319"/>
</branch>
<branch type="ELSE">
<kw name="Log" owner="BuiltIn">
<arg>Proteção de compra não encontrada. Indo para a pagina de carrinho.</arg>
<doc>Logs the given message with the given level.</doc>
<status status="NOT RUN" start="2025-01-31T13:05:37.979064" elapsed="0.000024"/>
</kw>
<status status="NOT RUN" start="2025-01-31T13:05:37.978923" elapsed="0.000195"/>
</branch>
<status status="PASS" start="2025-01-31T13:05:15.157545" elapsed="22.821596"/>
</if>
<kw name="Wait Until Page Contains Element" owner="SeleniumLibrary">
<arg>//p[contains(.,'${NAME_PRODUCT}')]</arg>
<arg>timeout=${TIMEOUT}</arg>
<doc>Waits until the element ``locator`` appears on the current page.</doc>
<status status="PASS" start="2025-01-31T13:05:37.979229" elapsed="0.018425"/>
</kw>
<status status="PASS" start="2025-01-31T13:05:11.567936" elapsed="26.429829"/>
</kw>
<status status="PASS" start="2025-01-31T13:05:04.153848" elapsed="33.843962"/>
</kw>
<kw name="E altera a quantidade de itens para" owner="Cart">
<kw name="Page Should Contain Element" owner="SeleniumLibrary">
<msg time="2025-01-31T13:05:38.009232" level="INFO">Current page contains element '//select[contains(@class,'BasketItemProduct-quantity-dropdown')]'.</msg>
<arg>${CART_QUANTITY_ITEM_PRODUCT}</arg>
<doc>Verifies that element ``locator`` is found on the current page.</doc>
<status status="PASS" start="2025-01-31T13:05:37.998234" elapsed="0.011155"/>
</kw>
<kw name="Select From List By Value" owner="SeleniumLibrary">
<msg time="2025-01-31T13:05:38.009754" level="INFO">Selecting options from selection list '//select[contains(@class,'BasketItemProduct-quantity-dropdown')]' by value 2.</msg>
<arg>${CART_QUANTITY_ITEM_PRODUCT}</arg>
<arg>${QUANTITY}</arg>
<doc>Selects options from selection list ``locator`` by ``values``.</doc>
<status status="PASS" start="2025-01-31T13:05:38.009565" elapsed="0.099172"/>
</kw>
<kw name="Sleep" owner="BuiltIn">
<msg time="2025-01-31T13:05:41.109307" level="INFO">Slept 3 seconds.</msg>
<arg>${TIMEOUT_SLEEP}</arg>
<doc>Pauses the test executed for the given time.</doc>
<status status="PASS" start="2025-01-31T13:05:38.108929" elapsed="3.000567"/>
</kw>
<arg>2</arg>
<status status="PASS" start="2025-01-31T13:05:37.998014" elapsed="3.111604"/>
</kw>
<kw name="Então a quantidade do produto no carrinho deve ser" owner="Cart">
<kw name="Get Selected List Value" owner="SeleniumLibrary">
<msg time="2025-01-31T13:05:41.174406" level="INFO">${REAL_QUANTITY} = 2</msg>
<var>${REAL_QUANTITY}</var>
<arg>${CART_QUANTITY_ITEM_PRODUCT}</arg>
<doc>Returns the value of selected option from selection list ``locator``.</doc>
<status status="PASS" start="2025-01-31T13:05:41.110199" elapsed="0.064240"/>
</kw>
<kw name="Should Be Equal As Numbers" owner="BuiltIn">
<arg>${REAL_QUANTITY}</arg>
<arg>${QUANTITY}</arg>
<doc>Fails if objects are unequal after converting them to real numbers.</doc>
<status status="PASS" start="2025-01-31T13:05:41.174590" elapsed="0.000180"/>
</kw>
<arg>2</arg>
<status status="PASS" start="2025-01-31T13:05:41.109896" elapsed="0.064930"/>
</kw>
<kw name="Fechar navegador" owner="resource" type="TEARDOWN">
<kw name="Close Browser" owner="SeleniumLibrary">
<doc>Closes the current browser.</doc>
<status status="PASS" start="2025-01-31T13:05:41.175269" elapsed="0.116671"/>
</kw>
<kw name="Log" owner="BuiltIn">
<msg time="2025-01-31T13:05:41.292344" level="INFO">Navegador fechado com sucesso.</msg>
<arg>Navegador fechado com sucesso.</arg>
<doc>Logs the given message with the given level.</doc>
<status status="PASS" start="2025-01-31T13:05:41.292187" elapsed="0.000195"/>
</kw>
<status status="PASS" start="2025-01-31T13:05:41.175092" elapsed="0.117353"/>
</kw>
<doc>Alterar o número de unidades de um produto no carrinho.</doc>
<tag>Cart</tag>
<tag>ChangeQuantityInCart</tag>
<tag>Quantity</tag>
<tag>sc10</tag>
<status status="PASS" start="2025-01-31T13:03:44.974988" elapsed="116.317541"/>
</test>
<doc>Este arquivo contém os testes para validar os passos principais de navegação, busca, filtragem,
manipulação do carrinho, login e tratamento de erros no site Magazine Luiza.
Ele cobre cenários críticos para garantir uma experiência fluida de compra para o usuário.
   Autor: Lais Coutinho</doc>
<status status="PASS" start="2025-01-31T12:59:21.584146" elapsed="379.708768"/>
</suite>
<statistics>
<total>
<stat pass="10" fail="0" skip="0">All Tests</stat>
</total>
<tag>
<stat pass="1" fail="0" skip="0">AddMultipleProductsToCart</stat>
<stat pass="1" fail="0" skip="0">AddProductToCart</stat>
<stat pass="5" fail="0" skip="0">Cart</stat>
<stat pass="1" fail="0" skip="0">ChangeQuantityInCart</stat>
<stat pass="2" fail="0" skip="0">Delivery</stat>
<stat pass="1" fail="0" skip="0">EmptyCart</stat>
<stat pass="1" fail="0" skip="0">Filter</stat>
<stat pass="1" fail="0" skip="0">FilterByBrand</stat>
<stat pass="1" fail="0" skip="0">InvalidCEP</stat>
<stat pass="1" fail="0" skip="0">Login</stat>
<stat pass="1" fail="0" skip="0">LoginWithValidCredentials</stat>
<stat pass="1" fail="0" skip="0">Quantity</stat>
<stat pass="1" fail="0" skip="0">sc01</stat>
<stat pass="1" fail="0" skip="0">sc02</stat>
<stat pass="1" fail="0" skip="0">sc03</stat>
<stat pass="1" fail="0" skip="0">sc04</stat>
<stat pass="1" fail="0" skip="0">sc05</stat>
<stat pass="1" fail="0" skip="0">sc06</stat>
<stat pass="1" fail="0" skip="0">sc07</stat>
<stat pass="1" fail="0" skip="0">sc08</stat>
<stat pass="1" fail="0" skip="0">sc09</stat>
<stat pass="1" fail="0" skip="0">sc10</stat>
<stat pass="3" fail="0" skip="0">Search</stat>
<stat pass="1" fail="0" skip="0">SearchProduct</stat>
<stat pass="1" fail="0" skip="0">StorePickup</stat>
<stat pass="1" fail="0" skip="0">ViewBrandOffers</stat>
</tag>
<suite>
<stat pass="10" fail="0" skip="0" id="s1" name="Tests">Tests</stat>
</suite>
</statistics>
<errors>
</errors>
</robot>
